<?xml version="1.0" encoding="UTF-8"?>
<coverage generated="1751716494956" clover="3.2.0">
  <project timestamp="1751716494956" name="All files">
    <metrics statements="1015" coveredstatements="821" conditionals="850" coveredconditionals="558" methods="202" coveredmethods="173" elements="2067" coveredelements="1552" complexity="0" loc="1015" ncloc="1015" packages="6" files="14" classes="14"/>
    <package name="cds-caching">
      <metrics statements="5" coveredstatements="5" conditionals="0" coveredconditionals="0" methods="0" coveredmethods="0"/>
      <file name="cds-plugin.js" path="/Users/mikezaschka/workspace/cds-caching/cds-plugin.js">
        <metrics statements="5" coveredstatements="5" conditionals="0" coveredconditionals="0" methods="0" coveredmethods="0"/>
        <line num="1" count="10" type="stmt"/>
        <line num="2" count="10" type="stmt"/>
        <line num="3" count="10" type="stmt"/>
        <line num="5" count="10" type="stmt"/>
        <line num="7" count="10" type="stmt"/>
      </file>
    </package>
    <package name="cds-caching.lib">
      <metrics statements="198" coveredstatements="191" conditionals="99" coveredconditionals="80" methods="58" coveredmethods="56"/>
      <file name="CachingService.js" path="/Users/mikezaschka/workspace/cds-caching/lib/CachingService.js">
        <metrics statements="112" coveredstatements="108" conditionals="25" coveredconditionals="21" methods="44" coveredmethods="42"/>
        <line num="1" count="10" type="stmt"/>
        <line num="2" count="10" type="stmt"/>
        <line num="3" count="10" type="stmt"/>
        <line num="4" count="10" type="stmt"/>
        <line num="5" count="10" type="stmt"/>
        <line num="6" count="10" type="stmt"/>
        <line num="7" count="10" type="stmt"/>
        <line num="8" count="10" type="stmt"/>
        <line num="9" count="10" type="stmt"/>
        <line num="14" count="161" type="stmt"/>
        <line num="15" count="161" type="stmt"/>
        <line num="16" count="161" type="cond" truecount="1" falsecount="1"/>
        <line num="23" count="161" type="stmt"/>
        <line num="24" count="161" type="stmt"/>
        <line num="25" count="161" type="stmt"/>
        <line num="26" count="161" type="stmt"/>
        <line num="29" count="161" type="stmt"/>
        <line num="30" count="161" type="stmt"/>
        <line num="31" count="161" type="cond" truecount="2" falsecount="0"/>
        <line num="34" count="161" type="stmt"/>
        <line num="39" count="161" type="stmt"/>
        <line num="40" count="340" type="stmt"/>
        <line num="41" count="340" type="cond" truecount="1" falsecount="1"/>
        <line num="42" count="340" type="stmt"/>
        <line num="44" count="340" type="cond" truecount="2" falsecount="0"/>
        <line num="47" count="161" type="stmt"/>
        <line num="48" count="280" type="stmt"/>
        <line num="49" count="280" type="stmt"/>
        <line num="50" count="280" type="cond" truecount="2" falsecount="0"/>
        <line num="51" count="249" type="stmt"/>
        <line num="52" count="249" type="stmt"/>
        <line num="54" count="0" type="stmt"/>
        <line num="57" count="31" type="stmt"/>
        <line num="60" count="161" type="stmt"/>
        <line num="61" count="12" type="stmt"/>
        <line num="62" count="12" type="stmt"/>
        <line num="65" count="161" type="stmt"/>
        <line num="66" count="326" type="stmt"/>
        <line num="67" count="326" type="stmt"/>
        <line num="70" count="326" type="cond" truecount="1" falsecount="1"/>
        <line num="71" count="326" type="stmt"/>
        <line num="73" count="326" type="stmt"/>
        <line num="74" count="326" type="stmt"/>
        <line num="75" count="239" type="stmt"/>
        <line num="77" count="87" type="stmt"/>
        <line num="83" count="161" type="stmt"/>
        <line num="84" count="161" type="stmt"/>
        <line num="85" count="161" type="stmt"/>
        <line num="86" count="161" type="stmt"/>
        <line num="88" count="161" type="stmt"/>
        <line num="91" count="161" type="stmt"/>
        <line num="94" count="161" type="stmt"/>
        <line num="95" count="161" type="stmt"/>
        <line num="98" count="161" type="stmt"/>
        <line num="105" count="161" type="stmt"/>
        <line num="113" count="161" type="stmt"/>
        <line num="122" count="161" type="stmt"/>
        <line num="129" count="31" type="stmt"/>
        <line num="131" count="77" type="stmt"/>
        <line num="132" count="215" type="stmt"/>
        <line num="133" count="328" type="stmt"/>
        <line num="134" count="11" type="stmt"/>
        <line num="135" count="326" type="stmt"/>
        <line num="136" count="2" type="stmt"/>
        <line num="137" count="6" type="stmt"/>
        <line num="138" count="3" type="stmt"/>
        <line num="139" count="8" type="stmt"/>
        <line num="146" count="309" type="stmt"/>
        <line num="147" count="101" type="stmt"/>
        <line num="148" count="108" type="stmt"/>
        <line num="149" count="47" type="stmt"/>
        <line num="150" count="53" type="stmt"/>
        <line num="164" count="960" type="cond" truecount="6" falsecount="0"/>
        <line num="165" count="959" type="stmt"/>
        <line num="167" count="1" type="stmt"/>
        <line num="177" count="960" type="cond" truecount="4" falsecount="0"/>
        <line num="178" count="959" type="stmt"/>
        <line num="180" count="1" type="stmt"/>
        <line num="190" count="1" type="stmt"/>
        <line num="191" count="1" type="stmt"/>
        <line num="192" count="1" type="stmt"/>
        <line num="193" count="1" type="stmt"/>
        <line num="203" count="1" type="stmt"/>
        <line num="204" count="1" type="stmt"/>
        <line num="217" count="0" type="stmt"/>
        <line num="227" count="1" type="stmt"/>
        <line num="231" count="1" type="stmt"/>
        <line num="239" count="24" type="stmt"/>
        <line num="247" count="10" type="stmt"/>
        <line num="257" count="65" type="stmt"/>
        <line num="265" count="65" type="stmt"/>
        <line num="274" count="101" type="stmt"/>
        <line num="275" count="101" type="stmt"/>
        <line num="284" count="78" type="stmt"/>
        <line num="285" count="78" type="stmt"/>
        <line num="293" count="8" type="stmt"/>
        <line num="301" count="5" type="stmt"/>
        <line num="309" count="58" type="stmt"/>
        <line num="319" count="12" type="cond" truecount="2" falsecount="0"/>
        <line num="327" count="0" type="stmt"/>
        <line num="340" count="161" type="stmt"/>
        <line num="341" count="280" type="stmt"/>
        <line num="344" count="161" type="stmt"/>
        <line num="345" count="341" type="stmt"/>
        <line num="348" count="161" type="stmt"/>
        <line num="349" count="12" type="stmt"/>
        <line num="358" count="58" type="stmt"/>
        <line num="359" count="58" type="stmt"/>
        <line num="360" count="58" type="stmt"/>
        <line num="361" count="0" type="stmt"/>
        <line num="363" count="58" type="stmt"/>
        <line num="369" count="10" type="stmt"/>
      </file>
      <file name="util.js" path="/Users/mikezaschka/workspace/cds-caching/lib/util.js">
        <metrics statements="86" coveredstatements="83" conditionals="74" coveredconditionals="59" methods="14" coveredmethods="14"/>
        <line num="1" count="10" type="stmt"/>
        <line num="3" count="10" type="stmt"/>
        <line num="4" count="88" type="stmt"/>
        <line num="5" count="88" type="stmt"/>
        <line num="6" count="728" type="cond" truecount="1" falsecount="1"/>
        <line num="7" count="0" type="stmt"/>
        <line num="8" count="0" type="stmt"/>
        <line num="12" count="88" type="cond" truecount="4" falsecount="0"/>
        <line num="13" count="51" type="stmt"/>
        <line num="15" count="37" type="cond" truecount="1" falsecount="1"/>
        <line num="19" count="10" type="stmt"/>
        <line num="20" count="6" type="stmt"/>
        <line num="22" count="6" type="stmt"/>
        <line num="23" count="30" type="cond" truecount="5" falsecount="0"/>
        <line num="25" count="6" type="cond" truecount="1" falsecount="1"/>
        <line num="26" count="6" type="stmt"/>
        <line num="28" count="6" type="stmt"/>
        <line num="40" count="6" type="stmt"/>
        <line num="41" count="54" type="cond" truecount="2" falsecount="0"/>
        <line num="42" count="42" type="cond" truecount="2" falsecount="0"/>
        <line num="43" count="6" type="stmt"/>
        <line num="46" count="18" type="cond" truecount="1" falsecount="1"/>
        <line num="47" count="18" type="stmt"/>
        <line num="49" count="18" type="stmt"/>
        <line num="59" count="6" type="stmt"/>
        <line num="62" count="10" type="cond" truecount="1" falsecount="0"/>
        <line num="63" count="12" type="cond" truecount="1" falsecount="1"/>
        <line num="64" count="12" type="stmt"/>
        <line num="66" count="12" type="stmt"/>
        <line num="67" count="12" type="stmt"/>
        <line num="68" count="7" type="cond" truecount="1" falsecount="1"/>
        <line num="69" count="7" type="stmt"/>
        <line num="74" count="7" type="stmt"/>
        <line num="79" count="10" type="stmt"/>
        <line num="80" count="12" type="stmt"/>
        <line num="81" count="12" type="stmt"/>
        <line num="82" count="57" type="cond" truecount="1" falsecount="1"/>
        <line num="83" count="57" type="stmt"/>
        <line num="88" count="57" type="stmt"/>
        <line num="93" count="10" type="cond" truecount="0" falsecount="1"/>
        <line num="94" count="24" type="stmt"/>
        <line num="95" count="24" type="stmt"/>
        <line num="96" count="24" type="stmt"/>
        <line num="99" count="24" type="stmt"/>
        <line num="101" count="24" type="cond" truecount="2" falsecount="0"/>
        <line num="103" count="8" type="stmt"/>
        <line num="108" count="8" type="stmt"/>
        <line num="109" count="8" type="stmt"/>
        <line num="112" count="16" type="stmt"/>
        <line num="115" count="16" type="stmt"/>
        <line num="118" count="0" type="stmt"/>
        <line num="122" count="10" type="stmt"/>
        <line num="123" count="6" type="stmt"/>
        <line num="126" count="6" type="stmt"/>
        <line num="127" count="6" type="stmt"/>
        <line num="129" count="18" type="stmt"/>
        <line num="130" count="18" type="cond" truecount="2" falsecount="0"/>
        <line num="131" count="12" type="stmt"/>
        <line num="136" count="6" type="stmt"/>
        <line num="137" count="54" type="cond" truecount="5" falsecount="0"/>
        <line num="138" count="6" type="stmt"/>
        <line num="139" count="6" type="stmt"/>
        <line num="143" count="6" type="stmt"/>
        <line num="144" count="18" type="stmt"/>
        <line num="147" count="18" type="stmt"/>
        <line num="148" count="30" type="cond" truecount="4" falsecount="0"/>
        <line num="149" count="6" type="cond" truecount="1" falsecount="1"/>
        <line num="150" count="6" type="stmt"/>
        <line num="153" count="6" type="cond" truecount="2" falsecount="0"/>
        <line num="154" count="6" type="stmt"/>
        <line num="163" count="18" type="stmt"/>
        <line num="164" count="546" type="cond" truecount="2" falsecount="0"/>
        <line num="165" count="12" type="stmt"/>
        <line num="166" count="12" type="cond" truecount="1" falsecount="1"/>
        <line num="169" count="12" type="cond" truecount="2" falsecount="0"/>
        <line num="170" count="12" type="stmt"/>
        <line num="178" count="108" type="cond" truecount="2" falsecount="0"/>
        <line num="179" count="150" type="cond" truecount="4" falsecount="0"/>
        <line num="180" count="6" type="stmt"/>
        <line num="181" count="6" type="cond" truecount="1" falsecount="1"/>
        <line num="184" count="6" type="cond" truecount="2" falsecount="0"/>
        <line num="185" count="6" type="stmt"/>
        <line num="195" count="6" type="stmt"/>
        <line num="196" count="6" type="stmt"/>
        <line num="197" count="24" type="stmt"/>
        <line num="201" count="10" type="stmt"/>
      </file>
    </package>
    <package name="cds-caching.lib.operations">
      <metrics statements="178" coveredstatements="163" conditionals="136" coveredconditionals="103" methods="27" coveredmethods="24"/>
      <file name="AsyncOperations.js" path="/Users/mikezaschka/workspace/cds-caching/lib/operations/AsyncOperations.js">
        <metrics statements="43" coveredstatements="43" conditionals="31" coveredconditionals="27" methods="7" coveredmethods="7"/>
        <line num="6" count="161" type="stmt"/>
        <line num="7" count="161" type="stmt"/>
        <line num="8" count="161" type="stmt"/>
        <line num="9" count="161" type="stmt"/>
        <line num="22" count="121" type="cond" truecount="2" falsecount="0"/>
        <line num="23" count="17" type="stmt"/>
        <line num="38" count="104" type="cond" truecount="2" falsecount="0"/>
        <line num="39" count="49" type="stmt"/>
        <line num="43" count="94" type="stmt"/>
        <line num="44" count="55" type="stmt"/>
        <line num="46" count="55" type="stmt"/>
        <line num="68" count="47" type="stmt"/>
        <line num="70" count="68" type="cond" truecount="1" falsecount="1"/>
        <line num="72" count="68" type="stmt"/>
        <line num="73" count="68" type="stmt"/>
        <line num="88" count="68" type="cond" truecount="2" falsecount="0"/>
        <line num="89" count="14" type="stmt"/>
        <line num="90" count="14" type="stmt"/>
        <line num="92" count="14" type="stmt"/>
        <line num="93" count="14" type="cond" truecount="1" falsecount="1"/>
        <line num="95" count="54" type="stmt"/>
        <line num="96" count="52" type="stmt"/>
        <line num="97" count="52" type="stmt"/>
        <line num="99" count="52" type="stmt"/>
        <line num="104" count="52" type="cond" truecount="2" falsecount="0"/>
        <line num="106" count="52" type="stmt"/>
        <line num="121" count="53" type="cond" truecount="2" falsecount="0"/>
        <line num="123" count="53" type="stmt"/>
        <line num="125" count="53" type="stmt"/>
        <line num="140" count="53" type="cond" truecount="2" falsecount="0"/>
        <line num="141" count="12" type="stmt"/>
        <line num="142" count="12" type="stmt"/>
        <line num="143" count="12" type="stmt"/>
        <line num="144" count="12" type="cond" truecount="1" falsecount="1"/>
        <line num="146" count="41" type="stmt"/>
        <line num="147" count="39" type="stmt"/>
        <line num="148" count="39" type="stmt"/>
        <line num="150" count="39" type="stmt"/>
        <line num="155" count="39" type="cond" truecount="2" falsecount="0"/>
        <line num="157" count="39" type="stmt"/>
        <line num="167" count="117" type="stmt"/>
        <line num="168" count="117" type="stmt"/>
        <line num="172" count="10" type="stmt"/>
      </file>
      <file name="BasicOperations.js" path="/Users/mikezaschka/workspace/cds-caching/lib/operations/BasicOperations.js">
        <metrics statements="48" coveredstatements="43" conditionals="17" coveredconditionals="13" methods="11" coveredmethods="10"/>
        <line num="6" count="161" type="stmt"/>
        <line num="7" count="161" type="stmt"/>
        <line num="8" count="161" type="stmt"/>
        <line num="9" count="161" type="stmt"/>
        <line num="20" count="77" type="stmt"/>
        <line num="25" count="77" type="stmt"/>
        <line num="26" count="77" type="stmt"/>
        <line num="32" count="76" type="stmt"/>
        <line num="38" count="76" type="stmt"/>
        <line num="47" count="215" type="stmt"/>
        <line num="48" count="215" type="stmt"/>
        <line num="53" count="215" type="stmt"/>
        <line num="58" count="215" type="cond" truecount="2" falsecount="0"/>
        <line num="59" count="215" type="stmt"/>
        <line num="61" count="215" type="stmt"/>
        <line num="70" count="328" type="stmt"/>
        <line num="71" count="328" type="stmt"/>
        <line num="80" count="12" type="stmt"/>
        <line num="81" count="12" type="stmt"/>
        <line num="86" count="12" type="stmt"/>
        <line num="91" count="12" type="stmt"/>
        <line num="93" count="12" type="stmt"/>
        <line num="101" count="326" type="stmt"/>
        <line num="104" count="326" type="stmt"/>
        <line num="109" count="326" type="stmt"/>
        <line num="119" count="2" type="stmt"/>
        <line num="120" count="2" type="cond" truecount="2" falsecount="0"/>
        <line num="121" count="1" type="stmt"/>
        <line num="126" count="2" type="stmt"/>
        <line num="131" count="2" type="stmt"/>
        <line num="141" count="6" type="stmt"/>
        <line num="142" count="6" type="stmt"/>
        <line num="145" count="6" type="cond" truecount="1" falsecount="1"/>
        <line num="147" count="6" type="stmt"/>
        <line num="148" count="6" type="stmt"/>
        <line num="157" count="3" type="stmt"/>
        <line num="158" count="3" type="stmt"/>
        <line num="161" count="3" type="cond" truecount="1" falsecount="1"/>
        <line num="170" count="0" type="stmt"/>
        <line num="171" count="0" type="stmt"/>
        <line num="174" count="0" type="stmt"/>
        <line num="182" count="10" type="stmt"/>
        <line num="183" count="18" type="cond" truecount="1" falsecount="1"/>
        <line num="184" count="18" type="stmt"/>
        <line num="185" count="18" type="stmt"/>
        <line num="187" count="0" type="stmt"/>
        <line num="190" count="0" type="stmt"/>
        <line num="196" count="10" type="stmt"/>
      </file>
      <file name="CapOperations.js" path="/Users/mikezaschka/workspace/cds-caching/lib/operations/CapOperations.js">
        <metrics statements="87" coveredstatements="77" conditionals="88" coveredconditionals="63" methods="9" coveredmethods="7"/>
        <line num="1" count="10" type="stmt"/>
        <line num="7" count="161" type="stmt"/>
        <line num="13" count="161" type="stmt"/>
        <line num="14" count="161" type="stmt"/>
        <line num="15" count="161" type="stmt"/>
        <line num="16" count="161" type="stmt"/>
        <line num="17" count="161" type="stmt"/>
        <line num="31" count="101" type="stmt"/>
        <line num="36" count="101" type="cond" truecount="4" falsecount="0"/>
        <line num="37" count="2" type="stmt"/>
        <line num="40" count="99" type="stmt"/>
        <line num="53" count="99" type="stmt"/>
        <line num="54" count="99" type="stmt"/>
        <line num="57" count="99" type="stmt"/>
        <line num="82" count="99" type="cond" truecount="2" falsecount="0"/>
        <line num="83" count="13" type="stmt"/>
        <line num="85" count="13" type="stmt"/>
        <line num="87" count="13" type="stmt"/>
        <line num="88" count="13" type="stmt"/>
        <line num="90" count="86" type="stmt"/>
        <line num="91" count="85" type="stmt"/>
        <line num="92" count="85" type="stmt"/>
        <line num="94" count="85" type="stmt"/>
        <line num="99" count="85" type="cond" truecount="2" falsecount="0"/>
        <line num="101" count="85" type="stmt"/>
        <line num="116" count="108" type="stmt"/>
        <line num="117" count="108" type="cond" truecount="2" falsecount="0"/>
        <line num="118" count="107" type="cond" truecount="3" falsecount="1"/>
        <line num="122" count="66" type="stmt"/>
        <line num="123" count="66" type="stmt"/>
        <line num="125" count="66" type="cond" truecount="4" falsecount="1"/>
        <line num="126" count="0" type="stmt"/>
        <line num="129" count="66" type="cond" truecount="1" falsecount="1"/>
        <line num="131" count="66" type="stmt"/>
        <line num="132" count="66" type="stmt"/>
        <line num="135" count="66" type="stmt"/>
        <line num="136" count="66" type="stmt"/>
        <line num="137" count="66" type="stmt"/>
        <line num="138" count="66" type="stmt"/>
        <line num="140" count="66" type="cond" truecount="2" falsecount="0"/>
        <line num="142" count="14" type="stmt"/>
        <line num="144" count="14" type="stmt"/>
        <line num="145" count="14" type="stmt"/>
        <line num="148" count="52" type="stmt"/>
        <line num="149" count="52" type="stmt"/>
        <line num="152" count="52" type="stmt"/>
        <line num="154" count="52" type="stmt"/>
        <line num="159" count="52" type="cond" truecount="2" falsecount="0"/>
        <line num="160" count="52" type="stmt"/>
        <line num="163" count="41" type="stmt"/>
        <line num="164" count="41" type="stmt"/>
        <line num="166" count="41" type="cond" truecount="2" falsecount="0"/>
        <line num="167" count="40" type="stmt"/>
        <line num="173" count="40" type="stmt"/>
        <line num="176" count="40" type="stmt"/>
        <line num="177" count="40" type="stmt"/>
        <line num="178" count="40" type="stmt"/>
        <line num="179" count="40" type="stmt"/>
        <line num="198" count="40" type="cond" truecount="2" falsecount="0"/>
        <line num="200" count="3" type="stmt"/>
        <line num="202" count="3" type="stmt"/>
        <line num="203" count="3" type="stmt"/>
        <line num="206" count="37" type="stmt"/>
        <line num="207" count="36" type="stmt"/>
        <line num="210" count="36" type="stmt"/>
        <line num="212" count="36" type="stmt"/>
        <line num="217" count="36" type="cond" truecount="2" falsecount="0"/>
        <line num="218" count="36" type="stmt"/>
        <line num="221" count="1" type="stmt"/>
        <line num="225" count="1" type="stmt"/>
        <line num="235" count="0" type="stmt"/>
        <line num="238" count="0" type="cond" truecount="0" falsecount="4"/>
        <line num="239" count="0" type="stmt"/>
        <line num="240" count="0" type="stmt"/>
        <line num="244" count="0" type="cond" truecount="0" falsecount="4"/>
        <line num="245" count="0" type="stmt"/>
        <line num="246" count="0" type="stmt"/>
        <line num="249" count="0" type="stmt"/>
        <line num="259" count="66" type="cond" truecount="2" falsecount="0"/>
        <line num="260" count="66" type="stmt"/>
        <line num="262" count="66" type="stmt"/>
        <line num="277" count="0" type="stmt"/>
        <line num="292" count="66" type="stmt"/>
        <line num="312" count="66" type="stmt"/>
        <line num="321" count="292" type="stmt"/>
        <line num="322" count="292" type="stmt"/>
        <line num="326" count="10" type="stmt"/>
      </file>
    </package>
    <package name="cds-caching.lib.support">
      <metrics statements="529" coveredstatements="376" conditionals="597" coveredconditionals="370" methods="98" coveredmethods="77"/>
      <file name="CacheStatisticsHandler.js" path="/Users/mikezaschka/workspace/cds-caching/lib/support/CacheStatisticsHandler.js">
        <metrics statements="302" coveredstatements="218" conditionals="274" coveredconditionals="174" methods="56" coveredmethods="40"/>
        <line num="1" count="10" type="stmt"/>
        <line num="2" count="10" type="stmt"/>
        <line num="3" count="10" type="stmt"/>
        <line num="10" count="161" type="stmt"/>
        <line num="13" count="161" type="stmt"/>
        <line num="22" count="161" type="stmt"/>
        <line num="58" count="161" type="stmt"/>
        <line num="61" count="161" type="stmt"/>
        <line num="63" count="161" type="stmt"/>
        <line num="64" count="72" type="stmt"/>
        <line num="73" count="161" type="stmt"/>
        <line num="74" count="161" type="stmt"/>
        <line num="76" count="14" type="cond" truecount="3" falsecount="1"/>
        <line num="77" count="0" type="stmt"/>
        <line num="87" count="233" type="cond" truecount="2" falsecount="0"/>
        <line num="88" count="72" type="stmt"/>
        <line num="89" count="72" type="stmt"/>
        <line num="94" count="239" type="stmt"/>
        <line num="99" count="262" type="stmt"/>
        <line num="110" count="56" type="cond" truecount="2" falsecount="0"/>
        <line num="111" count="11" type="stmt"/>
        <line num="112" count="11" type="stmt"/>
        <line num="113" count="11" type="stmt"/>
        <line num="117" count="56" type="cond" truecount="4" falsecount="0"/>
        <line num="118" count="8" type="stmt"/>
        <line num="122" count="56" type="stmt"/>
        <line num="133" count="264" type="cond" truecount="2" falsecount="0"/>
        <line num="134" count="63" type="stmt"/>
        <line num="135" count="63" type="stmt"/>
        <line num="136" count="63" type="stmt"/>
        <line num="140" count="264" type="cond" truecount="4" falsecount="0"/>
        <line num="141" count="11" type="stmt"/>
        <line num="145" count="264" type="stmt"/>
        <line num="156" count="0" type="cond" truecount="0" falsecount="2"/>
        <line num="157" count="0" type="stmt"/>
        <line num="158" count="0" type="stmt"/>
        <line num="159" count="0" type="stmt"/>
        <line num="163" count="0" type="cond" truecount="0" falsecount="4"/>
        <line num="164" count="0" type="stmt"/>
        <line num="168" count="0" type="stmt"/>
        <line num="179" count="0" type="cond" truecount="0" falsecount="2"/>
        <line num="180" count="0" type="stmt"/>
        <line num="181" count="0" type="stmt"/>
        <line num="182" count="0" type="stmt"/>
        <line num="186" count="0" type="cond" truecount="0" falsecount="4"/>
        <line num="187" count="0" type="stmt"/>
        <line num="191" count="0" type="stmt"/>
        <line num="200" count="76" type="stmt"/>
        <line num="203" count="76" type="cond" truecount="2" falsecount="0"/>
        <line num="204" count="12" type="stmt"/>
        <line num="205" count="12" type="stmt"/>
        <line num="209" count="76" type="cond" truecount="4" falsecount="0"/>
        <line num="210" count="6" type="stmt"/>
        <line num="214" count="76" type="stmt"/>
        <line num="224" count="215" type="stmt"/>
        <line num="227" count="215" type="cond" truecount="2" falsecount="0"/>
        <line num="228" count="14" type="stmt"/>
        <line num="229" count="14" type="stmt"/>
        <line num="233" count="215" type="cond" truecount="4" falsecount="0"/>
        <line num="234" count="4" type="cond" truecount="1" falsecount="1"/>
        <line num="238" count="215" type="stmt"/>
        <line num="247" count="12" type="stmt"/>
        <line num="250" count="12" type="cond" truecount="2" falsecount="0"/>
        <line num="251" count="3" type="stmt"/>
        <line num="252" count="3" type="stmt"/>
        <line num="256" count="12" type="cond" truecount="2" falsecount="2"/>
        <line num="257" count="0" type="stmt"/>
        <line num="261" count="12" type="stmt"/>
        <line num="270" count="326" type="cond" truecount="2" falsecount="0"/>
        <line num="271" count="30" type="stmt"/>
        <line num="272" count="30" type="stmt"/>
        <line num="276" count="326" type="stmt"/>
        <line num="286" count="2" type="cond" truecount="1" falsecount="1"/>
        <line num="287" count="0" type="stmt"/>
        <line num="288" count="0" type="stmt"/>
        <line num="292" count="2" type="stmt"/>
        <line num="301" count="0" type="cond" truecount="0" falsecount="2"/>
        <line num="302" count="0" type="stmt"/>
        <line num="312" count="0" type="cond" truecount="0" falsecount="2"/>
        <line num="313" count="0" type="stmt"/>
        <line num="323" count="74" type="cond" truecount="1" falsecount="1"/>
        <line num="324" count="74" type="stmt"/>
        <line num="325" count="74" type="cond" truecount="1" falsecount="1"/>
        <line num="326" count="0" type="stmt"/>
        <line num="337" count="11" type="cond" truecount="1" falsecount="1"/>
        <line num="338" count="11" type="stmt"/>
        <line num="339" count="11" type="cond" truecount="1" falsecount="1"/>
        <line num="340" count="0" type="stmt"/>
        <line num="351" count="63" type="cond" truecount="1" falsecount="1"/>
        <line num="352" count="63" type="stmt"/>
        <line num="353" count="63" type="cond" truecount="1" falsecount="1"/>
        <line num="354" count="0" type="stmt"/>
        <line num="361" count="0" type="cond" truecount="0" falsecount="2"/>
        <line num="362" count="0" type="stmt"/>
        <line num="363" count="0" type="cond" truecount="0" falsecount="2"/>
        <line num="364" count="0" type="stmt"/>
        <line num="375" count="0" type="cond" truecount="0" falsecount="2"/>
        <line num="376" count="0" type="stmt"/>
        <line num="377" count="0" type="cond" truecount="0" falsecount="2"/>
        <line num="378" count="0" type="stmt"/>
        <line num="390" count="29" type="stmt"/>
        <line num="392" count="29" type="cond" truecount="1" falsecount="1"/>
        <line num="393" count="0" type="stmt"/>
        <line num="394" count="0" type="stmt"/>
        <line num="397" count="29" type="cond" truecount="2" falsecount="0"/>
        <line num="398" count="17" type="stmt"/>
        <line num="399" count="17" type="stmt"/>
        <line num="459" count="29" type="stmt"/>
        <line num="460" count="29" type="stmt"/>
        <line num="463" count="29" type="cond" truecount="8" falsecount="1"/>
        <line num="469" count="19" type="stmt"/>
        <line num="470" count="19" type="stmt"/>
        <line num="471" count="19" type="cond" truecount="1" falsecount="1"/>
        <line num="473" count="19" type="stmt"/>
        <line num="475" count="19" type="stmt"/>
        <line num="478" count="19" type="cond" truecount="1" falsecount="1"/>
        <line num="479" count="19" type="stmt"/>
        <line num="481" count="19" type="stmt"/>
        <line num="490" count="10" type="cond" truecount="2" falsecount="3"/>
        <line num="492" count="4" type="stmt"/>
        <line num="493" count="4" type="stmt"/>
        <line num="495" count="0" type="stmt"/>
        <line num="496" count="0" type="stmt"/>
        <line num="498" count="6" type="stmt"/>
        <line num="499" count="6" type="stmt"/>
        <line num="501" count="0" type="stmt"/>
        <line num="502" count="0" type="stmt"/>
        <line num="504" count="0" type="stmt"/>
        <line num="505" count="0" type="stmt"/>
        <line num="508" count="10" type="stmt"/>
        <line num="510" count="10" type="stmt"/>
        <line num="512" count="10" type="stmt"/>
        <line num="514" count="10" type="stmt"/>
        <line num="517" count="0" type="stmt"/>
        <line num="518" count="0" type="stmt"/>
        <line num="522" count="29" type="stmt"/>
        <line num="523" count="29" type="cond" truecount="2" falsecount="0"/>
        <line num="524" count="19" type="stmt"/>
        <line num="528" count="29" type="stmt"/>
        <line num="529" count="29" type="cond" truecount="2" falsecount="0"/>
        <line num="530" count="7" type="stmt"/>
        <line num="531" count="7" type="stmt"/>
        <line num="534" count="29" type="cond" truecount="2" falsecount="0"/>
        <line num="535" count="19" type="stmt"/>
        <line num="538" count="29" type="cond" truecount="2" falsecount="0"/>
        <line num="539" count="10" type="stmt"/>
        <line num="543" count="29" type="cond" truecount="4" falsecount="0"/>
        <line num="544" count="8" type="stmt"/>
        <line num="548" count="29" type="cond" truecount="1" falsecount="1"/>
        <line num="549" count="0" type="stmt"/>
        <line num="551" count="29" type="cond" truecount="1" falsecount="1"/>
        <line num="552" count="0" type="stmt"/>
        <line num="554" count="29" type="cond" truecount="1" falsecount="1"/>
        <line num="555" count="0" type="stmt"/>
        <line num="557" count="29" type="cond" truecount="1" falsecount="1"/>
        <line num="558" count="0" type="stmt"/>
        <line num="560" count="29" type="cond" truecount="2" falsecount="0"/>
        <line num="561" count="19" type="stmt"/>
        <line num="563" count="29" type="cond" truecount="1" falsecount="1"/>
        <line num="564" count="0" type="stmt"/>
        <line num="566" count="29" type="cond" truecount="1" falsecount="1"/>
        <line num="567" count="0" type="stmt"/>
        <line num="569" count="29" type="cond" truecount="2" falsecount="0"/>
        <line num="570" count="25" type="stmt"/>
        <line num="573" count="29" type="cond" truecount="1" falsecount="1"/>
        <line num="574" count="0" type="stmt"/>
        <line num="575" count="0" type="stmt"/>
        <line num="576" count="0" type="stmt"/>
        <line num="577" count="0" type="stmt"/>
        <line num="578" count="0" type="stmt"/>
        <line num="581" count="0" type="stmt"/>
        <line num="592" count="19" type="stmt"/>
        <line num="594" count="19" type="cond" truecount="1" falsecount="1"/>
        <line num="595" count="19" type="stmt"/>
        <line num="598" count="19" type="cond" truecount="1" falsecount="1"/>
        <line num="599" count="0" type="stmt"/>
        <line num="603" count="19" type="stmt"/>
        <line num="604" count="19" type="stmt"/>
        <line num="605" count="19" type="stmt"/>
        <line num="606" count="19" type="stmt"/>
        <line num="608" count="26" type="stmt"/>
        <line num="609" count="19" type="stmt"/>
        <line num="610" count="19" type="stmt"/>
        <line num="622" count="942" type="stmt"/>
        <line num="645" count="942" type="stmt"/>
        <line num="656" count="0" type="cond" truecount="0" falsecount="2"/>
        <line num="657" count="0" type="stmt"/>
        <line num="658" count="0" type="stmt"/>
        <line num="661" count="0" type="cond" truecount="0" falsecount="4"/>
        <line num="662" count="0" type="stmt"/>
        <line num="691" count="0" type="stmt"/>
        <line num="696" count="0" type="stmt"/>
        <line num="697" count="0" type="stmt"/>
        <line num="733" count="0" type="cond" truecount="0" falsecount="2"/>
        <line num="734" count="0" type="stmt"/>
        <line num="735" count="0" type="stmt"/>
        <line num="738" count="0" type="cond" truecount="0" falsecount="2"/>
        <line num="739" count="0" type="stmt"/>
        <line num="770" count="0" type="stmt"/>
        <line num="775" count="0" type="stmt"/>
        <line num="776" count="0" type="cond" truecount="0" falsecount="2"/>
        <line num="777" count="0" type="stmt"/>
        <line num="780" count="0" type="stmt"/>
        <line num="814" count="8" type="cond" truecount="3" falsecount="1"/>
        <line num="815" count="0" type="stmt"/>
        <line num="816" count="0" type="stmt"/>
        <line num="819" count="8" type="stmt"/>
        <line num="821" count="8" type="stmt"/>
        <line num="824" count="8" type="stmt"/>
        <line num="827" count="8" type="stmt"/>
        <line num="829" count="8" type="stmt"/>
        <line num="830" count="8" type="stmt"/>
        <line num="832" count="8" type="stmt"/>
        <line num="833" count="8" type="stmt"/>
        <line num="835" count="8" type="stmt"/>
        <line num="837" count="8" type="stmt"/>
        <line num="838" count="8" type="stmt"/>
        <line num="841" count="8" type="stmt"/>
        <line num="842" count="8" type="stmt"/>
        <line num="844" count="8" type="stmt"/>
        <line num="846" count="0" type="stmt"/>
        <line num="851" count="8" type="stmt"/>
        <line num="852" count="8" type="stmt"/>
        <line num="853" count="8" type="stmt"/>
        <line num="854" count="8" type="stmt"/>
        <line num="855" count="8" type="stmt"/>
        <line num="858" count="8" type="cond" truecount="2" falsecount="0"/>
        <line num="859" count="1" type="stmt"/>
        <line num="862" count="8" type="cond" truecount="2" falsecount="0"/>
        <line num="863" count="3" type="stmt"/>
        <line num="866" count="8" type="stmt"/>
        <line num="867" count="8" type="stmt"/>
        <line num="869" count="8" type="cond" truecount="2" falsecount="0"/>
        <line num="870" count="1" type="stmt"/>
        <line num="871" count="1" type="stmt"/>
        <line num="872" count="1" type="stmt"/>
        <line num="875" count="8" type="cond" truecount="2" falsecount="0"/>
        <line num="876" count="3" type="stmt"/>
        <line num="877" count="3" type="stmt"/>
        <line num="878" count="3" type="stmt"/>
        <line num="882" count="8" type="cond" truecount="5" falsecount="0"/>
        <line num="887" count="8" type="stmt"/>
        <line num="888" count="8" type="cond" truecount="2" falsecount="0"/>
        <line num="889" count="4" type="stmt"/>
        <line num="893" count="8" type="cond" truecount="2" falsecount="0"/>
        <line num="894" count="8" type="cond" truecount="2" falsecount="0"/>
        <line num="898" count="8" type="stmt"/>
        <line num="941" count="1" type="cond" truecount="1" falsecount="1"/>
        <line num="943" count="1" type="stmt"/>
        <line num="946" count="1" type="cond" truecount="1" falsecount="1"/>
        <line num="947" count="1" type="cond" truecount="1" falsecount="1"/>
        <line num="949" count="1" type="stmt"/>
        <line num="951" count="1" type="stmt"/>
        <line num="955" count="1" type="cond" truecount="1" falsecount="1"/>
        <line num="956" count="1" type="stmt"/>
        <line num="959" count="1" type="cond" truecount="1" falsecount="1"/>
        <line num="960" count="1" type="cond" truecount="1" falsecount="1"/>
        <line num="962" count="1" type="stmt"/>
        <line num="964" count="1" type="stmt"/>
        <line num="968" count="10" type="cond" truecount="2" falsecount="0"/>
        <line num="969" count="9" type="stmt"/>
        <line num="973" count="24" type="cond" truecount="2" falsecount="0"/>
        <line num="975" count="20" type="stmt"/>
        <line num="976" count="20" type="stmt"/>
        <line num="977" count="20" type="stmt"/>
        <line num="978" count="20" type="stmt"/>
        <line num="979" count="20" type="stmt"/>
        <line num="982" count="20" type="cond" truecount="2" falsecount="0"/>
        <line num="983" count="3" type="stmt"/>
        <line num="986" count="20" type="cond" truecount="2" falsecount="0"/>
        <line num="987" count="50" type="stmt"/>
        <line num="990" count="20" type="stmt"/>
        <line num="991" count="20" type="stmt"/>
        <line num="993" count="20" type="cond" truecount="2" falsecount="0"/>
        <line num="994" count="2" type="stmt"/>
        <line num="995" count="2" type="stmt"/>
        <line num="996" count="2" type="stmt"/>
        <line num="999" count="20" type="cond" truecount="2" falsecount="0"/>
        <line num="1000" count="69" type="stmt"/>
        <line num="1001" count="13" type="stmt"/>
        <line num="1002" count="13" type="stmt"/>
        <line num="1006" count="20" type="cond" truecount="5" falsecount="0"/>
        <line num="1011" count="20" type="stmt"/>
        <line num="1012" count="20" type="cond" truecount="2" falsecount="0"/>
        <line num="1013" count="53" type="stmt"/>
        <line num="1017" count="20" type="cond" truecount="2" falsecount="0"/>
        <line num="1018" count="20" type="cond" truecount="2" falsecount="0"/>
        <line num="1022" count="20" type="stmt"/>
        <line num="1065" count="0" type="cond" truecount="0" falsecount="2"/>
        <line num="1066" count="0" type="stmt"/>
        <line num="1074" count="0" type="stmt"/>
        <line num="1075" count="0" type="cond" truecount="0" falsecount="4"/>
        <line num="1076" count="0" type="stmt"/>
        <line num="1078" count="0" type="stmt"/>
        <line num="1086" count="0" type="stmt"/>
        <line num="1096" count="391" type="stmt"/>
        <line num="1098" count="304" type="stmt"/>
        <line num="1102" count="304" type="stmt"/>
        <line num="1104" count="304" type="stmt"/>
        <line num="1112" count="326" type="stmt"/>
        <line num="1120" count="239" type="stmt"/>
        <line num="1124" count="10" type="stmt"/>
      </file>
      <file name="CacheStoreManager.js" path="/Users/mikezaschka/workspace/cds-caching/lib/support/CacheStoreManager.js">
        <metrics statements="28" coveredstatements="24" conditionals="17" coveredconditionals="14" methods="8" coveredmethods="7"/>
        <line num="1" count="10" type="stmt"/>
        <line num="2" count="10" type="stmt"/>
        <line num="3" count="10" type="stmt"/>
        <line num="4" count="10" type="stmt"/>
        <line num="5" count="10" type="stmt"/>
        <line num="12" count="161" type="stmt"/>
        <line num="22" count="161" type="stmt"/>
        <line num="23" count="161" type="stmt"/>
        <line num="24" count="161" type="stmt"/>
        <line num="27" count="161" type="stmt"/>
        <line num="28" count="0" type="stmt"/>
        <line num="32" count="161" type="stmt"/>
        <line num="34" count="161" type="stmt"/>
        <line num="42" count="322" type="cond" truecount="3" falsecount="0"/>
        <line num="44" count="4" type="stmt"/>
        <line num="50" count="12" type="stmt"/>
        <line num="55" count="306" type="stmt"/>
        <line num="64" count="161" type="stmt"/>
        <line num="76" count="161" type="cond" truecount="1" falsecount="2"/>
        <line num="78" count="0" type="stmt"/>
        <line num="80" count="0" type="stmt"/>
        <line num="82" count="161" type="stmt"/>
        <line num="91" count="161" type="stmt"/>
        <line num="92" count="72" type="cond" truecount="2" falsecount="0"/>
        <line num="93" count="8" type="stmt"/>
        <line num="94" count="8" type="stmt"/>
        <line num="96" count="0" type="stmt"/>
        <line num="103" count="10" type="stmt"/>
      </file>
      <file name="KeyManager.js" path="/Users/mikezaschka/workspace/cds-caching/lib/support/KeyManager.js">
        <metrics statements="43" coveredstatements="39" conditionals="63" coveredconditionals="60" methods="8" coveredmethods="8"/>
        <line num="1" count="10" type="stmt"/>
        <line num="8" count="499" type="stmt"/>
        <line num="9" count="161" type="stmt"/>
        <line num="21" count="1034" type="cond" truecount="2" falsecount="0"/>
        <line num="24" count="1034" type="stmt"/>
        <line num="25" count="1034" type="cond" truecount="2" falsecount="0"/>
        <line num="27" count="685" type="stmt"/>
        <line num="28" count="349" type="cond" truecount="4" falsecount="0"/>
        <line num="29" count="346" type="stmt"/>
        <line num="31" count="346" type="cond" truecount="2" falsecount="0"/>
        <line num="32" count="2" type="stmt"/>
        <line num="35" count="3" type="stmt"/>
        <line num="39" count="1032" type="stmt"/>
        <line num="48" count="1032" type="cond" truecount="4" falsecount="0"/>
        <line num="49" count="74" type="stmt"/>
        <line num="50" count="121" type="stmt"/>
        <line num="55" count="1032" type="stmt"/>
        <line num="58" count="1072" type="cond" truecount="2" falsecount="0"/>
        <line num="59" count="123" type="cond" truecount="2" falsecount="0"/>
        <line num="61" count="949" type="cond" truecount="2" falsecount="0"/>
        <line num="72" count="483" type="cond" truecount="1" falsecount="1"/>
        <line num="73" count="0" type="stmt"/>
        <line num="76" count="483" type="cond" truecount="3" falsecount="1"/>
        <line num="77" count="483" type="cond" truecount="5" falsecount="0"/>
        <line num="82" count="261" type="stmt"/>
        <line num="92" count="104" type="cond" truecount="2" falsecount="0"/>
        <line num="94" count="102" type="stmt"/>
        <line num="95" count="102" type="stmt"/>
        <line num="98" count="2" type="stmt"/>
        <line num="101" count="118" type="stmt"/>
        <line num="105" count="0" type="stmt"/>
        <line num="114" count="157" type="cond" truecount="2" falsecount="0"/>
        <line num="115" count="153" type="cond" truecount="2" falsecount="0"/>
        <line num="116" count="151" type="cond" truecount="2" falsecount="0"/>
        <line num="117" count="62" type="cond" truecount="2" falsecount="0"/>
        <line num="118" count="37" type="cond" truecount="2" falsecount="0"/>
        <line num="119" count="36" type="cond" truecount="2" falsecount="0"/>
        <line num="120" count="15" type="cond" truecount="1" falsecount="1"/>
        <line num="122" count="15" type="stmt"/>
        <line num="123" count="15" type="stmt"/>
        <line num="125" count="0" type="stmt"/>
        <line num="128" count="0" type="stmt"/>
        <line num="132" count="10" type="stmt"/>
      </file>
      <file name="RuntimeConfigurationManager.js" path="/Users/mikezaschka/workspace/cds-caching/lib/support/RuntimeConfigurationManager.js">
        <metrics statements="35" coveredstatements="31" conditionals="31" coveredconditionals="27" methods="6" coveredmethods="6"/>
        <line num="1" count="10" type="stmt"/>
        <line num="8" count="161" type="stmt"/>
        <line num="9" count="161" type="cond" truecount="1" falsecount="1"/>
        <line num="10" count="161" type="stmt"/>
        <line num="18" count="58" type="stmt"/>
        <line num="19" count="58" type="stmt"/>
        <line num="21" count="58" type="stmt"/>
        <line num="25" count="58" type="cond" truecount="1" falsecount="1"/>
        <line num="26" count="58" type="stmt"/>
        <line num="32" count="58" type="cond" truecount="1" falsecount="1"/>
        <line num="33" count="58" type="stmt"/>
        <line num="39" count="0" type="stmt"/>
        <line num="40" count="0" type="stmt"/>
        <line num="47" count="0" type="stmt"/>
        <line num="48" count="0" type="stmt"/>
        <line num="65" count="101" type="stmt"/>
        <line num="69" count="101" type="cond" truecount="2" falsecount="0"/>
        <line num="77" count="78" type="stmt"/>
        <line num="81" count="78" type="cond" truecount="2" falsecount="0"/>
        <line num="91" count="166" type="stmt"/>
        <line num="92" count="166" type="stmt"/>
        <line num="96" count="77" type="cond" truecount="2" falsecount="0"/>
        <line num="97" count="77" type="stmt"/>
        <line num="103" count="77" type="stmt"/>
        <line num="109" count="89" type="stmt"/>
        <line num="110" count="89" type="stmt"/>
        <line num="128" count="791" type="cond" truecount="2" falsecount="0"/>
        <line num="129" count="791" type="stmt"/>
        <line num="135" count="791" type="stmt"/>
        <line num="137" count="791" type="cond" truecount="2" falsecount="0"/>
        <line num="138" count="791" type="cond" truecount="2" falsecount="0"/>
        <line num="139" count="791" type="cond" truecount="2" falsecount="0"/>
        <line num="140" count="791" type="stmt"/>
        <line num="142" count="791" type="stmt"/>
        <line num="146" count="10" type="stmt"/>
      </file>
      <file name="StatisticsPersistenceManager.js" path="/Users/mikezaschka/workspace/cds-caching/lib/support/StatisticsPersistenceManager.js">
        <metrics statements="81" coveredstatements="25" conditionals="162" coveredconditionals="47" methods="12" coveredmethods="8"/>
        <line num="1" count="10" type="stmt"/>
        <line num="5" count="0" type="cond" truecount="0" falsecount="6"/>
        <line num="6" count="0" type="cond" truecount="0" falsecount="4"/>
        <line num="7" count="0" type="cond" truecount="0" falsecount="4"/>
        <line num="8" count="0" type="stmt"/>
        <line num="16" count="161" type="stmt"/>
        <line num="17" count="161" type="cond" truecount="1" falsecount="1"/>
        <line num="28" count="8" type="cond" truecount="2" falsecount="0"/>
        <line num="30" count="6" type="stmt"/>
        <line num="31" count="6" type="stmt"/>
        <line num="34" count="6" type="cond" truecount="1" falsecount="1"/>
        <line num="35" count="6" type="stmt"/>
        <line num="37" count="0" type="stmt"/>
        <line num="40" count="0" type="stmt"/>
        <line num="50" count="8" type="cond" truecount="4" falsecount="0"/>
        <line num="52" count="3" type="stmt"/>
        <line num="54" count="3" type="stmt"/>
        <line num="55" count="3" type="stmt"/>
        <line num="56" count="3" type="stmt"/>
        <line num="58" count="0" type="stmt"/>
        <line num="67" count="391" type="stmt"/>
        <line num="69" count="304" type="stmt"/>
        <line num="76" count="304" type="stmt"/>
        <line num="78" count="304" type="stmt"/>
        <line num="86" count="6" type="stmt"/>
        <line num="130" count="6" type="stmt"/>
        <line num="138" count="0" type="stmt"/>
        <line num="140" count="0" type="stmt"/>
        <line num="143" count="0" type="stmt"/>
        <line num="151" count="0" type="stmt"/>
        <line num="174" count="0" type="stmt"/>
        <line num="177" count="0" type="cond" truecount="0" falsecount="2"/>
        <line num="178" count="0" type="stmt"/>
        <line num="179" count="0" type="stmt"/>
        <line num="180" count="0" type="stmt"/>
        <line num="182" count="0" type="stmt"/>
        <line num="186" count="0" type="cond" truecount="0" falsecount="2"/>
        <line num="187" count="0" type="stmt"/>
        <line num="188" count="0" type="stmt"/>
        <line num="189" count="0" type="stmt"/>
        <line num="191" count="0" type="stmt"/>
        <line num="195" count="0" type="cond" truecount="0" falsecount="4"/>
        <line num="196" count="0" type="cond" truecount="0" falsecount="4"/>
        <line num="197" count="0" type="stmt"/>
        <line num="198" count="0" type="cond" truecount="0" falsecount="2"/>
        <line num="199" count="0" type="stmt"/>
        <line num="203" count="0" type="stmt"/>
        <line num="207" count="0" type="cond" truecount="0" falsecount="2"/>
        <line num="208" count="0" type="stmt"/>
        <line num="209" count="0" type="stmt"/>
        <line num="210" count="0" type="stmt"/>
        <line num="214" count="0" type="cond" truecount="0" falsecount="4"/>
        <line num="215" count="0" type="stmt"/>
        <line num="219" count="0" type="stmt"/>
        <line num="220" count="0" type="cond" truecount="0" falsecount="2"/>
        <line num="221" count="0" type="stmt"/>
        <line num="222" count="0" type="stmt"/>
        <line num="226" count="0" type="cond" truecount="0" falsecount="4"/>
        <line num="227" count="0" type="cond" truecount="0" falsecount="4"/>
        <line num="228" count="0" type="stmt"/>
        <line num="229" count="0" type="stmt"/>
        <line num="231" count="0" type="stmt"/>
        <line num="239" count="3" type="stmt"/>
        <line num="241" count="3" type="stmt"/>
        <line num="244" count="3" type="cond" truecount="1" falsecount="1"/>
        <line num="245" count="3" type="stmt"/>
        <line num="247" count="0" type="stmt"/>
        <line num="257" count="3" type="stmt"/>
        <line num="324" count="0" type="stmt"/>
        <line num="325" count="0" type="stmt"/>
        <line num="327" count="0" type="stmt"/>
        <line num="361" count="0" type="cond" truecount="0" falsecount="2"/>
        <line num="362" count="0" type="cond" truecount="0" falsecount="2"/>
        <line num="363" count="0" type="cond" truecount="0" falsecount="2"/>
        <line num="364" count="0" type="cond" truecount="0" falsecount="2"/>
        <line num="365" count="0" type="cond" truecount="0" falsecount="2"/>
        <line num="366" count="0" type="cond" truecount="0" falsecount="2"/>
        <line num="367" count="0" type="cond" truecount="0" falsecount="2"/>
        <line num="368" count="0" type="cond" truecount="0" falsecount="2"/>
        <line num="369" count="0" type="stmt"/>
        <line num="375" count="10" type="stmt"/>
      </file>
      <file name="TagResolver.js" path="/Users/mikezaschka/workspace/cds-caching/lib/support/TagResolver.js">
        <metrics statements="40" coveredstatements="39" conditionals="50" coveredconditionals="48" methods="8" coveredmethods="8"/>
        <line num="1" count="11" type="stmt"/>
        <line num="8" count="350" type="stmt"/>
        <line num="20" count="278" type="cond" truecount="2" falsecount="0"/>
        <line num="23" count="81" type="cond" truecount="2" falsecount="0"/>
        <line num="28" count="81" type="stmt"/>
        <line num="30" count="173" type="cond" truecount="2" falsecount="0"/>
        <line num="31" count="27" type="stmt"/>
        <line num="35" count="146" type="cond" truecount="3" falsecount="1"/>
        <line num="36" count="0" type="stmt"/>
        <line num="40" count="146" type="cond" truecount="2" falsecount="0"/>
        <line num="41" count="45" type="stmt"/>
        <line num="46" count="45" type="stmt"/>
        <line num="50" count="101" type="cond" truecount="2" falsecount="0"/>
        <line num="51" count="39" type="stmt"/>
        <line num="56" count="39" type="stmt"/>
        <line num="63" count="39" type="stmt"/>
        <line num="65" count="44" type="stmt"/>
        <line num="68" count="39" type="stmt"/>
        <line num="74" count="39" type="stmt"/>
        <line num="78" count="62" type="cond" truecount="4" falsecount="0"/>
        <line num="79" count="51" type="stmt"/>
        <line num="80" count="82" type="cond" truecount="2" falsecount="0"/>
        <line num="82" count="81" type="cond" truecount="2" falsecount="0"/>
        <line num="83" count="81" type="stmt"/>
        <line num="84" count="91" type="stmt"/>
        <line num="87" count="81" type="cond" truecount="2" falsecount="0"/>
        <line num="89" count="78" type="cond" truecount="2" falsecount="0"/>
        <line num="90" count="78" type="stmt"/>
        <line num="95" count="78" type="stmt"/>
        <line num="100" count="11" type="cond" truecount="2" falsecount="0"/>
        <line num="101" count="6" type="cond" truecount="2" falsecount="0"/>
        <line num="102" count="6" type="stmt"/>
        <line num="103" count="7" type="stmt"/>
        <line num="106" count="6" type="cond" truecount="2" falsecount="0"/>
        <line num="108" count="5" type="cond" truecount="2" falsecount="0"/>
        <line num="109" count="5" type="stmt"/>
        <line num="114" count="5" type="stmt"/>
        <line num="117" count="5" type="stmt"/>
        <line num="121" count="81" type="stmt"/>
        <line num="125" count="11" type="stmt"/>
      </file>
    </package>
    <package name="cds-caching.srv">
      <metrics statements="72" coveredstatements="66" conditionals="4" coveredconditionals="4" methods="10" coveredmethods="10"/>
      <file name="caching-api-service.js" path="/Users/mikezaschka/workspace/cds-caching/srv/caching-api-service.js">
        <metrics statements="72" coveredstatements="66" conditionals="4" coveredconditionals="4" methods="10" coveredmethods="10"/>
        <line num="1" count="7" type="stmt"/>
        <line num="4" count="7" type="stmt"/>
        <line num="9" count="7" type="stmt"/>
        <line num="10" count="3" type="stmt"/>
        <line num="11" count="3" type="stmt"/>
        <line num="12" count="3" type="stmt"/>
        <line num="13" count="3" type="stmt"/>
        <line num="14" count="3" type="stmt"/>
        <line num="15" count="3" type="cond" truecount="2" falsecount="0"/>
        <line num="16" count="3" type="stmt"/>
        <line num="18" count="0" type="stmt"/>
        <line num="19" count="0" type="stmt"/>
        <line num="24" count="7" type="stmt"/>
        <line num="25" count="2" type="stmt"/>
        <line num="26" count="2" type="stmt"/>
        <line num="27" count="2" type="stmt"/>
        <line num="28" count="2" type="stmt"/>
        <line num="29" count="2" type="stmt"/>
        <line num="30" count="2" type="cond" truecount="2" falsecount="0"/>
        <line num="31" count="2" type="stmt"/>
        <line num="33" count="0" type="stmt"/>
        <line num="34" count="0" type="stmt"/>
        <line num="39" count="7" type="stmt"/>
        <line num="40" count="6" type="stmt"/>
        <line num="41" count="6" type="stmt"/>
        <line num="42" count="6" type="stmt"/>
        <line num="43" count="6" type="stmt"/>
        <line num="44" count="6" type="stmt"/>
        <line num="45" count="10" type="stmt"/>
        <line num="52" count="6" type="stmt"/>
        <line num="54" count="0" type="stmt"/>
        <line num="55" count="0" type="stmt"/>
        <line num="60" count="7" type="stmt"/>
        <line num="61" count="5" type="stmt"/>
        <line num="62" count="5" type="stmt"/>
        <line num="63" count="5" type="stmt"/>
        <line num="64" count="5" type="stmt"/>
        <line num="65" count="5" type="stmt"/>
        <line num="71" count="7" type="stmt"/>
        <line num="72" count="13" type="stmt"/>
        <line num="73" count="13" type="stmt"/>
        <line num="74" count="13" type="stmt"/>
        <line num="75" count="13" type="stmt"/>
        <line num="76" count="13" type="stmt"/>
        <line num="77" count="13" type="stmt"/>
        <line num="81" count="7" type="stmt"/>
        <line num="82" count="6" type="stmt"/>
        <line num="83" count="6" type="stmt"/>
        <line num="84" count="6" type="stmt"/>
        <line num="85" count="6" type="stmt"/>
        <line num="86" count="6" type="stmt"/>
        <line num="87" count="6" type="stmt"/>
        <line num="91" count="7" type="stmt"/>
        <line num="92" count="2" type="stmt"/>
        <line num="93" count="2" type="stmt"/>
        <line num="94" count="2" type="stmt"/>
        <line num="95" count="2" type="stmt"/>
        <line num="96" count="2" type="stmt"/>
        <line num="100" count="7" type="stmt"/>
        <line num="101" count="1" type="stmt"/>
        <line num="102" count="1" type="stmt"/>
        <line num="103" count="1" type="stmt"/>
        <line num="104" count="1" type="stmt"/>
        <line num="105" count="1" type="stmt"/>
        <line num="109" count="7" type="stmt"/>
        <line num="110" count="1" type="stmt"/>
        <line num="111" count="1" type="stmt"/>
        <line num="112" count="1" type="stmt"/>
        <line num="113" count="1" type="stmt"/>
        <line num="114" count="1" type="stmt"/>
        <line num="117" count="7" type="stmt"/>
        <line num="124" count="7" type="stmt"/>
      </file>
    </package>
    <package name="cds-caching.test.app.srv">
      <metrics statements="33" coveredstatements="20" conditionals="14" coveredconditionals="1" methods="9" coveredmethods="6"/>
      <file name="app-service.js" path="/Users/mikezaschka/workspace/cds-caching/test/app/srv/app-service.js">
        <metrics statements="33" coveredstatements="20" conditionals="14" coveredconditionals="1" methods="9" coveredmethods="6"/>
        <line num="1" count="7" type="stmt"/>
        <line num="5" count="7" type="stmt"/>
        <line num="8" count="7" type="stmt"/>
        <line num="9" count="7" type="stmt"/>
        <line num="11" count="7" type="cond" truecount="1" falsecount="1"/>
        <line num="12" count="0" type="stmt"/>
        <line num="13" count="0" type="cond" truecount="0" falsecount="2"/>
        <line num="16" count="0" type="cond" truecount="0" falsecount="2"/>
        <line num="17" count="0" type="stmt"/>
        <line num="20" count="0" type="stmt"/>
        <line num="23" count="0" type="cond" truecount="0" falsecount="4"/>
        <line num="25" count="0" type="cond" truecount="0" falsecount="2"/>
        <line num="27" count="0" type="stmt"/>
        <line num="30" count="0" type="stmt"/>
        <line num="33" count="0" type="cond" truecount="0" falsecount="2"/>
        <line num="34" count="0" type="stmt"/>
        <line num="35" count="0" type="stmt"/>
        <line num="42" count="0" type="stmt"/>
        <line num="45" count="7" type="stmt"/>
        <line num="47" count="11" type="stmt"/>
        <line num="48" count="11" type="stmt"/>
        <line num="50" count="7" type="stmt"/>
        <line num="51" count="67" type="stmt"/>
        <line num="52" count="67" type="stmt"/>
        <line num="54" count="7" type="stmt"/>
        <line num="55" count="2" type="stmt"/>
        <line num="56" count="2" type="stmt"/>
        <line num="57" count="2" type="stmt"/>
        <line num="59" count="7" type="stmt"/>
        <line num="60" count="1" type="stmt"/>
        <line num="61" count="1" type="stmt"/>
        <line num="63" count="7" type="stmt"/>
        <line num="67" count="7" type="stmt"/>
      </file>
    </package>
  </project>
</coverage>
