{"/Users/mikezaschka/workspace/cds-caching/cds-plugin.js": {"path":"/Users/mikezaschka/workspace/cds-caching/cds-plugin.js","statementMap":{"0":{"start":{"line":1,"column":12},"end":{"line":1,"column":31}},"1":{"start":{"line":2,"column":23},"end":{"line":2,"column":54}},"2":{"start":{"line":3,"column":35},"end":{"line":3,"column":56}},"3":{"start":{"line":5,"column":0},"end":{"line":5,"column":40}},"4":{"start":{"line":7,"column":0},"end":{"line":7,"column":49}}},"fnMap":{},"branchMap":{},"s":{"0":10,"1":10,"2":10,"3":10,"4":10},"f":{},"b":{},"_coverageSchema":"1a1c01bbd47fc00a2c39e90264f33305004495a9","hash":"793b06e6a31b93cf436bb97673acc80b6c104879"}
,"/Users/mikezaschka/workspace/cds-caching/lib/CachingService.js": {"path":"/Users/mikezaschka/workspace/cds-caching/lib/CachingService.js","statementMap":{"0":{"start":{"line":1,"column":12},"end":{"line":1,"column":31}},"1":{"start":{"line":2,"column":26},"end":{"line":2,"column":64}},"2":{"start":{"line":3,"column":19},"end":{"line":3,"column":50}},"3":{"start":{"line":4,"column":20},"end":{"line":4,"column":52}},"4":{"start":{"line":5,"column":36},"end":{"line":5,"column":84}},"5":{"start":{"line":6,"column":31},"end":{"line":6,"column":74}},"6":{"start":{"line":7,"column":24},"end":{"line":7,"column":63}},"7":{"start":{"line":8,"column":22},"end":{"line":8,"column":59}},"8":{"start":{"line":9,"column":24},"end":{"line":9,"column":63}},"9":{"start":{"line":14,"column":8},"end":{"line":14,"column":20}},"10":{"start":{"line":15,"column":8},"end":{"line":15,"column":41}},"11":{"start":{"line":16,"column":8},"end":{"line":20,"column":10}},"12":{"start":{"line":23,"column":8},"end":{"line":23,"column":52}},"13":{"start":{"line":24,"column":8},"end":{"line":24,"column":103}},"14":{"start":{"line":25,"column":8},"end":{"line":25,"column":68}},"15":{"start":{"line":26,"column":8},"end":{"line":26,"column":45}},"16":{"start":{"line":29,"column":35},"end":{"line":29,"column":89}},"17":{"start":{"line":30,"column":8},"end":{"line":30,"column":27}},"18":{"start":{"line":31,"column":8},"end":{"line":31,"column":120}},"19":{"start":{"line":34,"column":8},"end":{"line":34,"column":38}},"20":{"start":{"line":39,"column":26},"end":{"line":45,"column":9}},"21":{"start":{"line":40,"column":12},"end":{"line":40,"column":52}},"22":{"start":{"line":41,"column":12},"end":{"line":43,"column":13}},"23":{"start":{"line":42,"column":16},"end":{"line":42,"column":68}},"24":{"start":{"line":44,"column":12},"end":{"line":44,"column":89}},"25":{"start":{"line":47,"column":26},"end":{"line":58,"column":9}},"26":{"start":{"line":48,"column":26},"end":{"line":48,"column":62}},"27":{"start":{"line":49,"column":12},"end":{"line":49,"column":52}},"28":{"start":{"line":50,"column":12},"end":{"line":56,"column":13}},"29":{"start":{"line":51,"column":16},"end":{"line":55,"column":17}},"30":{"start":{"line":52,"column":20},"end":{"line":52,"column":45}},"31":{"start":{"line":54,"column":20},"end":{"line":54,"column":33}},"32":{"start":{"line":57,"column":12},"end":{"line":57,"column":25}},"33":{"start":{"line":60,"column":29},"end":{"line":63,"column":9}},"34":{"start":{"line":61,"column":12},"end":{"line":61,"column":55}},"35":{"start":{"line":62,"column":12},"end":{"line":62,"column":52}},"36":{"start":{"line":65,"column":28},"end":{"line":80,"column":9}},"37":{"start":{"line":66,"column":12},"end":{"line":66,"column":36}},"38":{"start":{"line":67,"column":12},"end":{"line":67,"column":37}},"39":{"start":{"line":70,"column":12},"end":{"line":79,"column":13}},"40":{"start":{"line":71,"column":16},"end":{"line":71,"column":58}},"41":{"start":{"line":73,"column":16},"end":{"line":78,"column":17}},"42":{"start":{"line":74,"column":20},"end":{"line":74,"column":58}},"43":{"start":{"line":75,"column":20},"end":{"line":75,"column":61}},"44":{"start":{"line":77,"column":20},"end":{"line":77,"column":95}},"45":{"start":{"line":83,"column":8},"end":{"line":83,"column":45}},"46":{"start":{"line":84,"column":8},"end":{"line":84,"column":45}},"47":{"start":{"line":85,"column":8},"end":{"line":85,"column":51}},"48":{"start":{"line":86,"column":8},"end":{"line":86,"column":49}},"49":{"start":{"line":88,"column":23},"end":{"line":88,"column":80}},"50":{"start":{"line":91,"column":8},"end":{"line":93,"column":11}},"51":{"start":{"line":94,"column":8},"end":{"line":94,"column":67}},"52":{"start":{"line":95,"column":8},"end":{"line":95,"column":61}},"53":{"start":{"line":98,"column":8},"end":{"line":103,"column":10}},"54":{"start":{"line":105,"column":8},"end":{"line":111,"column":10}},"55":{"start":{"line":113,"column":8},"end":{"line":118,"column":10}},"56":{"start":{"line":122,"column":8},"end":{"line":122,"column":36}},"57":{"start":{"line":129,"column":25},"end":{"line":129,"column":67}},"58":{"start":{"line":131,"column":25},"end":{"line":131,"column":66}},"59":{"start":{"line":132,"column":25},"end":{"line":132,"column":66}},"60":{"start":{"line":133,"column":25},"end":{"line":133,"column":66}},"61":{"start":{"line":134,"column":28},"end":{"line":134,"column":72}},"62":{"start":{"line":135,"column":27},"end":{"line":135,"column":70}},"63":{"start":{"line":136,"column":33},"end":{"line":136,"column":82}},"64":{"start":{"line":137,"column":30},"end":{"line":137,"column":76}},"65":{"start":{"line":138,"column":26},"end":{"line":138,"column":68}},"66":{"start":{"line":139,"column":31},"end":{"line":139,"column":84}},"67":{"start":{"line":146,"column":8},"end":{"line":151,"column":9}},"68":{"start":{"line":147,"column":31},"end":{"line":147,"column":63}},"69":{"start":{"line":148,"column":30},"end":{"line":148,"column":61}},"70":{"start":{"line":149,"column":31},"end":{"line":149,"column":65}},"71":{"start":{"line":150,"column":31},"end":{"line":150,"column":65}},"72":{"start":{"line":164,"column":8},"end":{"line":168,"column":9}},"73":{"start":{"line":165,"column":12},"end":{"line":165,"column":39}},"74":{"start":{"line":167,"column":12},"end":{"line":167,"column":56}},"75":{"start":{"line":177,"column":8},"end":{"line":181,"column":9}},"76":{"start":{"line":178,"column":12},"end":{"line":178,"column":38}},"77":{"start":{"line":180,"column":12},"end":{"line":180,"column":55}},"78":{"start":{"line":190,"column":32},"end":{"line":190,"column":53}},"79":{"start":{"line":191,"column":8},"end":{"line":194,"column":9}},"80":{"start":{"line":192,"column":27},"end":{"line":192,"column":57}},"81":{"start":{"line":193,"column":12},"end":{"line":193,"column":33}},"82":{"start":{"line":203,"column":23},"end":{"line":203,"column":50}},"83":{"start":{"line":204,"column":8},"end":{"line":204,"column":29}},"84":{"start":{"line":217,"column":33},"end":{"line":217,"column":78}},"85":{"start":{"line":227,"column":8},"end":{"line":227,"column":62}},"86":{"start":{"line":231,"column":8},"end":{"line":231,"column":60}},"87":{"start":{"line":239,"column":8},"end":{"line":239,"column":49}},"88":{"start":{"line":247,"column":8},"end":{"line":247,"column":54}},"89":{"start":{"line":257,"column":8},"end":{"line":257,"column":46}},"90":{"start":{"line":265,"column":8},"end":{"line":265,"column":49}},"91":{"start":{"line":274,"column":8},"end":{"line":274,"column":67}},"92":{"start":{"line":275,"column":8},"end":{"line":275,"column":47}},"93":{"start":{"line":284,"column":8},"end":{"line":284,"column":70}},"94":{"start":{"line":285,"column":8},"end":{"line":285,"column":50}},"95":{"start":{"line":293,"column":8},"end":{"line":293,"column":48}},"96":{"start":{"line":301,"column":8},"end":{"line":301,"column":73}},"97":{"start":{"line":309,"column":8},"end":{"line":309,"column":46}},"98":{"start":{"line":319,"column":8},"end":{"line":319,"column":106}},"99":{"start":{"line":327,"column":8},"end":{"line":327,"column":40}},"100":{"start":{"line":340,"column":8},"end":{"line":342,"column":11}},"101":{"start":{"line":341,"column":12},"end":{"line":341,"column":45}},"102":{"start":{"line":344,"column":8},"end":{"line":346,"column":11}},"103":{"start":{"line":345,"column":12},"end":{"line":345,"column":45}},"104":{"start":{"line":348,"column":8},"end":{"line":350,"column":11}},"105":{"start":{"line":349,"column":12},"end":{"line":349,"column":45}},"106":{"start":{"line":358,"column":8},"end":{"line":364,"column":9}},"107":{"start":{"line":359,"column":27},"end":{"line":359,"column":85}},"108":{"start":{"line":360,"column":12},"end":{"line":360,"column":72}},"109":{"start":{"line":361,"column":12},"end":{"line":361,"column":70}},"110":{"start":{"line":363,"column":12},"end":{"line":363,"column":97}},"111":{"start":{"line":369,"column":0},"end":{"line":369,"column":32}}},"fnMap":{"0":{"name":"(anonymous_0)","decl":{"start":{"line":13,"column":4},"end":{"line":13,"column":5}},"loc":{"start":{"line":13,"column":17},"end":{"line":123,"column":5}},"line":13},"1":{"name":"(anonymous_1)","decl":{"start":{"line":39,"column":26},"end":{"line":39,"column":27}},"loc":{"start":{"line":39,"column":43},"end":{"line":45,"column":9}},"line":39},"2":{"name":"(anonymous_2)","decl":{"start":{"line":47,"column":26},"end":{"line":47,"column":27}},"loc":{"start":{"line":47,"column":43},"end":{"line":58,"column":9}},"line":47},"3":{"name":"(anonymous_3)","decl":{"start":{"line":60,"column":29},"end":{"line":60,"column":30}},"loc":{"start":{"line":60,"column":46},"end":{"line":63,"column":9}},"line":60},"4":{"name":"(anonymous_4)","decl":{"start":{"line":65,"column":28},"end":{"line":65,"column":29}},"loc":{"start":{"line":65,"column":45},"end":{"line":80,"column":9}},"line":65},"5":{"name":"(anonymous_5)","decl":{"start":{"line":129,"column":4},"end":{"line":129,"column":5}},"loc":{"start":{"line":129,"column":23},"end":{"line":129,"column":69}},"line":129},"6":{"name":"(anonymous_6)","decl":{"start":{"line":131,"column":4},"end":{"line":131,"column":5}},"loc":{"start":{"line":131,"column":23},"end":{"line":131,"column":68}},"line":131},"7":{"name":"(anonymous_7)","decl":{"start":{"line":132,"column":4},"end":{"line":132,"column":5}},"loc":{"start":{"line":132,"column":23},"end":{"line":132,"column":68}},"line":132},"8":{"name":"(anonymous_8)","decl":{"start":{"line":133,"column":4},"end":{"line":133,"column":5}},"loc":{"start":{"line":133,"column":23},"end":{"line":133,"column":68}},"line":133},"9":{"name":"(anonymous_9)","decl":{"start":{"line":134,"column":4},"end":{"line":134,"column":5}},"loc":{"start":{"line":134,"column":26},"end":{"line":134,"column":74}},"line":134},"10":{"name":"(anonymous_10)","decl":{"start":{"line":135,"column":4},"end":{"line":135,"column":5}},"loc":{"start":{"line":135,"column":25},"end":{"line":135,"column":72}},"line":135},"11":{"name":"(anonymous_11)","decl":{"start":{"line":136,"column":4},"end":{"line":136,"column":5}},"loc":{"start":{"line":136,"column":31},"end":{"line":136,"column":84}},"line":136},"12":{"name":"(anonymous_12)","decl":{"start":{"line":137,"column":4},"end":{"line":137,"column":5}},"loc":{"start":{"line":137,"column":28},"end":{"line":137,"column":78}},"line":137},"13":{"name":"(anonymous_13)","decl":{"start":{"line":138,"column":4},"end":{"line":138,"column":5}},"loc":{"start":{"line":138,"column":24},"end":{"line":138,"column":70}},"line":138},"14":{"name":"(anonymous_14)","decl":{"start":{"line":139,"column":4},"end":{"line":139,"column":5}},"loc":{"start":{"line":139,"column":29},"end":{"line":139,"column":86}},"line":139},"15":{"name":"(anonymous_15)","decl":{"start":{"line":145,"column":4},"end":{"line":145,"column":5}},"loc":{"start":{"line":145,"column":13},"end":{"line":152,"column":5}},"line":145},"16":{"name":"(anonymous_16)","decl":{"start":{"line":147,"column":18},"end":{"line":147,"column":19}},"loc":{"start":{"line":147,"column":31},"end":{"line":147,"column":63}},"line":147},"17":{"name":"(anonymous_17)","decl":{"start":{"line":148,"column":17},"end":{"line":148,"column":18}},"loc":{"start":{"line":148,"column":30},"end":{"line":148,"column":61}},"line":148},"18":{"name":"(anonymous_18)","decl":{"start":{"line":149,"column":18},"end":{"line":149,"column":19}},"loc":{"start":{"line":149,"column":31},"end":{"line":149,"column":65}},"line":149},"19":{"name":"(anonymous_19)","decl":{"start":{"line":150,"column":18},"end":{"line":150,"column":19}},"loc":{"start":{"line":150,"column":31},"end":{"line":150,"column":65}},"line":150},"20":{"name":"(anonymous_20)","decl":{"start":{"line":163,"column":4},"end":{"line":163,"column":5}},"loc":{"start":{"line":163,"column":24},"end":{"line":169,"column":5}},"line":163},"21":{"name":"(anonymous_21)","decl":{"start":{"line":176,"column":4},"end":{"line":176,"column":5}},"loc":{"start":{"line":176,"column":23},"end":{"line":182,"column":5}},"line":176},"22":{"name":"(anonymous_22)","decl":{"start":{"line":189,"column":4},"end":{"line":189,"column":5}},"loc":{"start":{"line":189,"column":18},"end":{"line":195,"column":5}},"line":189},"23":{"name":"(anonymous_23)","decl":{"start":{"line":191,"column":15},"end":{"line":191,"column":16}},"loc":{"start":{"line":191,"column":34},"end":{"line":194,"column":9}},"line":191},"24":{"name":"(anonymous_24)","decl":{"start":{"line":202,"column":4},"end":{"line":202,"column":5}},"loc":{"start":{"line":202,"column":24},"end":{"line":205,"column":5}},"line":202},"25":{"name":"(anonymous_25)","decl":{"start":{"line":217,"column":4},"end":{"line":217,"column":5}},"loc":{"start":{"line":217,"column":31},"end":{"line":217,"column":80}},"line":217},"26":{"name":"(anonymous_26)","decl":{"start":{"line":226,"column":4},"end":{"line":226,"column":5}},"loc":{"start":{"line":226,"column":31},"end":{"line":228,"column":5}},"line":226},"27":{"name":"(anonymous_27)","decl":{"start":{"line":230,"column":4},"end":{"line":230,"column":5}},"loc":{"start":{"line":230,"column":39},"end":{"line":232,"column":5}},"line":230},"28":{"name":"(anonymous_28)","decl":{"start":{"line":238,"column":4},"end":{"line":238,"column":5}},"loc":{"start":{"line":238,"column":30},"end":{"line":240,"column":5}},"line":238},"29":{"name":"(anonymous_29)","decl":{"start":{"line":246,"column":4},"end":{"line":246,"column":5}},"loc":{"start":{"line":246,"column":33},"end":{"line":248,"column":5}},"line":246},"30":{"name":"(anonymous_30)","decl":{"start":{"line":256,"column":4},"end":{"line":256,"column":5}},"loc":{"start":{"line":256,"column":25},"end":{"line":258,"column":5}},"line":256},"31":{"name":"(anonymous_31)","decl":{"start":{"line":264,"column":4},"end":{"line":264,"column":5}},"loc":{"start":{"line":264,"column":28},"end":{"line":266,"column":5}},"line":264},"32":{"name":"(anonymous_32)","decl":{"start":{"line":273,"column":4},"end":{"line":273,"column":5}},"loc":{"start":{"line":273,"column":37},"end":{"line":276,"column":5}},"line":273},"33":{"name":"(anonymous_33)","decl":{"start":{"line":283,"column":4},"end":{"line":283,"column":5}},"loc":{"start":{"line":283,"column":40},"end":{"line":286,"column":5}},"line":283},"34":{"name":"(anonymous_34)","decl":{"start":{"line":292,"column":4},"end":{"line":292,"column":5}},"loc":{"start":{"line":292,"column":27},"end":{"line":294,"column":5}},"line":292},"35":{"name":"(anonymous_35)","decl":{"start":{"line":300,"column":4},"end":{"line":300,"column":5}},"loc":{"start":{"line":300,"column":36},"end":{"line":302,"column":5}},"line":300},"36":{"name":"(anonymous_36)","decl":{"start":{"line":308,"column":4},"end":{"line":308,"column":5}},"loc":{"start":{"line":308,"column":39},"end":{"line":310,"column":5}},"line":308},"37":{"name":"(anonymous_37)","decl":{"start":{"line":318,"column":4},"end":{"line":318,"column":5}},"loc":{"start":{"line":318,"column":56},"end":{"line":320,"column":5}},"line":318},"38":{"name":"(anonymous_38)","decl":{"start":{"line":326,"column":4},"end":{"line":326,"column":5}},"loc":{"start":{"line":326,"column":20},"end":{"line":328,"column":5}},"line":326},"39":{"name":"(anonymous_39)","decl":{"start":{"line":338,"column":4},"end":{"line":338,"column":5}},"loc":{"start":{"line":338,"column":27},"end":{"line":351,"column":5}},"line":338},"40":{"name":"(anonymous_40)","decl":{"start":{"line":340,"column":27},"end":{"line":340,"column":28}},"loc":{"start":{"line":340,"column":36},"end":{"line":342,"column":9}},"line":340},"41":{"name":"(anonymous_41)","decl":{"start":{"line":344,"column":27},"end":{"line":344,"column":28}},"loc":{"start":{"line":344,"column":36},"end":{"line":346,"column":9}},"line":344},"42":{"name":"(anonymous_42)","decl":{"start":{"line":348,"column":30},"end":{"line":348,"column":31}},"loc":{"start":{"line":348,"column":39},"end":{"line":350,"column":9}},"line":348},"43":{"name":"(anonymous_43)","decl":{"start":{"line":357,"column":4},"end":{"line":357,"column":5}},"loc":{"start":{"line":357,"column":37},"end":{"line":365,"column":5}},"line":357}},"branchMap":{"0":{"loc":{"start":{"line":16,"column":23},"end":{"line":20,"column":9}},"type":"binary-expr","locations":[{"start":{"line":16,"column":23},"end":{"line":16,"column":35}},{"start":{"line":16,"column":39},"end":{"line":20,"column":9}}],"line":16},"1":{"loc":{"start":{"line":31,"column":81},"end":{"line":31,"column":116}},"type":"binary-expr","locations":[{"start":{"line":31,"column":81},"end":{"line":31,"column":103}},{"start":{"line":31,"column":107},"end":{"line":31,"column":116}}],"line":31},"2":{"loc":{"start":{"line":41,"column":12},"end":{"line":43,"column":13}},"type":"if","locations":[{"start":{"line":41,"column":12},"end":{"line":43,"column":13}},{"start":{},"end":{}}],"line":41},"3":{"loc":{"start":{"line":44,"column":68},"end":{"line":44,"column":87}},"type":"binary-expr","locations":[{"start":{"line":44,"column":68},"end":{"line":44,"column":82}},{"start":{"line":44,"column":86},"end":{"line":44,"column":87}}],"line":44},"4":{"loc":{"start":{"line":50,"column":12},"end":{"line":56,"column":13}},"type":"if","locations":[{"start":{"line":50,"column":12},"end":{"line":56,"column":13}},{"start":{},"end":{}}],"line":50},"5":{"loc":{"start":{"line":70,"column":12},"end":{"line":79,"column":13}},"type":"if","locations":[{"start":{"line":70,"column":12},"end":{"line":79,"column":13}},{"start":{},"end":{}}],"line":70},"6":{"loc":{"start":{"line":164,"column":8},"end":{"line":168,"column":9}},"type":"if","locations":[{"start":{"line":164,"column":8},"end":{"line":168,"column":9}},{"start":{"line":166,"column":15},"end":{"line":168,"column":9}}],"line":164},"7":{"loc":{"start":{"line":164,"column":12},"end":{"line":164,"column":115}},"type":"binary-expr","locations":[{"start":{"line":164,"column":12},"end":{"line":164,"column":39}},{"start":{"line":164,"column":43},"end":{"line":164,"column":56}},{"start":{"line":164,"column":60},"end":{"line":164,"column":87}},{"start":{"line":164,"column":91},"end":{"line":164,"column":115}}],"line":164},"8":{"loc":{"start":{"line":177,"column":8},"end":{"line":181,"column":9}},"type":"if","locations":[{"start":{"line":177,"column":8},"end":{"line":181,"column":9}},{"start":{"line":179,"column":15},"end":{"line":181,"column":9}}],"line":177},"9":{"loc":{"start":{"line":177,"column":12},"end":{"line":177,"column":130}},"type":"binary-expr","locations":[{"start":{"line":177,"column":12},"end":{"line":177,"column":39}},{"start":{"line":177,"column":43},"end":{"line":177,"column":130}}],"line":177},"10":{"loc":{"start":{"line":318,"column":39},"end":{"line":318,"column":54}},"type":"default-arg","locations":[{"start":{"line":318,"column":49},"end":{"line":318,"column":54}}],"line":318},"11":{"loc":{"start":{"line":319,"column":51},"end":{"line":319,"column":80}},"type":"cond-expr","locations":[{"start":{"line":319,"column":61},"end":{"line":319,"column":68}},{"start":{"line":319,"column":71},"end":{"line":319,"column":80}}],"line":319}},"s":{"0":10,"1":10,"2":10,"3":10,"4":10,"5":10,"6":10,"7":10,"8":10,"9":161,"10":161,"11":161,"12":161,"13":161,"14":161,"15":161,"16":161,"17":161,"18":161,"19":161,"20":161,"21":340,"22":340,"23":340,"24":340,"25":161,"26":280,"27":280,"28":280,"29":249,"30":249,"31":0,"32":31,"33":161,"34":12,"35":12,"36":161,"37":326,"38":326,"39":326,"40":326,"41":326,"42":326,"43":239,"44":87,"45":161,"46":161,"47":161,"48":161,"49":161,"50":161,"51":161,"52":161,"53":161,"54":161,"55":161,"56":161,"57":31,"58":77,"59":215,"60":328,"61":11,"62":326,"63":2,"64":6,"65":3,"66":8,"67":309,"68":101,"69":108,"70":47,"71":53,"72":960,"73":959,"74":1,"75":960,"76":959,"77":1,"78":1,"79":1,"80":1,"81":1,"82":1,"83":1,"84":0,"85":1,"86":1,"87":24,"88":10,"89":65,"90":65,"91":101,"92":101,"93":78,"94":78,"95":8,"96":5,"97":58,"98":12,"99":0,"100":161,"101":280,"102":161,"103":341,"104":161,"105":12,"106":58,"107":58,"108":58,"109":0,"110":58,"111":10},"f":{"0":161,"1":340,"2":280,"3":12,"4":326,"5":31,"6":77,"7":215,"8":328,"9":11,"10":326,"11":2,"12":6,"13":3,"14":8,"15":309,"16":101,"17":108,"18":47,"19":53,"20":960,"21":960,"22":1,"23":1,"24":1,"25":0,"26":1,"27":1,"28":24,"29":10,"30":65,"31":65,"32":101,"33":78,"34":8,"35":5,"36":58,"37":12,"38":0,"39":161,"40":280,"41":341,"42":12,"43":58},"b":{"0":[161,0],"1":[161,152],"2":[340,0],"3":[340,280],"4":[249,31],"5":[326,0],"6":[959,1],"7":[960,1,1,1],"8":[959,1],"9":[960,959],"10":[0],"11":[6,6]},"_coverageSchema":"1a1c01bbd47fc00a2c39e90264f33305004495a9","hash":"88d24c5a65d3b2b76e9b9845c7d3206e4a51c15e"}
,"/Users/mikezaschka/workspace/cds-caching/lib/util.js": {"path":"/Users/mikezaschka/workspace/cds-caching/lib/util.js","statementMap":{"0":{"start":{"line":1,"column":12},"end":{"line":1,"column":31}},"1":{"start":{"line":3,"column":31},"end":{"line":16,"column":1}},"2":{"start":{"line":4,"column":19},"end":{"line":4,"column":21}},"3":{"start":{"line":5,"column":4},"end":{"line":10,"column":5}},"4":{"start":{"line":6,"column":8},"end":{"line":9,"column":9}},"5":{"start":{"line":7,"column":27},"end":{"line":7,"column":68}},"6":{"start":{"line":8,"column":12},"end":{"line":8,"column":41}},"7":{"start":{"line":12,"column":4},"end":{"line":14,"column":5}},"8":{"start":{"line":13,"column":8},"end":{"line":13,"column":42}},"9":{"start":{"line":15,"column":4},"end":{"line":15,"column":63}},"10":{"start":{"line":19,"column":37},"end":{"line":60,"column":1}},"11":{"start":{"line":20,"column":28},"end":{"line":20,"column":30}},"12":{"start":{"line":22,"column":4},"end":{"line":38,"column":5}},"13":{"start":{"line":23,"column":8},"end":{"line":37,"column":9}},"14":{"start":{"line":25,"column":31},"end":{"line":25,"column":68}},"15":{"start":{"line":26,"column":12},"end":{"line":26,"column":36}},"16":{"start":{"line":28,"column":12},"end":{"line":36,"column":14}},"17":{"start":{"line":40,"column":4},"end":{"line":57,"column":5}},"18":{"start":{"line":41,"column":8},"end":{"line":56,"column":9}},"19":{"start":{"line":42,"column":12},"end":{"line":44,"column":13}},"20":{"start":{"line":42,"column":48},"end":{"line":42,"column":69}},"21":{"start":{"line":43,"column":16},"end":{"line":43,"column":25}},"22":{"start":{"line":46,"column":31},"end":{"line":46,"column":61}},"23":{"start":{"line":47,"column":12},"end":{"line":47,"column":36}},"24":{"start":{"line":49,"column":12},"end":{"line":55,"column":14}},"25":{"start":{"line":59,"column":4},"end":{"line":59,"column":27}},"26":{"start":{"line":62,"column":21},"end":{"line":77,"column":1}},"27":{"start":{"line":63,"column":18},"end":{"line":63,"column":77}},"28":{"start":{"line":64,"column":4},"end":{"line":64,"column":77}},"29":{"start":{"line":66,"column":4},"end":{"line":76,"column":6}},"30":{"start":{"line":67,"column":8},"end":{"line":75,"column":10}},"31":{"start":{"line":68,"column":26},"end":{"line":68,"column":85}},"32":{"start":{"line":69,"column":41},"end":{"line":73,"column":14}},"33":{"start":{"line":74,"column":12},"end":{"line":74,"column":26}},"34":{"start":{"line":79,"column":19},"end":{"line":91,"column":1}},"35":{"start":{"line":80,"column":4},"end":{"line":90,"column":6}},"36":{"start":{"line":81,"column":8},"end":{"line":89,"column":10}},"37":{"start":{"line":82,"column":26},"end":{"line":82,"column":85}},"38":{"start":{"line":83,"column":41},"end":{"line":87,"column":14}},"39":{"start":{"line":88,"column":12},"end":{"line":88,"column":26}},"40":{"start":{"line":93,"column":25},"end":{"line":120,"column":1}},"41":{"start":{"line":94,"column":4},"end":{"line":119,"column":5}},"42":{"start":{"line":95,"column":19},"end":{"line":95,"column":45}},"43":{"start":{"line":96,"column":27},"end":{"line":96,"column":60}},"44":{"start":{"line":99,"column":30},"end":{"line":99,"column":78}},"45":{"start":{"line":101,"column":8},"end":{"line":116,"column":9}},"46":{"start":{"line":103,"column":31},"end":{"line":106,"column":13}},"47":{"start":{"line":108,"column":12},"end":{"line":108,"column":56}},"48":{"start":{"line":109,"column":12},"end":{"line":109,"column":81}},"49":{"start":{"line":112,"column":12},"end":{"line":114,"column":44}},"50":{"start":{"line":115,"column":12},"end":{"line":115,"column":81}},"51":{"start":{"line":118,"column":8},"end":{"line":118,"column":101}},"52":{"start":{"line":122,"column":31},"end":{"line":199,"column":1}},"53":{"start":{"line":123,"column":4},"end":{"line":123,"column":32}},"54":{"start":{"line":126,"column":21},"end":{"line":126,"column":23}},"55":{"start":{"line":127,"column":4},"end":{"line":133,"column":5}},"56":{"start":{"line":129,"column":24},"end":{"line":129,"column":50}},"57":{"start":{"line":130,"column":8},"end":{"line":132,"column":9}},"58":{"start":{"line":131,"column":12},"end":{"line":131,"column":35}},"59":{"start":{"line":136,"column":4},"end":{"line":141,"column":5}},"60":{"start":{"line":137,"column":8},"end":{"line":140,"column":9}},"61":{"start":{"line":138,"column":28},"end":{"line":138,"column":54}},"62":{"start":{"line":139,"column":12},"end":{"line":139,"column":35}},"63":{"start":{"line":143,"column":4},"end":{"line":193,"column":5}},"64":{"start":{"line":144,"column":26},"end":{"line":144,"column":28}},"65":{"start":{"line":147,"column":8},"end":{"line":160,"column":9}},"66":{"start":{"line":148,"column":12},"end":{"line":159,"column":13}},"67":{"start":{"line":148,"column":48},"end":{"line":148,"column":72}},"68":{"start":{"line":149,"column":16},"end":{"line":149,"column":87}},"69":{"start":{"line":150,"column":16},"end":{"line":150,"column":52}},"70":{"start":{"line":153,"column":16},"end":{"line":153,"column":68}},"71":{"start":{"line":154,"column":16},"end":{"line":158,"column":18}},"72":{"start":{"line":163,"column":8},"end":{"line":192,"column":9}},"73":{"start":{"line":164,"column":12},"end":{"line":175,"column":13}},"74":{"start":{"line":164,"column":48},"end":{"line":164,"column":72}},"75":{"start":{"line":165,"column":16},"end":{"line":165,"column":50}},"76":{"start":{"line":166,"column":16},"end":{"line":166,"column":85}},"77":{"start":{"line":169,"column":16},"end":{"line":169,"column":66}},"78":{"start":{"line":170,"column":16},"end":{"line":174,"column":18}},"79":{"start":{"line":178,"column":12},"end":{"line":191,"column":13}},"80":{"start":{"line":179,"column":16},"end":{"line":190,"column":17}},"81":{"start":{"line":179,"column":52},"end":{"line":179,"column":76}},"82":{"start":{"line":180,"column":20},"end":{"line":180,"column":56}},"83":{"start":{"line":181,"column":20},"end":{"line":181,"column":97}},"84":{"start":{"line":184,"column":20},"end":{"line":184,"column":82}},"85":{"start":{"line":185,"column":20},"end":{"line":189,"column":22}},"86":{"start":{"line":195,"column":28},"end":{"line":195,"column":62}},"87":{"start":{"line":196,"column":4},"end":{"line":198,"column":5}},"88":{"start":{"line":197,"column":8},"end":{"line":197,"column":54}},"89":{"start":{"line":201,"column":0},"end":{"line":201,"column":43}}},"fnMap":{"0":{"name":"(anonymous_0)","decl":{"start":{"line":3,"column":31},"end":{"line":3,"column":32}},"loc":{"start":{"line":3,"column":51},"end":{"line":16,"column":1}},"line":3},"1":{"name":"(anonymous_1)","decl":{"start":{"line":19,"column":37},"end":{"line":19,"column":38}},"loc":{"start":{"line":19,"column":47},"end":{"line":60,"column":1}},"line":19},"2":{"name":"(anonymous_2)","decl":{"start":{"line":42,"column":37},"end":{"line":42,"column":38}},"loc":{"start":{"line":42,"column":48},"end":{"line":42,"column":69}},"line":42},"3":{"name":"(anonymous_3)","decl":{"start":{"line":62,"column":21},"end":{"line":62,"column":22}},"loc":{"start":{"line":62,"column":65},"end":{"line":77,"column":1}},"line":62},"4":{"name":"(anonymous_4)","decl":{"start":{"line":66,"column":20},"end":{"line":66,"column":21}},"loc":{"start":{"line":66,"column":32},"end":{"line":76,"column":5}},"line":66},"5":{"name":"(anonymous_5)","decl":{"start":{"line":67,"column":49},"end":{"line":67,"column":50}},"loc":{"start":{"line":67,"column":70},"end":{"line":75,"column":9}},"line":67},"6":{"name":"(anonymous_6)","decl":{"start":{"line":79,"column":19},"end":{"line":79,"column":20}},"loc":{"start":{"line":79,"column":46},"end":{"line":91,"column":1}},"line":79},"7":{"name":"(anonymous_7)","decl":{"start":{"line":80,"column":20},"end":{"line":80,"column":21}},"loc":{"start":{"line":80,"column":32},"end":{"line":90,"column":5}},"line":80},"8":{"name":"(anonymous_8)","decl":{"start":{"line":81,"column":40},"end":{"line":81,"column":41}},"loc":{"start":{"line":81,"column":61},"end":{"line":89,"column":9}},"line":81},"9":{"name":"(anonymous_9)","decl":{"start":{"line":93,"column":25},"end":{"line":93,"column":26}},"loc":{"start":{"line":93,"column":66},"end":{"line":120,"column":1}},"line":93},"10":{"name":"(anonymous_10)","decl":{"start":{"line":122,"column":31},"end":{"line":122,"column":32}},"loc":{"start":{"line":122,"column":47},"end":{"line":199,"column":1}},"line":122},"11":{"name":"(anonymous_11)","decl":{"start":{"line":148,"column":41},"end":{"line":148,"column":42}},"loc":{"start":{"line":148,"column":48},"end":{"line":148,"column":72}},"line":148},"12":{"name":"(anonymous_12)","decl":{"start":{"line":164,"column":41},"end":{"line":164,"column":42}},"loc":{"start":{"line":164,"column":48},"end":{"line":164,"column":72}},"line":164},"13":{"name":"(anonymous_13)","decl":{"start":{"line":179,"column":45},"end":{"line":179,"column":46}},"loc":{"start":{"line":179,"column":52},"end":{"line":179,"column":76}},"line":179}},"branchMap":{"0":{"loc":{"start":{"line":6,"column":8},"end":{"line":9,"column":9}},"type":"if","locations":[{"start":{"line":6,"column":8},"end":{"line":9,"column":9}},{"start":{},"end":{}}],"line":6},"1":{"loc":{"start":{"line":12,"column":4},"end":{"line":14,"column":5}},"type":"if","locations":[{"start":{"line":12,"column":4},"end":{"line":14,"column":5}},{"start":{},"end":{}}],"line":12},"2":{"loc":{"start":{"line":12,"column":8},"end":{"line":12,"column":70}},"type":"binary-expr","locations":[{"start":{"line":12,"column":8},"end":{"line":12,"column":40}},{"start":{"line":12,"column":44},"end":{"line":12,"column":70}}],"line":12},"3":{"loc":{"start":{"line":15,"column":11},"end":{"line":15,"column":62}},"type":"cond-expr","locations":[{"start":{"line":15,"column":44},"end":{"line":15,"column":50}},{"start":{"line":15,"column":53},"end":{"line":15,"column":62}}],"line":15},"4":{"loc":{"start":{"line":23,"column":8},"end":{"line":37,"column":9}},"type":"if","locations":[{"start":{"line":23,"column":8},"end":{"line":37,"column":9}},{"start":{},"end":{}}],"line":23},"5":{"loc":{"start":{"line":23,"column":12},"end":{"line":23,"column":109}},"type":"binary-expr","locations":[{"start":{"line":23,"column":12},"end":{"line":23,"column":25}},{"start":{"line":23,"column":29},"end":{"line":23,"column":54}},{"start":{"line":23,"column":58},"end":{"line":23,"column":109}}],"line":23},"6":{"loc":{"start":{"line":25,"column":31},"end":{"line":25,"column":68}},"type":"binary-expr","locations":[{"start":{"line":25,"column":31},"end":{"line":25,"column":62}},{"start":{"line":25,"column":66},"end":{"line":25,"column":68}}],"line":25},"7":{"loc":{"start":{"line":30,"column":22},"end":{"line":30,"column":57}},"type":"binary-expr","locations":[{"start":{"line":30,"column":22},"end":{"line":30,"column":40}},{"start":{"line":30,"column":44},"end":{"line":30,"column":57}}],"line":30},"8":{"loc":{"start":{"line":31,"column":23},"end":{"line":31,"column":54}},"type":"binary-expr","locations":[{"start":{"line":31,"column":23},"end":{"line":31,"column":42}},{"start":{"line":31,"column":46},"end":{"line":31,"column":54}}],"line":31},"9":{"loc":{"start":{"line":32,"column":27},"end":{"line":32,"column":65}},"type":"binary-expr","locations":[{"start":{"line":32,"column":27},"end":{"line":32,"column":50}},{"start":{"line":32,"column":54},"end":{"line":32,"column":65}}],"line":32},"10":{"loc":{"start":{"line":41,"column":8},"end":{"line":56,"column":9}},"type":"if","locations":[{"start":{"line":41,"column":8},"end":{"line":56,"column":9}},{"start":{},"end":{}}],"line":41},"11":{"loc":{"start":{"line":42,"column":12},"end":{"line":44,"column":13}},"type":"if","locations":[{"start":{"line":42,"column":12},"end":{"line":44,"column":13}},{"start":{},"end":{}}],"line":42},"12":{"loc":{"start":{"line":46,"column":31},"end":{"line":46,"column":61}},"type":"binary-expr","locations":[{"start":{"line":46,"column":31},"end":{"line":46,"column":55}},{"start":{"line":46,"column":59},"end":{"line":46,"column":61}}],"line":46},"13":{"loc":{"start":{"line":51,"column":22},"end":{"line":51,"column":50}},"type":"binary-expr","locations":[{"start":{"line":51,"column":22},"end":{"line":51,"column":33}},{"start":{"line":51,"column":37},"end":{"line":51,"column":50}}],"line":51},"14":{"loc":{"start":{"line":52,"column":23},"end":{"line":52,"column":47}},"type":"binary-expr","locations":[{"start":{"line":52,"column":23},"end":{"line":52,"column":35}},{"start":{"line":52,"column":39},"end":{"line":52,"column":47}}],"line":52},"15":{"loc":{"start":{"line":53,"column":27},"end":{"line":53,"column":51}},"type":"binary-expr","locations":[{"start":{"line":53,"column":27},"end":{"line":53,"column":43}},{"start":{"line":53,"column":47},"end":{"line":53,"column":51}}],"line":53},"16":{"loc":{"start":{"line":62,"column":45},"end":{"line":62,"column":60}},"type":"default-arg","locations":[{"start":{"line":62,"column":55},"end":{"line":62,"column":60}}],"line":62},"17":{"loc":{"start":{"line":63,"column":39},"end":{"line":63,"column":76}},"type":"binary-expr","locations":[{"start":{"line":63,"column":39},"end":{"line":63,"column":63}},{"start":{"line":63,"column":67},"end":{"line":63,"column":76}}],"line":63},"18":{"loc":{"start":{"line":68,"column":47},"end":{"line":68,"column":84}},"type":"binary-expr","locations":[{"start":{"line":68,"column":47},"end":{"line":68,"column":71}},{"start":{"line":68,"column":75},"end":{"line":68,"column":84}}],"line":68},"19":{"loc":{"start":{"line":82,"column":47},"end":{"line":82,"column":84}},"type":"binary-expr","locations":[{"start":{"line":82,"column":47},"end":{"line":82,"column":71}},{"start":{"line":82,"column":75},"end":{"line":82,"column":84}}],"line":82},"20":{"loc":{"start":{"line":93,"column":43},"end":{"line":93,"column":61}},"type":"default-arg","locations":[{"start":{"line":93,"column":59},"end":{"line":93,"column":61}}],"line":93},"21":{"loc":{"start":{"line":101,"column":8},"end":{"line":116,"column":9}},"type":"if","locations":[{"start":{"line":101,"column":8},"end":{"line":116,"column":9}},{"start":{"line":110,"column":15},"end":{"line":116,"column":9}}],"line":101},"22":{"loc":{"start":{"line":130,"column":8},"end":{"line":132,"column":9}},"type":"if","locations":[{"start":{"line":130,"column":8},"end":{"line":132,"column":9}},{"start":{},"end":{}}],"line":130},"23":{"loc":{"start":{"line":137,"column":8},"end":{"line":140,"column":9}},"type":"if","locations":[{"start":{"line":137,"column":8},"end":{"line":140,"column":9}},{"start":{},"end":{}}],"line":137},"24":{"loc":{"start":{"line":137,"column":12},"end":{"line":137,"column":91}},"type":"binary-expr","locations":[{"start":{"line":137,"column":12},"end":{"line":137,"column":38}},{"start":{"line":137,"column":42},"end":{"line":137,"column":65}},{"start":{"line":137,"column":69},"end":{"line":137,"column":91}}],"line":137},"25":{"loc":{"start":{"line":148,"column":12},"end":{"line":159,"column":13}},"type":"if","locations":[{"start":{"line":148,"column":12},"end":{"line":159,"column":13}},{"start":{},"end":{}}],"line":148},"26":{"loc":{"start":{"line":148,"column":16},"end":{"line":148,"column":103}},"type":"binary-expr","locations":[{"start":{"line":148,"column":16},"end":{"line":148,"column":73}},{"start":{"line":148,"column":77},"end":{"line":148,"column":103}}],"line":148},"27":{"loc":{"start":{"line":149,"column":16},"end":{"line":149,"column":86}},"type":"binary-expr","locations":[{"start":{"line":149,"column":16},"end":{"line":149,"column":26}},{"start":{"line":149,"column":30},"end":{"line":149,"column":86}}],"line":149},"28":{"loc":{"start":{"line":153,"column":40},"end":{"line":153,"column":67}},"type":"binary-expr","locations":[{"start":{"line":153,"column":40},"end":{"line":153,"column":61}},{"start":{"line":153,"column":65},"end":{"line":153,"column":67}}],"line":153},"29":{"loc":{"start":{"line":164,"column":12},"end":{"line":175,"column":13}},"type":"if","locations":[{"start":{"line":164,"column":12},"end":{"line":175,"column":13}},{"start":{},"end":{}}],"line":164},"30":{"loc":{"start":{"line":166,"column":16},"end":{"line":166,"column":84}},"type":"binary-expr","locations":[{"start":{"line":166,"column":16},"end":{"line":166,"column":26}},{"start":{"line":166,"column":30},"end":{"line":166,"column":84}}],"line":166},"31":{"loc":{"start":{"line":169,"column":39},"end":{"line":169,"column":65}},"type":"binary-expr","locations":[{"start":{"line":169,"column":39},"end":{"line":169,"column":59}},{"start":{"line":169,"column":63},"end":{"line":169,"column":65}}],"line":169},"32":{"loc":{"start":{"line":178,"column":56},"end":{"line":178,"column":76}},"type":"binary-expr","locations":[{"start":{"line":178,"column":56},"end":{"line":178,"column":70}},{"start":{"line":178,"column":74},"end":{"line":178,"column":76}}],"line":178},"33":{"loc":{"start":{"line":179,"column":16},"end":{"line":190,"column":17}},"type":"if","locations":[{"start":{"line":179,"column":16},"end":{"line":190,"column":17}},{"start":{},"end":{}}],"line":179},"34":{"loc":{"start":{"line":179,"column":20},"end":{"line":179,"column":107}},"type":"binary-expr","locations":[{"start":{"line":179,"column":20},"end":{"line":179,"column":77}},{"start":{"line":179,"column":81},"end":{"line":179,"column":107}}],"line":179},"35":{"loc":{"start":{"line":181,"column":20},"end":{"line":181,"column":96}},"type":"binary-expr","locations":[{"start":{"line":181,"column":20},"end":{"line":181,"column":30}},{"start":{"line":181,"column":34},"end":{"line":181,"column":96}}],"line":181},"36":{"loc":{"start":{"line":184,"column":49},"end":{"line":184,"column":81}},"type":"binary-expr","locations":[{"start":{"line":184,"column":49},"end":{"line":184,"column":75}},{"start":{"line":184,"column":79},"end":{"line":184,"column":81}}],"line":184}},"s":{"0":10,"1":10,"2":88,"3":88,"4":728,"5":0,"6":0,"7":88,"8":51,"9":37,"10":10,"11":6,"12":6,"13":30,"14":6,"15":6,"16":6,"17":6,"18":54,"19":24,"20":42,"21":6,"22":18,"23":18,"24":18,"25":6,"26":10,"27":12,"28":12,"29":12,"30":12,"31":7,"32":7,"33":7,"34":10,"35":12,"36":12,"37":57,"38":57,"39":57,"40":10,"41":24,"42":24,"43":24,"44":24,"45":24,"46":8,"47":8,"48":8,"49":16,"50":16,"51":0,"52":10,"53":6,"54":6,"55":6,"56":18,"57":18,"58":12,"59":6,"60":54,"61":6,"62":6,"63":6,"64":18,"65":18,"66":12,"67":30,"68":6,"69":6,"70":6,"71":6,"72":18,"73":108,"74":546,"75":12,"76":12,"77":12,"78":12,"79":108,"80":60,"81":150,"82":6,"83":6,"84":6,"85":6,"86":6,"87":6,"88":24,"89":10},"f":{"0":88,"1":6,"2":42,"3":12,"4":12,"5":7,"6":12,"7":12,"8":57,"9":24,"10":6,"11":30,"12":546,"13":150},"b":{"0":[0,728],"1":[51,37],"2":[88,88],"3":[0,37],"4":[6,24],"5":[30,30,30],"6":[6,0],"7":[6,6],"8":[6,6],"9":[6,0],"10":[24,30],"11":[6,18],"12":[18,0],"13":[18,0],"14":[18,0],"15":[18,0],"16":[6],"17":[12,0],"18":[7,0],"19":[57,0],"20":[0],"21":[8,16],"22":[12,6],"23":[6,48],"24":[54,54,48],"25":[6,6],"26":[12,6],"27":[6,0],"28":[6,6],"29":[12,96],"30":[12,0],"31":[12,6],"32":[108,96],"33":[6,54],"34":[60,6],"35":[6,0],"36":[6,6]},"_coverageSchema":"1a1c01bbd47fc00a2c39e90264f33305004495a9","hash":"eda5e443d63a7cdc537d5d03e3e8e482d88e0c88"}
,"/Users/mikezaschka/workspace/cds-caching/lib/operations/AsyncOperations.js": {"path":"/Users/mikezaschka/workspace/cds-caching/lib/operations/AsyncOperations.js","statementMap":{"0":{"start":{"line":6,"column":8},"end":{"line":6,"column":27}},"1":{"start":{"line":7,"column":8},"end":{"line":7,"column":37}},"2":{"start":{"line":8,"column":8},"end":{"line":8,"column":37}},"3":{"start":{"line":9,"column":8},"end":{"line":9,"column":57}},"4":{"start":{"line":22,"column":8},"end":{"line":35,"column":9}},"5":{"start":{"line":23,"column":12},"end":{"line":34,"column":14}},"6":{"start":{"line":38,"column":8},"end":{"line":40,"column":9}},"7":{"start":{"line":39,"column":12},"end":{"line":39,"column":54}},"8":{"start":{"line":43,"column":32},"end":{"line":43,"column":84}},"9":{"start":{"line":43,"column":55},"end":{"line":43,"column":73}},"10":{"start":{"line":44,"column":25},"end":{"line":44,"column":56}},"11":{"start":{"line":46,"column":8},"end":{"line":57,"column":10}},"12":{"start":{"line":68,"column":8},"end":{"line":108,"column":9}},"13":{"start":{"line":70,"column":29},"end":{"line":70,"column":105}},"14":{"start":{"line":72,"column":30},"end":{"line":72,"column":46}},"15":{"start":{"line":73,"column":29},"end":{"line":86,"column":13}},"16":{"start":{"line":88,"column":12},"end":{"line":107,"column":13}},"17":{"start":{"line":89,"column":32},"end":{"line":89,"column":60}},"18":{"start":{"line":90,"column":16},"end":{"line":90,"column":71}},"19":{"start":{"line":92,"column":31},"end":{"line":92,"column":78}},"20":{"start":{"line":93,"column":16},"end":{"line":93,"column":103}},"21":{"start":{"line":95,"column":33},"end":{"line":95,"column":61}},"22":{"start":{"line":96,"column":32},"end":{"line":96,"column":60}},"23":{"start":{"line":97,"column":16},"end":{"line":97,"column":72}},"24":{"start":{"line":99,"column":37},"end":{"line":103,"column":17}},"25":{"start":{"line":104,"column":16},"end":{"line":104,"column":108}},"26":{"start":{"line":106,"column":16},"end":{"line":106,"column":89}},"27":{"start":{"line":121,"column":25},"end":{"line":121,"column":101}},"28":{"start":{"line":123,"column":26},"end":{"line":123,"column":42}},"29":{"start":{"line":125,"column":25},"end":{"line":138,"column":9}},"30":{"start":{"line":140,"column":8},"end":{"line":158,"column":9}},"31":{"start":{"line":141,"column":28},"end":{"line":141,"column":56}},"32":{"start":{"line":142,"column":12},"end":{"line":142,"column":67}},"33":{"start":{"line":143,"column":27},"end":{"line":143,"column":74}},"34":{"start":{"line":144,"column":12},"end":{"line":144,"column":99}},"35":{"start":{"line":146,"column":29},"end":{"line":146,"column":57}},"36":{"start":{"line":147,"column":28},"end":{"line":147,"column":56}},"37":{"start":{"line":148,"column":12},"end":{"line":148,"column":68}},"38":{"start":{"line":150,"column":33},"end":{"line":154,"column":13}},"39":{"start":{"line":155,"column":12},"end":{"line":155,"column":104}},"40":{"start":{"line":157,"column":12},"end":{"line":157,"column":85}},"41":{"start":{"line":167,"column":39},"end":{"line":167,"column":64}},"42":{"start":{"line":168,"column":8},"end":{"line":168,"column":58}},"43":{"start":{"line":172,"column":0},"end":{"line":172,"column":33}}},"fnMap":{"0":{"name":"(anonymous_0)","decl":{"start":{"line":5,"column":4},"end":{"line":5,"column":5}},"loc":{"start":{"line":5,"column":69},"end":{"line":10,"column":5}},"line":5},"1":{"name":"(anonymous_1)","decl":{"start":{"line":20,"column":4},"end":{"line":20,"column":5}},"loc":{"start":{"line":20,"column":59},"end":{"line":58,"column":5}},"line":20},"2":{"name":"(anonymous_2)","decl":{"start":{"line":43,"column":41},"end":{"line":43,"column":42}},"loc":{"start":{"line":43,"column":55},"end":{"line":43,"column":73}},"line":43},"3":{"name":"(anonymous_3)","decl":{"start":{"line":67,"column":4},"end":{"line":67,"column":5}},"loc":{"start":{"line":67,"column":43},"end":{"line":109,"column":5}},"line":67},"4":{"name":"(anonymous_4)","decl":{"start":{"line":68,"column":15},"end":{"line":68,"column":16}},"loc":{"start":{"line":68,"column":34},"end":{"line":108,"column":9}},"line":68},"5":{"name":"(anonymous_5)","decl":{"start":{"line":119,"column":4},"end":{"line":119,"column":5}},"loc":{"start":{"line":119,"column":60},"end":{"line":159,"column":5}},"line":119},"6":{"name":"(anonymous_6)","decl":{"start":{"line":166,"column":4},"end":{"line":166,"column":5}},"loc":{"start":{"line":166,"column":28},"end":{"line":169,"column":5}},"line":166}},"branchMap":{"0":{"loc":{"start":{"line":22,"column":8},"end":{"line":35,"column":9}},"type":"if","locations":[{"start":{"line":22,"column":8},"end":{"line":35,"column":9}},{"start":{},"end":{}}],"line":22},"1":{"loc":{"start":{"line":38,"column":8},"end":{"line":40,"column":9}},"type":"if","locations":[{"start":{"line":38,"column":8},"end":{"line":40,"column":9}},{"start":{},"end":{}}],"line":38},"2":{"loc":{"start":{"line":67,"column":29},"end":{"line":67,"column":41}},"type":"default-arg","locations":[{"start":{"line":67,"column":39},"end":{"line":67,"column":41}}],"line":67},"3":{"loc":{"start":{"line":70,"column":71},"end":{"line":70,"column":104}},"type":"binary-expr","locations":[{"start":{"line":70,"column":71},"end":{"line":70,"column":89}},{"start":{"line":70,"column":93},"end":{"line":70,"column":104}}],"line":70},"4":{"loc":{"start":{"line":81,"column":34},"end":{"line":81,"column":67}},"type":"binary-expr","locations":[{"start":{"line":81,"column":34},"end":{"line":81,"column":52}},{"start":{"line":81,"column":56},"end":{"line":81,"column":67}}],"line":81},"5":{"loc":{"start":{"line":88,"column":12},"end":{"line":107,"column":13}},"type":"if","locations":[{"start":{"line":88,"column":12},"end":{"line":107,"column":13}},{"start":{"line":94,"column":19},"end":{"line":107,"column":13}}],"line":88},"6":{"loc":{"start":{"line":93,"column":33},"end":{"line":93,"column":56}},"type":"binary-expr","locations":[{"start":{"line":93,"column":33},"end":{"line":93,"column":46}},{"start":{"line":93,"column":50},"end":{"line":93,"column":56}}],"line":93},"7":{"loc":{"start":{"line":101,"column":26},"end":{"line":101,"column":44}},"type":"binary-expr","locations":[{"start":{"line":101,"column":26},"end":{"line":101,"column":38}},{"start":{"line":101,"column":42},"end":{"line":101,"column":44}}],"line":101},"8":{"loc":{"start":{"line":104,"column":88},"end":{"line":104,"column":104}},"type":"binary-expr","locations":[{"start":{"line":104,"column":88},"end":{"line":104,"column":99}},{"start":{"line":104,"column":103},"end":{"line":104,"column":104}}],"line":104},"9":{"loc":{"start":{"line":119,"column":35},"end":{"line":119,"column":44}},"type":"default-arg","locations":[{"start":{"line":119,"column":42},"end":{"line":119,"column":44}}],"line":119},"10":{"loc":{"start":{"line":119,"column":46},"end":{"line":119,"column":58}},"type":"default-arg","locations":[{"start":{"line":119,"column":56},"end":{"line":119,"column":58}}],"line":119},"11":{"loc":{"start":{"line":121,"column":67},"end":{"line":121,"column":100}},"type":"binary-expr","locations":[{"start":{"line":121,"column":67},"end":{"line":121,"column":85}},{"start":{"line":121,"column":89},"end":{"line":121,"column":100}}],"line":121},"12":{"loc":{"start":{"line":133,"column":30},"end":{"line":133,"column":63}},"type":"binary-expr","locations":[{"start":{"line":133,"column":30},"end":{"line":133,"column":48}},{"start":{"line":133,"column":52},"end":{"line":133,"column":63}}],"line":133},"13":{"loc":{"start":{"line":140,"column":8},"end":{"line":158,"column":9}},"type":"if","locations":[{"start":{"line":140,"column":8},"end":{"line":158,"column":9}},{"start":{"line":145,"column":15},"end":{"line":158,"column":9}}],"line":140},"14":{"loc":{"start":{"line":144,"column":29},"end":{"line":144,"column":52}},"type":"binary-expr","locations":[{"start":{"line":144,"column":29},"end":{"line":144,"column":42}},{"start":{"line":144,"column":46},"end":{"line":144,"column":52}}],"line":144},"15":{"loc":{"start":{"line":152,"column":22},"end":{"line":152,"column":40}},"type":"binary-expr","locations":[{"start":{"line":152,"column":22},"end":{"line":152,"column":34}},{"start":{"line":152,"column":38},"end":{"line":152,"column":40}}],"line":152},"16":{"loc":{"start":{"line":155,"column":84},"end":{"line":155,"column":100}},"type":"binary-expr","locations":[{"start":{"line":155,"column":84},"end":{"line":155,"column":95}},{"start":{"line":155,"column":99},"end":{"line":155,"column":100}}],"line":155}},"s":{"0":161,"1":161,"2":161,"3":161,"4":121,"5":17,"6":104,"7":49,"8":55,"9":94,"10":55,"11":55,"12":47,"13":68,"14":68,"15":68,"16":68,"17":14,"18":14,"19":14,"20":14,"21":54,"22":52,"23":52,"24":52,"25":52,"26":52,"27":53,"28":53,"29":53,"30":53,"31":12,"32":12,"33":12,"34":12,"35":41,"36":39,"37":39,"38":39,"39":39,"40":39,"41":117,"42":117,"43":10},"f":{"0":161,"1":121,"2":94,"3":47,"4":68,"5":53,"6":117},"b":{"0":[17,104],"1":[49,55],"2":[39],"3":[68,0],"4":[68,0],"5":[14,54],"6":[14,0],"7":[52,51],"8":[52,51],"9":[19],"10":[40],"11":[53,2],"12":[53,2],"13":[12,41],"14":[12,0],"15":[39,38],"16":[39,38]},"_coverageSchema":"1a1c01bbd47fc00a2c39e90264f33305004495a9","hash":"06569c1a015cd5c6cd73fb3888bbb9a9c667b2d4"}
,"/Users/mikezaschka/workspace/cds-caching/lib/operations/BasicOperations.js": {"path":"/Users/mikezaschka/workspace/cds-caching/lib/operations/BasicOperations.js","statementMap":{"0":{"start":{"line":6,"column":8},"end":{"line":6,"column":27}},"1":{"start":{"line":7,"column":8},"end":{"line":7,"column":37}},"2":{"start":{"line":8,"column":8},"end":{"line":8,"column":39}},"3":{"start":{"line":9,"column":8},"end":{"line":9,"column":37}},"4":{"start":{"line":20,"column":29},"end":{"line":24,"column":9}},"5":{"start":{"line":25,"column":27},"end":{"line":25,"column":74}},"6":{"start":{"line":26,"column":8},"end":{"line":30,"column":11}},"7":{"start":{"line":32,"column":25},"end":{"line":37,"column":9}},"8":{"start":{"line":38,"column":8},"end":{"line":38,"column":62}},"9":{"start":{"line":47,"column":27},"end":{"line":47,"column":57}},"10":{"start":{"line":48,"column":29},"end":{"line":50,"column":10}},"11":{"start":{"line":53,"column":25},"end":{"line":57,"column":9}},"12":{"start":{"line":58,"column":22},"end":{"line":58,"column":73}},"13":{"start":{"line":59,"column":8},"end":{"line":59,"column":69}},"14":{"start":{"line":61,"column":8},"end":{"line":61,"column":35}},"15":{"start":{"line":70,"column":27},"end":{"line":70,"column":57}},"16":{"start":{"line":71,"column":8},"end":{"line":71,"column":48}},"17":{"start":{"line":80,"column":27},"end":{"line":80,"column":57}},"18":{"start":{"line":81,"column":23},"end":{"line":83,"column":10}},"19":{"start":{"line":86,"column":25},"end":{"line":90,"column":9}},"20":{"start":{"line":91,"column":8},"end":{"line":91,"column":65}},"21":{"start":{"line":93,"column":8},"end":{"line":93,"column":22}},"22":{"start":{"line":101,"column":8},"end":{"line":101,"column":39}},"23":{"start":{"line":104,"column":25},"end":{"line":108,"column":9}},"24":{"start":{"line":109,"column":8},"end":{"line":109,"column":52}},"25":{"start":{"line":119,"column":8},"end":{"line":123,"column":9}},"26":{"start":{"line":120,"column":12},"end":{"line":122,"column":13}},"27":{"start":{"line":121,"column":16},"end":{"line":121,"column":39}},"28":{"start":{"line":126,"column":25},"end":{"line":130,"column":9}},"29":{"start":{"line":131,"column":8},"end":{"line":131,"column":63}},"30":{"start":{"line":141,"column":27},"end":{"line":141,"column":57}},"31":{"start":{"line":142,"column":29},"end":{"line":144,"column":10}},"32":{"start":{"line":145,"column":8},"end":{"line":145,"column":39}},"33":{"start":{"line":145,"column":27},"end":{"line":145,"column":39}},"34":{"start":{"line":147,"column":39},"end":{"line":147,"column":51}},"35":{"start":{"line":148,"column":8},"end":{"line":148,"column":24}},"36":{"start":{"line":157,"column":27},"end":{"line":157,"column":57}},"37":{"start":{"line":158,"column":29},"end":{"line":160,"column":10}},"38":{"start":{"line":161,"column":8},"end":{"line":161,"column":40}},"39":{"start":{"line":170,"column":27},"end":{"line":170,"column":57}},"40":{"start":{"line":171,"column":29},"end":{"line":173,"column":10}},"41":{"start":{"line":174,"column":8},"end":{"line":174,"column":35}},"42":{"start":{"line":182,"column":8},"end":{"line":192,"column":9}},"43":{"start":{"line":183,"column":12},"end":{"line":191,"column":13}},"44":{"start":{"line":184,"column":16},"end":{"line":188,"column":17}},"45":{"start":{"line":185,"column":20},"end":{"line":185,"column":51}},"46":{"start":{"line":187,"column":20},"end":{"line":187,"column":39}},"47":{"start":{"line":190,"column":16},"end":{"line":190,"column":35}},"48":{"start":{"line":196,"column":0},"end":{"line":196,"column":33}}},"fnMap":{"0":{"name":"(anonymous_0)","decl":{"start":{"line":5,"column":4},"end":{"line":5,"column":5}},"loc":{"start":{"line":5,"column":60},"end":{"line":10,"column":5}},"line":5},"1":{"name":"(anonymous_1)","decl":{"start":{"line":19,"column":4},"end":{"line":19,"column":5}},"loc":{"start":{"line":19,"column":40},"end":{"line":39,"column":5}},"line":19},"2":{"name":"(anonymous_2)","decl":{"start":{"line":46,"column":4},"end":{"line":46,"column":5}},"loc":{"start":{"line":46,"column":19},"end":{"line":62,"column":5}},"line":46},"3":{"name":"(anonymous_3)","decl":{"start":{"line":69,"column":4},"end":{"line":69,"column":5}},"loc":{"start":{"line":69,"column":19},"end":{"line":72,"column":5}},"line":69},"4":{"name":"(anonymous_4)","decl":{"start":{"line":79,"column":4},"end":{"line":79,"column":5}},"loc":{"start":{"line":79,"column":22},"end":{"line":94,"column":5}},"line":79},"5":{"name":"(anonymous_5)","decl":{"start":{"line":100,"column":4},"end":{"line":100,"column":5}},"loc":{"start":{"line":100,"column":18},"end":{"line":111,"column":5}},"line":100},"6":{"name":"(anonymous_6)","decl":{"start":{"line":118,"column":4},"end":{"line":118,"column":5}},"loc":{"start":{"line":118,"column":27},"end":{"line":133,"column":5}},"line":118},"7":{"name":"(anonymous_7)","decl":{"start":{"line":140,"column":4},"end":{"line":140,"column":5}},"loc":{"start":{"line":140,"column":24},"end":{"line":149,"column":5}},"line":140},"8":{"name":"(anonymous_8)","decl":{"start":{"line":156,"column":4},"end":{"line":156,"column":5}},"loc":{"start":{"line":156,"column":20},"end":{"line":162,"column":5}},"line":156},"9":{"name":"(anonymous_9)","decl":{"start":{"line":169,"column":4},"end":{"line":169,"column":5}},"loc":{"start":{"line":169,"column":22},"end":{"line":175,"column":5}},"line":169},"10":{"name":"(anonymous_10)","decl":{"start":{"line":181,"column":4},"end":{"line":181,"column":5}},"loc":{"start":{"line":181,"column":22},"end":{"line":193,"column":5}},"line":181}},"branchMap":{"0":{"loc":{"start":{"line":19,"column":26},"end":{"line":19,"column":38}},"type":"default-arg","locations":[{"start":{"line":19,"column":36},"end":{"line":19,"column":38}}],"line":19},"1":{"loc":{"start":{"line":22,"column":18},"end":{"line":22,"column":89}},"type":"binary-expr","locations":[{"start":{"line":22,"column":18},"end":{"line":22,"column":83}},{"start":{"line":22,"column":87},"end":{"line":22,"column":89}}],"line":22},"2":{"loc":{"start":{"line":29,"column":17},"end":{"line":29,"column":33}},"type":"binary-expr","locations":[{"start":{"line":29,"column":17},"end":{"line":29,"column":28}},{"start":{"line":29,"column":32},"end":{"line":29,"column":33}}],"line":29},"3":{"loc":{"start":{"line":35,"column":61},"end":{"line":35,"column":77}},"type":"binary-expr","locations":[{"start":{"line":35,"column":61},"end":{"line":35,"column":72}},{"start":{"line":35,"column":76},"end":{"line":35,"column":77}}],"line":35},"4":{"loc":{"start":{"line":58,"column":22},"end":{"line":58,"column":73}},"type":"binary-expr","locations":[{"start":{"line":58,"column":22},"end":{"line":58,"column":48}},{"start":{"line":58,"column":52},"end":{"line":58,"column":73}}],"line":58},"5":{"loc":{"start":{"line":120,"column":12},"end":{"line":122,"column":13}},"type":"if","locations":[{"start":{"line":120,"column":12},"end":{"line":122,"column":13}},{"start":{},"end":{}}],"line":120},"6":{"loc":{"start":{"line":145,"column":8},"end":{"line":145,"column":39}},"type":"if","locations":[{"start":{"line":145,"column":8},"end":{"line":145,"column":39}},{"start":{},"end":{}}],"line":145},"7":{"loc":{"start":{"line":161,"column":15},"end":{"line":161,"column":39}},"type":"binary-expr","locations":[{"start":{"line":161,"column":15},"end":{"line":161,"column":33}},{"start":{"line":161,"column":37},"end":{"line":161,"column":39}}],"line":161},"8":{"loc":{"start":{"line":183,"column":12},"end":{"line":191,"column":13}},"type":"if","locations":[{"start":{"line":183,"column":12},"end":{"line":191,"column":13}},{"start":{"line":189,"column":19},"end":{"line":191,"column":13}}],"line":183}},"s":{"0":161,"1":161,"2":161,"3":161,"4":77,"5":77,"6":77,"7":76,"8":76,"9":215,"10":215,"11":215,"12":215,"13":215,"14":215,"15":328,"16":328,"17":12,"18":12,"19":12,"20":12,"21":12,"22":326,"23":326,"24":326,"25":2,"26":2,"27":1,"28":2,"29":2,"30":6,"31":6,"32":6,"33":0,"34":6,"35":6,"36":3,"37":3,"38":3,"39":0,"40":0,"41":0,"42":10,"43":18,"44":18,"45":18,"46":0,"47":0,"48":10},"f":{"0":161,"1":77,"2":215,"3":328,"4":12,"5":326,"6":2,"7":6,"8":3,"9":0,"10":10},"b":{"0":[52],"1":[77,0],"2":[77,71],"3":[76,70],"4":[215,184],"5":[1,1],"6":[0,6],"7":[3,0],"8":[18,0]},"_coverageSchema":"1a1c01bbd47fc00a2c39e90264f33305004495a9","hash":"0eb165851fc94d24ba8a5dabf2d25d3345180c1b"}
,"/Users/mikezaschka/workspace/cds-caching/lib/operations/CapOperations.js": {"path":"/Users/mikezaschka/workspace/cds-caching/lib/operations/CapOperations.js","statementMap":{"0":{"start":{"line":1,"column":20},"end":{"line":1,"column":53}},"1":{"start":{"line":7,"column":30},"end":{"line":10,"column":5}},"2":{"start":{"line":13,"column":8},"end":{"line":13,"column":27}},"3":{"start":{"line":14,"column":8},"end":{"line":14,"column":37}},"4":{"start":{"line":15,"column":8},"end":{"line":15,"column":37}},"5":{"start":{"line":16,"column":8},"end":{"line":16,"column":45}},"6":{"start":{"line":17,"column":8},"end":{"line":17,"column":57}},"7":{"start":{"line":31,"column":31},"end":{"line":34,"column":9}},"8":{"start":{"line":36,"column":8},"end":{"line":38,"column":9}},"9":{"start":{"line":37,"column":12},"end":{"line":37,"column":90}},"10":{"start":{"line":40,"column":25},"end":{"line":51,"column":9}},"11":{"start":{"line":53,"column":20},"end":{"line":53,"column":84}},"12":{"start":{"line":54,"column":26},"end":{"line":54,"column":42}},"13":{"start":{"line":57,"column":25},"end":{"line":80,"column":9}},"14":{"start":{"line":82,"column":8},"end":{"line":102,"column":9}},"15":{"start":{"line":83,"column":28},"end":{"line":83,"column":56}},"16":{"start":{"line":85,"column":12},"end":{"line":85,"column":62}},"17":{"start":{"line":87,"column":33},"end":{"line":87,"column":70}},"18":{"start":{"line":88,"column":12},"end":{"line":88,"column":109}},"19":{"start":{"line":90,"column":29},"end":{"line":90,"column":56}},"20":{"start":{"line":91,"column":33},"end":{"line":91,"column":61}},"21":{"start":{"line":92,"column":12},"end":{"line":92,"column":68}},"22":{"start":{"line":94,"column":33},"end":{"line":98,"column":13}},"23":{"start":{"line":99,"column":12},"end":{"line":99,"column":101}},"24":{"start":{"line":101,"column":12},"end":{"line":101,"column":104}},"25":{"start":{"line":116,"column":21},"end":{"line":116,"column":33}},"26":{"start":{"line":117,"column":8},"end":{"line":224,"column":9}},"27":{"start":{"line":118,"column":12},"end":{"line":223,"column":13}},"28":{"start":{"line":122,"column":32},"end":{"line":122,"column":36}},"29":{"start":{"line":123,"column":33},"end":{"line":123,"column":45}},"30":{"start":{"line":125,"column":20},"end":{"line":127,"column":21}},"31":{"start":{"line":126,"column":24},"end":{"line":126,"column":38}},"32":{"start":{"line":129,"column":20},"end":{"line":129,"column":155}},"33":{"start":{"line":131,"column":20},"end":{"line":131,"column":93}},"34":{"start":{"line":132,"column":20},"end":{"line":132,"column":76}},"35":{"start":{"line":135,"column":38},"end":{"line":135,"column":54}},"36":{"start":{"line":136,"column":43},"end":{"line":136,"column":77}},"37":{"start":{"line":137,"column":41},"end":{"line":137,"column":69}},"38":{"start":{"line":138,"column":37},"end":{"line":138,"column":73}},"39":{"start":{"line":140,"column":20},"end":{"line":161,"column":21}},"40":{"start":{"line":142,"column":24},"end":{"line":142,"column":88}},"41":{"start":{"line":144,"column":45},"end":{"line":144,"column":96}},"42":{"start":{"line":145,"column":24},"end":{"line":145,"column":135}},"43":{"start":{"line":148,"column":41},"end":{"line":148,"column":53}},"44":{"start":{"line":149,"column":45},"end":{"line":149,"column":73}},"45":{"start":{"line":152,"column":24},"end":{"line":152,"column":89}},"46":{"start":{"line":154,"column":45},"end":{"line":158,"column":25}},"47":{"start":{"line":159,"column":24},"end":{"line":159,"column":129}},"48":{"start":{"line":160,"column":24},"end":{"line":160,"column":125}},"49":{"start":{"line":163,"column":34},"end":{"line":163,"column":38}},"50":{"start":{"line":164,"column":32},"end":{"line":164,"column":44}},"51":{"start":{"line":166,"column":20},"end":{"line":222,"column":21}},"52":{"start":{"line":167,"column":38},"end":{"line":171,"column":25}},"53":{"start":{"line":173,"column":24},"end":{"line":173,"column":115}},"54":{"start":{"line":176,"column":42},"end":{"line":176,"column":58}},"55":{"start":{"line":177,"column":47},"end":{"line":177,"column":83}},"56":{"start":{"line":178,"column":45},"end":{"line":178,"column":73}},"57":{"start":{"line":179,"column":41},"end":{"line":196,"column":25}},"58":{"start":{"line":198,"column":24},"end":{"line":219,"column":25}},"59":{"start":{"line":200,"column":28},"end":{"line":200,"column":94}},"60":{"start":{"line":202,"column":49},"end":{"line":202,"column":102}},"61":{"start":{"line":203,"column":28},"end":{"line":203,"column":141}},"62":{"start":{"line":206,"column":41},"end":{"line":206,"column":61}},"63":{"start":{"line":207,"column":49},"end":{"line":207,"column":77}},"64":{"start":{"line":210,"column":28},"end":{"line":210,"column":95}},"65":{"start":{"line":212,"column":49},"end":{"line":216,"column":29}},"66":{"start":{"line":217,"column":28},"end":{"line":217,"column":126}},"67":{"start":{"line":218,"column":28},"end":{"line":218,"column":127}},"68":{"start":{"line":221,"column":24},"end":{"line":221,"column":46}},"69":{"start":{"line":225,"column":8},"end":{"line":225,"column":20}},"70":{"start":{"line":235,"column":33},"end":{"line":235,"column":47}},"71":{"start":{"line":238,"column":8},"end":{"line":241,"column":9}},"72":{"start":{"line":239,"column":36},"end":{"line":239,"column":82}},"73":{"start":{"line":240,"column":12},"end":{"line":240,"column":61}},"74":{"start":{"line":244,"column":8},"end":{"line":247,"column":9}},"75":{"start":{"line":245,"column":34},"end":{"line":245,"column":78}},"76":{"start":{"line":246,"column":12},"end":{"line":246,"column":59}},"77":{"start":{"line":249,"column":8},"end":{"line":249,"column":32}},"78":{"start":{"line":259,"column":29},"end":{"line":259,"column":60}},"79":{"start":{"line":260,"column":32},"end":{"line":260,"column":106}},"80":{"start":{"line":260,"column":85},"end":{"line":260,"column":105}},"81":{"start":{"line":262,"column":8},"end":{"line":267,"column":10}},"82":{"start":{"line":277,"column":8},"end":{"line":282,"column":9}},"83":{"start":{"line":292,"column":25},"end":{"line":310,"column":9}},"84":{"start":{"line":312,"column":8},"end":{"line":312,"column":24}},"85":{"start":{"line":321,"column":39},"end":{"line":321,"column":64}},"86":{"start":{"line":322,"column":8},"end":{"line":322,"column":58}},"87":{"start":{"line":326,"column":0},"end":{"line":326,"column":31}}},"fnMap":{"0":{"name":"(anonymous_0)","decl":{"start":{"line":12,"column":4},"end":{"line":12,"column":5}},"loc":{"start":{"line":12,"column":74},"end":{"line":18,"column":5}},"line":12},"1":{"name":"(anonymous_1)","decl":{"start":{"line":30,"column":4},"end":{"line":30,"column":5}},"loc":{"start":{"line":30,"column":42},"end":{"line":103,"column":5}},"line":30},"2":{"name":"(anonymous_2)","decl":{"start":{"line":115,"column":4},"end":{"line":115,"column":5}},"loc":{"start":{"line":115,"column":16},"end":{"line":226,"column":5}},"line":115},"3":{"name":"(anonymous_3)","decl":{"start":{"line":234,"column":4},"end":{"line":234,"column":5}},"loc":{"start":{"line":234,"column":43},"end":{"line":250,"column":5}},"line":234},"4":{"name":"(anonymous_4)","decl":{"start":{"line":258,"column":4},"end":{"line":258,"column":5}},"loc":{"start":{"line":258,"column":51},"end":{"line":268,"column":5}},"line":258},"5":{"name":"(anonymous_5)","decl":{"start":{"line":260,"column":80},"end":{"line":260,"column":81}},"loc":{"start":{"line":260,"column":85},"end":{"line":260,"column":105}},"line":260},"6":{"name":"(anonymous_6)","decl":{"start":{"line":276,"column":4},"end":{"line":276,"column":5}},"loc":{"start":{"line":276,"column":49},"end":{"line":283,"column":5}},"line":276},"7":{"name":"(anonymous_7)","decl":{"start":{"line":290,"column":4},"end":{"line":290,"column":5}},"loc":{"start":{"line":290,"column":36},"end":{"line":313,"column":5}},"line":290},"8":{"name":"(anonymous_8)","decl":{"start":{"line":320,"column":4},"end":{"line":320,"column":5}},"loc":{"start":{"line":320,"column":28},"end":{"line":323,"column":5}},"line":320}},"branchMap":{"0":{"loc":{"start":{"line":33,"column":16},"end":{"line":33,"column":29}},"type":"binary-expr","locations":[{"start":{"line":33,"column":16},"end":{"line":33,"column":23}},{"start":{"line":33,"column":27},"end":{"line":33,"column":29}}],"line":33},"1":{"loc":{"start":{"line":36,"column":8},"end":{"line":38,"column":9}},"type":"if","locations":[{"start":{"line":36,"column":8},"end":{"line":38,"column":9}},{"start":{},"end":{}}],"line":36},"2":{"loc":{"start":{"line":36,"column":12},"end":{"line":36,"column":103}},"type":"binary-expr","locations":[{"start":{"line":36,"column":12},"end":{"line":36,"column":86}},{"start":{"line":36,"column":90},"end":{"line":36,"column":103}}],"line":36},"3":{"loc":{"start":{"line":41,"column":18},"end":{"line":41,"column":60}},"type":"binary-expr","locations":[{"start":{"line":41,"column":18},"end":{"line":41,"column":39}},{"start":{"line":41,"column":43},"end":{"line":41,"column":60}}],"line":41},"4":{"loc":{"start":{"line":45,"column":18},"end":{"line":45,"column":57}},"type":"binary-expr","locations":[{"start":{"line":45,"column":18},"end":{"line":45,"column":30}},{"start":{"line":45,"column":34},"end":{"line":45,"column":57}}],"line":45},"5":{"loc":{"start":{"line":58,"column":22},"end":{"line":58,"column":77}},"type":"cond-expr","locations":[{"start":{"line":58,"column":37},"end":{"line":58,"column":61}},{"start":{"line":58,"column":64},"end":{"line":58,"column":77}}],"line":58},"6":{"loc":{"start":{"line":61,"column":20},"end":{"line":61,"column":57}},"type":"binary-expr","locations":[{"start":{"line":61,"column":20},"end":{"line":61,"column":34}},{"start":{"line":61,"column":38},"end":{"line":61,"column":57}}],"line":61},"7":{"loc":{"start":{"line":62,"column":18},"end":{"line":62,"column":59}},"type":"binary-expr","locations":[{"start":{"line":62,"column":18},"end":{"line":62,"column":34}},{"start":{"line":62,"column":38},"end":{"line":62,"column":59}}],"line":62},"8":{"loc":{"start":{"line":63,"column":20},"end":{"line":63,"column":57}},"type":"binary-expr","locations":[{"start":{"line":63,"column":20},"end":{"line":63,"column":34}},{"start":{"line":63,"column":38},"end":{"line":63,"column":57}}],"line":63},"9":{"loc":{"start":{"line":65,"column":19},"end":{"line":65,"column":76}},"type":"cond-expr","locations":[{"start":{"line":65,"column":35},"end":{"line":65,"column":64}},{"start":{"line":65,"column":67},"end":{"line":65,"column":76}}],"line":65},"10":{"loc":{"start":{"line":66,"column":21},"end":{"line":66,"column":82}},"type":"cond-expr","locations":[{"start":{"line":66,"column":39},"end":{"line":66,"column":70}},{"start":{"line":66,"column":73},"end":{"line":66,"column":82}}],"line":66},"11":{"loc":{"start":{"line":69,"column":22},"end":{"line":69,"column":61}},"type":"binary-expr","locations":[{"start":{"line":69,"column":22},"end":{"line":69,"column":34}},{"start":{"line":69,"column":38},"end":{"line":69,"column":61}}],"line":69},"12":{"loc":{"start":{"line":82,"column":8},"end":{"line":102,"column":9}},"type":"if","locations":[{"start":{"line":82,"column":8},"end":{"line":102,"column":9}},{"start":{"line":89,"column":15},"end":{"line":102,"column":9}}],"line":82},"13":{"loc":{"start":{"line":99,"column":74},"end":{"line":99,"column":97}},"type":"binary-expr","locations":[{"start":{"line":99,"column":74},"end":{"line":99,"column":92}},{"start":{"line":99,"column":96},"end":{"line":99,"column":97}}],"line":99},"14":{"loc":{"start":{"line":117,"column":8},"end":{"line":224,"column":9}},"type":"if","locations":[{"start":{"line":117,"column":8},"end":{"line":224,"column":9}},{"start":{},"end":{}}],"line":117},"15":{"loc":{"start":{"line":118,"column":12},"end":{"line":223,"column":13}},"type":"switch","locations":[{"start":{"line":119,"column":16},"end":{"line":119,"column":31}},{"start":{"line":120,"column":16},"end":{"line":120,"column":36}},{"start":{"line":121,"column":16},"end":{"line":161,"column":21}},{"start":{"line":162,"column":16},"end":{"line":222,"column":21}}],"line":118},"16":{"loc":{"start":{"line":125,"column":20},"end":{"line":127,"column":21}},"type":"if","locations":[{"start":{"line":125,"column":20},"end":{"line":127,"column":21}},{"start":{},"end":{}}],"line":125},"17":{"loc":{"start":{"line":125,"column":24},"end":{"line":125,"column":83}},"type":"binary-expr","locations":[{"start":{"line":125,"column":24},"end":{"line":125,"column":41}},{"start":{"line":125,"column":45},"end":{"line":125,"column":62}},{"start":{"line":125,"column":66},"end":{"line":125,"column":83}}],"line":125},"18":{"loc":{"start":{"line":129,"column":39},"end":{"line":129,"column":154}},"type":"cond-expr","locations":[{"start":{"line":129,"column":51},"end":{"line":129,"column":102}},{"start":{"line":129,"column":105},"end":{"line":129,"column":154}}],"line":129},"19":{"loc":{"start":{"line":140,"column":20},"end":{"line":161,"column":21}},"type":"if","locations":[{"start":{"line":140,"column":20},"end":{"line":161,"column":21}},{"start":{"line":146,"column":27},"end":{"line":161,"column":21}}],"line":140},"20":{"loc":{"start":{"line":159,"column":100},"end":{"line":159,"column":125}},"type":"binary-expr","locations":[{"start":{"line":159,"column":100},"end":{"line":159,"column":120}},{"start":{"line":159,"column":124},"end":{"line":159,"column":125}}],"line":159},"21":{"loc":{"start":{"line":166,"column":20},"end":{"line":222,"column":21}},"type":"if","locations":[{"start":{"line":166,"column":20},"end":{"line":222,"column":21}},{"start":{"line":220,"column":27},"end":{"line":222,"column":21}}],"line":166},"22":{"loc":{"start":{"line":170,"column":32},"end":{"line":170,"column":50}},"type":"binary-expr","locations":[{"start":{"line":170,"column":32},"end":{"line":170,"column":44}},{"start":{"line":170,"column":48},"end":{"line":170,"column":50}}],"line":170},"23":{"loc":{"start":{"line":198,"column":24},"end":{"line":219,"column":25}},"type":"if","locations":[{"start":{"line":198,"column":24},"end":{"line":219,"column":25}},{"start":{"line":204,"column":31},"end":{"line":219,"column":25}}],"line":198},"24":{"loc":{"start":{"line":217,"column":106},"end":{"line":217,"column":122}},"type":"binary-expr","locations":[{"start":{"line":217,"column":106},"end":{"line":217,"column":117}},{"start":{"line":217,"column":121},"end":{"line":217,"column":122}}],"line":217},"25":{"loc":{"start":{"line":234,"column":29},"end":{"line":234,"column":41}},"type":"default-arg","locations":[{"start":{"line":234,"column":39},"end":{"line":234,"column":41}}],"line":234},"26":{"loc":{"start":{"line":238,"column":8},"end":{"line":241,"column":9}},"type":"if","locations":[{"start":{"line":238,"column":8},"end":{"line":241,"column":9}},{"start":{},"end":{}}],"line":238},"27":{"loc":{"start":{"line":238,"column":12},"end":{"line":238,"column":41}},"type":"binary-expr","locations":[{"start":{"line":238,"column":12},"end":{"line":238,"column":22}},{"start":{"line":238,"column":26},"end":{"line":238,"column":41}}],"line":238},"28":{"loc":{"start":{"line":244,"column":8},"end":{"line":247,"column":9}},"type":"if","locations":[{"start":{"line":244,"column":8},"end":{"line":247,"column":9}},{"start":{},"end":{}}],"line":244},"29":{"loc":{"start":{"line":244,"column":12},"end":{"line":244,"column":41}},"type":"binary-expr","locations":[{"start":{"line":244,"column":12},"end":{"line":244,"column":22}},{"start":{"line":244,"column":26},"end":{"line":244,"column":41}}],"line":244},"30":{"loc":{"start":{"line":258,"column":37},"end":{"line":258,"column":49}},"type":"default-arg","locations":[{"start":{"line":258,"column":47},"end":{"line":258,"column":49}}],"line":258},"31":{"loc":{"start":{"line":259,"column":29},"end":{"line":259,"column":60}},"type":"cond-expr","locations":[{"start":{"line":259,"column":41},"end":{"line":259,"column":48}},{"start":{"line":259,"column":51},"end":{"line":259,"column":60}}],"line":259},"32":{"loc":{"start":{"line":263,"column":17},"end":{"line":263,"column":53}},"type":"binary-expr","locations":[{"start":{"line":263,"column":17},"end":{"line":263,"column":48}},{"start":{"line":263,"column":52},"end":{"line":263,"column":53}}],"line":263},"33":{"loc":{"start":{"line":264,"column":17},"end":{"line":264,"column":56}},"type":"binary-expr","locations":[{"start":{"line":264,"column":17},"end":{"line":264,"column":48}},{"start":{"line":264,"column":52},"end":{"line":264,"column":56}}],"line":264},"34":{"loc":{"start":{"line":265,"column":18},"end":{"line":265,"column":56}},"type":"binary-expr","locations":[{"start":{"line":265,"column":18},"end":{"line":265,"column":50}},{"start":{"line":265,"column":54},"end":{"line":265,"column":56}}],"line":265},"35":{"loc":{"start":{"line":266,"column":16},"end":{"line":266,"column":29}},"type":"binary-expr","locations":[{"start":{"line":266,"column":16},"end":{"line":266,"column":23}},{"start":{"line":266,"column":27},"end":{"line":266,"column":29}}],"line":266},"36":{"loc":{"start":{"line":276,"column":35},"end":{"line":276,"column":47}},"type":"default-arg","locations":[{"start":{"line":276,"column":45},"end":{"line":276,"column":47}}],"line":276},"37":{"loc":{"start":{"line":278,"column":17},"end":{"line":278,"column":48}},"type":"binary-expr","locations":[{"start":{"line":278,"column":17},"end":{"line":278,"column":43}},{"start":{"line":278,"column":47},"end":{"line":278,"column":48}}],"line":278},"38":{"loc":{"start":{"line":279,"column":17},"end":{"line":279,"column":51}},"type":"binary-expr","locations":[{"start":{"line":279,"column":17},"end":{"line":279,"column":43}},{"start":{"line":279,"column":47},"end":{"line":279,"column":51}}],"line":279},"39":{"loc":{"start":{"line":280,"column":18},"end":{"line":280,"column":51}},"type":"binary-expr","locations":[{"start":{"line":280,"column":18},"end":{"line":280,"column":45}},{"start":{"line":280,"column":49},"end":{"line":280,"column":51}}],"line":280},"40":{"loc":{"start":{"line":281,"column":16},"end":{"line":281,"column":29}},"type":"binary-expr","locations":[{"start":{"line":281,"column":16},"end":{"line":281,"column":23}},{"start":{"line":281,"column":27},"end":{"line":281,"column":29}}],"line":281},"41":{"loc":{"start":{"line":294,"column":25},"end":{"line":294,"column":47}},"type":"binary-expr","locations":[{"start":{"line":294,"column":25},"end":{"line":294,"column":41}},{"start":{"line":294,"column":45},"end":{"line":294,"column":47}}],"line":294},"42":{"loc":{"start":{"line":301,"column":21},"end":{"line":301,"column":74}},"type":"cond-expr","locations":[{"start":{"line":301,"column":35},"end":{"line":301,"column":62}},{"start":{"line":301,"column":65},"end":{"line":301,"column":74}}],"line":301},"43":{"loc":{"start":{"line":302,"column":19},"end":{"line":302,"column":84}},"type":"cond-expr","locations":[{"start":{"line":302,"column":39},"end":{"line":302,"column":72}},{"start":{"line":302,"column":75},"end":{"line":302,"column":84}}],"line":302}},"s":{"0":10,"1":161,"2":161,"3":161,"4":161,"5":161,"6":161,"7":101,"8":101,"9":2,"10":99,"11":99,"12":99,"13":99,"14":99,"15":13,"16":13,"17":13,"18":13,"19":86,"20":85,"21":85,"22":85,"23":85,"24":85,"25":108,"26":108,"27":107,"28":66,"29":66,"30":66,"31":0,"32":66,"33":66,"34":66,"35":66,"36":66,"37":66,"38":66,"39":66,"40":14,"41":14,"42":14,"43":52,"44":52,"45":52,"46":52,"47":52,"48":52,"49":41,"50":41,"51":41,"52":40,"53":40,"54":40,"55":40,"56":40,"57":40,"58":40,"59":3,"60":3,"61":3,"62":37,"63":36,"64":36,"65":36,"66":36,"67":36,"68":1,"69":1,"70":0,"71":0,"72":0,"73":0,"74":0,"75":0,"76":0,"77":0,"78":66,"79":66,"80":54,"81":66,"82":0,"83":66,"84":66,"85":292,"86":292,"87":10},"f":{"0":161,"1":101,"2":108,"3":0,"4":66,"5":54,"6":0,"7":66,"8":292},"b":{"0":[101,1],"1":[2,99],"2":[101,100],"3":[99,98],"4":[99,77],"5":[0,99],"6":[99,99],"7":[99,22],"8":[99,99],"9":[0,99],"10":[0,99],"11":[99,77],"12":[13,86],"13":[85,84],"14":[107,1],"15":[0,66,66,41],"16":[0,66],"17":[66,66,66],"18":[66,0],"19":[14,52],"20":[52,7],"21":[40,1],"22":[40,19],"23":[3,37],"24":[36,30],"25":[0],"26":[0,0],"27":[0,0],"28":[0,0],"29":[0,0],"30":[1],"31":[62,4],"32":[66,66],"33":[66,66],"34":[66,66],"35":[66,0],"36":[0],"37":[0,0],"38":[0,0],"39":[0,0],"40":[0,0],"41":[66,4],"42":[62,4],"43":[62,4]},"_coverageSchema":"1a1c01bbd47fc00a2c39e90264f33305004495a9","hash":"7d5bb377c5b51aeb21e9cfa3b794c4cf3521391b"}
[...]
{"start":{"line":25,"column":43},"end":{"line":25,"column":49}},{"start":{"line":25,"column":52},"end":{"line":25,"column":58}}],"line":25},"6":{"loc":{"start":{"line":30,"column":12},"end":{"line":32,"column":13}},"type":"if","locations":[{"start":{"line":30,"column":12},"end":{"line":32,"column":13}},{"start":{},"end":{}}],"line":30},"7":{"loc":{"start":{"line":35,"column":12},"end":{"line":37,"column":13}},"type":"if","locations":[{"start":{"line":35,"column":12},"end":{"line":37,"column":13}},{"start":{},"end":{}}],"line":35},"8":{"loc":{"start":{"line":35,"column":16},"end":{"line":35,"column":53}},"type":"binary-expr","locations":[{"start":{"line":35,"column":16},"end":{"line":35,"column":23}},{"start":{"line":35,"column":27},"end":{"line":35,"column":53}}],"line":35},"9":{"loc":{"start":{"line":40,"column":12},"end":{"line":47,"column":13}},"type":"if","locations":[{"start":{"line":40,"column":12},"end":{"line":47,"column":13}},{"start":{},"end":{}}],"line":40},"10":{"loc":{"start":{"line":50,"column":12},"end":{"line":75,"column":13}},"type":"if","locations":[{"start":{"line":50,"column":12},"end":{"line":75,"column":13}},{"start":{},"end":{}}],"line":50},"11":{"loc":{"start":{"line":52,"column":24},"end":{"line":52,"column":42}},"type":"cond-expr","locations":[{"start":{"line":52,"column":31},"end":{"line":52,"column":37}},{"start":{"line":52,"column":40},"end":{"line":52,"column":42}}],"line":52},"12":{"loc":{"start":{"line":53,"column":24},"end":{"line":53,"column":46}},"type":"cond-expr","locations":[{"start":{"line":53,"column":33},"end":{"line":53,"column":41}},{"start":{"line":53,"column":44},"end":{"line":53,"column":46}}],"line":53},"13":{"loc":{"start":{"line":57,"column":28},"end":{"line":57,"column":53}},"type":"binary-expr","locations":[{"start":{"line":57,"column":28},"end":{"line":57,"column":41}},{"start":{"line":57,"column":45},"end":{"line":57,"column":53}}],"line":57},"14":{"loc":{"start":{"line":58,"column":26},"end":{"line":58,"column":52}},"type":"binary-expr","locations":[{"start":{"line":58,"column":26},"end":{"line":58,"column":37}},{"start":{"line":58,"column":41},"end":{"line":58,"column":52}}],"line":58},"15":{"loc":{"start":{"line":59,"column":28},"end":{"line":59,"column":49}},"type":"binary-expr","locations":[{"start":{"line":59,"column":28},"end":{"line":59,"column":41}},{"start":{"line":59,"column":45},"end":{"line":59,"column":49}}],"line":59},"16":{"loc":{"start":{"line":78,"column":12},"end":{"line":97,"column":13}},"type":"if","locations":[{"start":{"line":78,"column":12},"end":{"line":97,"column":13}},{"start":{},"end":{}}],"line":78},"17":{"loc":{"start":{"line":78,"column":16},"end":{"line":78,"column":47}},"type":"binary-expr","locations":[{"start":{"line":78,"column":16},"end":{"line":78,"column":27}},{"start":{"line":78,"column":31},"end":{"line":78,"column":47}}],"line":78},"18":{"loc":{"start":{"line":80,"column":20},"end":{"line":80,"column":60}},"type":"if","locations":[{"start":{"line":80,"column":20},"end":{"line":80,"column":60}},{"start":{},"end":{}}],"line":80},"19":{"loc":{"start":{"line":82,"column":39},"end":{"line":82,"column":95}},"type":"cond-expr","locations":[{"start":{"line":82,"column":68},"end":{"line":82,"column":79}},{"start":{"line":82,"column":82},"end":{"line":82,"column":95}}],"line":82},"20":{"loc":{"start":{"line":87,"column":20},"end":{"line":87,"column":50}},"type":"if","locations":[{"start":{"line":87,"column":20},"end":{"line":87,"column":50}},{"start":{},"end":{}}],"line":87},"21":{"loc":{"start":{"line":89,"column":46},"end":{"line":89,"column":69}},"type":"binary-expr","locations":[{"start":{"line":89,"column":46},"end":{"line":89,"column":62}},{"start":{"line":89,"column":66},"end":{"line":89,"column":69}}],"line":89},"22":{"loc":{"start":{"line":100,"column":12},"end":{"line":115,"column":13}},"type":"if","locations":[{"start":{"line":100,"column":12},"end":{"line":115,"column":13}},{"start":{},"end":{}}],"line":100},"23":{"loc":{"start":{"line":101,"column":36},"end":{"line":101,"column":95}},"type":"cond-expr","locations":[{"start":{"line":101,"column":66},"end":{"line":101,"column":78}},{"start":{"line":101,"column":81},"end":{"line":101,"column":95}}],"line":101},"24":{"loc":{"start":{"line":106,"column":16},"end":{"line":106,"column":46}},"type":"if","locations":[{"start":{"line":106,"column":16},"end":{"line":106,"column":46}},{"start":{},"end":{}}],"line":106},"25":{"loc":{"start":{"line":108,"column":42},"end":{"line":108,"column":65}},"type":"binary-expr","locations":[{"start":{"line":108,"column":42},"end":{"line":108,"column":58}},{"start":{"line":108,"column":62},"end":{"line":108,"column":65}}],"line":108}},"s":{"0":11,"1":350,"2":39,"3":278,"4":197,"5":81,"6":81,"7":173,"8":27,"9":146,"10":0,"11":146,"12":45,"13":45,"14":101,"15":39,"16":39,"17":39,"18":44,"19":39,"20":39,"21":62,"22":51,"23":82,"24":1,"25":81,"26":81,"27":91,"28":81,"29":3,"30":78,"31":78,"32":78,"33":11,"34":6,"35":6,"36":7,"37":6,"38":1,"39":5,"40":5,"41":5,"42":5,"43":81,"44":11},"f":{"0":350,"1":39,"2":278,"3":173,"4":44,"5":82,"6":91,"7":7},"b":{"0":[163],"1":[94],"2":[197,81],"3":[12,69],"4":[48,21],"5":[9,12],"6":[27,146],"7":[0,146],"8":[146,146],"9":[45,101],"10":[39,62],"11":[34,5],"12":[39,0],"13":[39,36],"14":[39,36],"15":[39,36],"16":[51,11],"17":[62,54],"18":[1,81],"19":[10,71],"20":[3,78],"21":[78,68],"22":[6,5],"23":[1,5],"24":[1,5],"25":[5,4]},"_coverageSchema":"1a1c01bbd47fc00a2c39e90264f33305004495a9","hash":"2268a76490d0e7d7d9e317dc92bf49797172add9"}
,"/Users/mikezaschka/workspace/cds-caching/srv/caching-api-service.js": {"path":"/Users/mikezaschka/workspace/cds-caching/srv/caching-api-service.js","statementMap":{"0":{"start":{"line":1,"column":12},"end":{"line":1,"column":31}},"1":{"start":{"line":4,"column":10},"end":{"line":4,"column":32}},"2":{"start":{"line":9,"column":8},"end":{"line":21,"column":10}},"3":{"start":{"line":10,"column":32},"end":{"line":10,"column":40}},"4":{"start":{"line":11,"column":26},"end":{"line":11,"column":44}},"5":{"start":{"line":12,"column":33},"end":{"line":12,"column":60}},"6":{"start":{"line":13,"column":12},"end":{"line":20,"column":13}},"7":{"start":{"line":14,"column":16},"end":{"line":14,"column":61}},"8":{"start":{"line":15,"column":16},"end":{"line":15,"column":91}},"9":{"start":{"line":16,"column":16},"end":{"line":16,"column":28}},"10":{"start":{"line":18,"column":16},"end":{"line":18,"column":77}},"11":{"start":{"line":19,"column":16},"end":{"line":19,"column":29}},"12":{"start":{"line":24,"column":8},"end":{"line":36,"column":10}},"13":{"start":{"line":25,"column":32},"end":{"line":25,"column":40}},"14":{"start":{"line":26,"column":26},"end":{"line":26,"column":44}},"15":{"start":{"line":27,"column":33},"end":{"line":27,"column":60}},"16":{"start":{"line":28,"column":12},"end":{"line":35,"column":13}},"17":{"start":{"line":29,"column":16},"end":{"line":29,"column":64}},"18":{"start":{"line":30,"column":16},"end":{"line":30,"column":95}},"19":{"start":{"line":31,"column":16},"end":{"line":31,"column":28}},"20":{"start":{"line":33,"column":16},"end":{"line":33,"column":81}},"21":{"start":{"line":34,"column":16},"end":{"line":34,"column":29}},"22":{"start":{"line":39,"column":8},"end":{"line":57,"column":11}},"23":{"start":{"line":40,"column":26},"end":{"line":40,"column":44}},"24":{"start":{"line":41,"column":12},"end":{"line":56,"column":13}},"25":{"start":{"line":42,"column":37},"end":{"line":42,"column":64}},"26":{"start":{"line":43,"column":32},"end":{"line":43,"column":34}},"27":{"start":{"line":44,"column":16},"end":{"line":51,"column":17}},"28":{"start":{"line":45,"column":20},"end":{"line":50,"column":23}},"29":{"start":{"line":52,"column":16},"end":{"line":52,"column":31}},"30":{"start":{"line":54,"column":16},"end":{"line":54,"column":75}},"31":{"start":{"line":55,"column":16},"end":{"line":55,"column":26}},"32":{"start":{"line":60,"column":8},"end":{"line":68,"column":11}},"33":{"start":{"line":61,"column":28},"end":{"line":61,"column":36}},"34":{"start":{"line":62,"column":26},"end":{"line":62,"column":44}},"35":{"start":{"line":63,"column":33},"end":{"line":63,"column":60}},"36":{"start":{"line":64,"column":26},"end":{"line":64,"column":53}},"37":{"start":{"line":65,"column":12},"end":{"line":67,"column":14}},"38":{"start":{"line":71,"column":8},"end":{"line":78,"column":11}},"39":{"start":{"line":72,"column":40},"end":{"line":72,"column":48}},"40":{"start":{"line":73,"column":26},"end":{"line":73,"column":44}},"41":{"start":{"line":74,"column":33},"end":{"line":74,"column":60}},"42":{"start":{"line":75,"column":12},"end":{"line":75,"column":61}},"43":{"start":{"line":76,"column":12},"end":{"line":76,"column":61}},"44":{"start":{"line":77,"column":12},"end":{"line":77,"column":24}},"45":{"start":{"line":81,"column":8},"end":{"line":88,"column":11}},"46":{"start":{"line":82,"column":28},"end":{"line":82,"column":36}},"47":{"start":{"line":83,"column":26},"end":{"line":83,"column":44}},"48":{"start":{"line":84,"column":33},"end":{"line":84,"column":60}},"49":{"start":{"line":85,"column":12},"end":{"line":85,"column":43}},"50":{"start":{"line":86,"column":12},"end":{"line":86,"column":65}},"51":{"start":{"line":87,"column":12},"end":{"line":87,"column":24}},"52":{"start":{"line":91,"column":8},"end":{"line":97,"column":11}},"53":{"start":{"line":92,"column":26},"end":{"line":92,"column":44}},"54":{"start":{"line":93,"column":33},"end":{"line":93,"column":60}},"55":{"start":{"line":94,"column":12},"end":{"line":94,"column":39}},"56":{"start":{"line":95,"column":12},"end":{"line":95,"column":61}},"57":{"start":{"line":96,"column":12},"end":{"line":96,"column":24}},"58":{"start":{"line":100,"column":8},"end":{"line":106,"column":11}},"59":{"start":{"line":101,"column":26},"end":{"line":101,"column":44}},"60":{"start":{"line":102,"column":33},"end":{"line":102,"column":60}},"61":{"start":{"line":103,"column":12},"end":{"line":103,"column":49}},"62":{"start":{"line":104,"column":12},"end":{"line":104,"column":67}},"63":{"start":{"line":105,"column":12},"end":{"line":105,"column":24}},"64":{"start":{"line":109,"column":8},"end":{"line":115,"column":11}},"65":{"start":{"line":110,"column":26},"end":{"line":110,"column":44}},"66":{"start":{"line":111,"column":33},"end":{"line":111,"column":60}},"67":{"start":{"line":112,"column":12},"end":{"line":112,"column":46}},"68":{"start":{"line":113,"column":12},"end":{"line":113,"column":63}},"69":{"start":{"line":114,"column":12},"end":{"line":114,"column":24}},"70":{"start":{"line":117,"column":8},"end":{"line":117,"column":26}},"71":{"start":{"line":124,"column":0},"end":{"line":124,"column":34}}},"fnMap":{"0":{"name":"(anonymous_0)","decl":{"start":{"line":6,"column":4},"end":{"line":6,"column":5}},"loc":{"start":{"line":6,"column":17},"end":{"line":118,"column":5}},"line":6},"1":{"name":"(anonymous_1)","decl":{"start":{"line":9,"column":37},"end":{"line":9,"column":38}},"loc":{"start":{"line":9,"column":52},"end":{"line":21,"column":9}},"line":9},"2":{"name":"(anonymous_2)","decl":{"start":{"line":24,"column":40},"end":{"line":24,"column":41}},"loc":{"start":{"line":24,"column":55},"end":{"line":36,"column":9}},"line":24},"3":{"name":"(anonymous_3)","decl":{"start":{"line":39,"column":30},"end":{"line":39,"column":31}},"loc":{"start":{"line":39,"column":45},"end":{"line":57,"column":9}},"line":39},"4":{"name":"(anonymous_4)","decl":{"start":{"line":60,"column":28},"end":{"line":60,"column":29}},"loc":{"start":{"line":60,"column":43},"end":{"line":68,"column":9}},"line":60},"5":{"name":"(anonymous_5)","decl":{"start":{"line":71,"column":28},"end":{"line":71,"column":29}},"loc":{"start":{"line":71,"column":43},"end":{"line":78,"column":9}},"line":71},"6":{"name":"(anonymous_6)","decl":{"start":{"line":81,"column":31},"end":{"line":81,"column":32}},"loc":{"start":{"line":81,"column":46},"end":{"line":88,"column":9}},"line":81},"7":{"name":"(anonymous_7)","decl":{"start":{"line":91,"column":25},"end":{"line":91,"column":26}},"loc":{"start":{"line":91,"column":40},"end":{"line":97,"column":9}},"line":91},"8":{"name":"(anonymous_8)","decl":{"start":{"line":100,"column":35},"end":{"line":100,"column":36}},"loc":{"start":{"line":100,"column":50},"end":{"line":106,"column":9}},"line":100},"9":{"name":"(anonymous_9)","decl":{"start":{"line":109,"column":32},"end":{"line":109,"column":33}},"loc":{"start":{"line":109,"column":47},"end":{"line":115,"column":9}},"line":109}},"branchMap":{"0":{"loc":{"start":{"line":15,"column":36},"end":{"line":15,"column":68}},"type":"cond-expr","locations":[{"start":{"line":15,"column":46},"end":{"line":15,"column":55}},{"start":{"line":15,"column":58},"end":{"line":15,"column":68}}],"line":15},"1":{"loc":{"start":{"line":30,"column":40},"end":{"line":30,"column":72}},"type":"cond-expr","locations":[{"start":{"line":30,"column":50},"end":{"line":30,"column":59}},{"start":{"line":30,"column":62},"end":{"line":30,"column":72}}],"line":30}},"s":{"0":7,"1":7,"2":7,"3":3,"4":3,"5":3,"6":3,"7":3,"8":3,"9":3,"10":0,"11":0,"12":7,"13":2,"14":2,"15":2,"16":2,"17":2,"18":2,"19":2,"20":0,"21":0,"22":7,"23":6,"24":6,"25":6,"26":6,"27":6,"28":10,"29":6,"30":0,"31":0,"32":7,"33":5,"34":5,"35":5,"36":5,"37":5,"38":7,"39":13,"40":13,"41":13,"42":13,"43":13,"44":13,"45":7,"46":6,"47":6,"48":6,"49":6,"50":6,"51":6,"52":7,"53":2,"54":2,"55":2,"56":2,"57":2,"58":7,"59":1,"60":1,"61":1,"62":1,"63":1,"64":7,"65":1,"66":1,"67":1,"68":1,"69":1,"70":7,"71":7},"f":{"0":7,"1":3,"2":2,"3":6,"4":5,"5":13,"6":6,"7":2,"8":1,"9":1},"b":{"0":[2,1],"1":[1,1]},"_coverageSchema":"1a1c01bbd47fc00a2c39e90264f33305004495a9","hash":"8ca95438083414ba0e30c4d6123b644996b08c06"}
,"/Users/mikezaschka/workspace/cds-caching/test/app/srv/app-service.js": {"path":"/Users/mikezaschka/workspace/cds-caching/test/app/srv/app-service.js","statementMap":{"0":{"start":{"line":1,"column":12},"end":{"line":1,"column":31}},"1":{"start":{"line":5,"column":46},"end":{"line":5,"column":59}},"2":{"start":{"line":8,"column":8},"end":{"line":43,"column":11}},"3":{"start":{"line":9,"column":27},"end":{"line":9,"column":43}},"4":{"start":{"line":11,"column":12},"end":{"line":11,"column":47}},"5":{"start":{"line":11,"column":33},"end":{"line":11,"column":47}},"6":{"start":{"line":12,"column":32},"end":{"line":14,"column":13}},"7":{"start":{"line":13,"column":37},"end":{"line":13,"column":68}},"8":{"start":{"line":16,"column":12},"end":{"line":16,"column":47}},"9":{"start":{"line":16,"column":33},"end":{"line":16,"column":47}},"10":{"start":{"line":17,"column":34},"end":{"line":17,"column":68}},"11":{"start":{"line":20,"column":12},"end":{"line":20,"column":60}},"12":{"start":{"line":23,"column":12},"end":{"line":28,"column":13}},"13":{"start":{"line":25,"column":30},"end":{"line":25,"column":81}},"14":{"start":{"line":25,"column":69},"end":{"line":25,"column":80}},"15":{"start":{"line":27,"column":16},"end":{"line":27,"column":52}},"16":{"start":{"line":30,"column":25},"end":{"line":30,"column":37}},"17":{"start":{"line":33,"column":12},"end":{"line":40,"column":13}},"18":{"start":{"line":34,"column":16},"end":{"line":39,"column":17}},"19":{"start":{"line":35,"column":20},"end":{"line":38,"column":84}},"20":{"start":{"line":42,"column":12},"end":{"line":42,"column":24}},"21":{"start":{"line":45,"column":8},"end":{"line":49,"column":11}},"22":{"start":{"line":47,"column":30},"end":{"line":47,"column":63}},"23":{"start":{"line":48,"column":12},"end":{"line":48,"column":44}},"24":{"start":{"line":50,"column":8},"end":{"line":53,"column":11}},"25":{"start":{"line":51,"column":25},"end":{"line":51,"column":33}},"26":{"start":{"line":52,"column":12},"end":{"line":52,"column":49}},"27":{"start":{"line":54,"column":8},"end":{"line":58,"column":11}},"28":{"start":{"line":55,"column":25},"end":{"line":55,"column":33}},"29":{"start":{"line":56,"column":26},"end":{"line":56,"column":39}},"30":{"start":{"line":57,"column":12},"end":{"line":57,"column":74}},"31":{"start":{"line":59,"column":8},"end":{"line":62,"column":11}},"32":{"start":{"line":60,"column":25},"end":{"line":60,"column":33}},"33":{"start":{"line":61,"column":12},"end":{"line":61,"column":49}},"34":{"start":{"line":63,"column":8},"end":{"line":63,"column":27}},"35":{"start":{"line":67,"column":0},"end":{"line":67,"column":27}}},"fnMap":{"0":{"name":"(anonymous_0)","decl":{"start":{"line":4,"column":4},"end":{"line":4,"column":5}},"loc":{"start":{"line":4,"column":17},"end":{"line":64,"column":5}},"line":4},"1":{"name":"(anonymous_1)","decl":{"start":{"line":8,"column":31},"end":{"line":8,"column":32}},"loc":{"start":{"line":8,"column":52},"end":{"line":43,"column":9}},"line":8},"2":{"name":"(anonymous_2)","decl":{"start":{"line":13,"column":16},"end":{"line":13,"column":17}},"loc":{"start":{"line":13,"column":37},"end":{"line":13,"column":68}},"line":13},"3":{"name":"(anonymous_3)","decl":{"start":{"line":25,"column":20},"end":{"line":25,"column":21}},"loc":{"start":{"line":25,"column":30},"end":{"line":25,"column":81}},"line":25},"4":{"name":"(anonymous_4)","decl":{"start":{"line":25,"column":60},"end":{"line":25,"column":61}},"loc":{"start":{"line":25,"column":69},"end":{"line":25,"column":80}},"line":25},"5":{"name":"(anonymous_5)","decl":{"start":{"line":45,"column":34},"end":{"line":45,"column":35}},"loc":{"start":{"line":45,"column":49},"end":{"line":49,"column":9}},"line":45},"6":{"name":"(anonymous_6)","decl":{"start":{"line":50,"column":34},"end":{"line":50,"column":35}},"loc":{"start":{"line":50,"column":49},"end":{"line":53,"column":9}},"line":50},"7":{"name":"(anonymous_7)","decl":{"start":{"line":54,"column":39},"end":{"line":54,"column":40}},"loc":{"start":{"line":54,"column":54},"end":{"line":58,"column":9}},"line":54},"8":{"name":"(anonymous_8)","decl":{"start":{"line":59,"column":37},"end":{"line":59,"column":38}},"loc":{"start":{"line":59,"column":52},"end":{"line":62,"column":9}},"line":59}},"branchMap":{"0":{"loc":{"start":{"line":11,"column":12},"end":{"line":11,"column":47}},"type":"if","locations":[{"start":{"line":11,"column":12},"end":{"line":11,"column":47}},{"start":{},"end":{}}],"line":11},"1":{"loc":{"start":{"line":13,"column":37},"end":{"line":13,"column":68}},"type":"binary-expr","locations":[{"start":{"line":13,"column":37},"end":{"line":13,"column":43}},{"start":{"line":13,"column":47},"end":{"line":13,"column":68}}],"line":13},"2":{"loc":{"start":{"line":16,"column":12},"end":{"line":16,"column":47}},"type":"if","locations":[{"start":{"line":16,"column":12},"end":{"line":16,"column":47}},{"start":{},"end":{}}],"line":16},"3":{"loc":{"start":{"line":23,"column":12},"end":{"line":28,"column":13}},"type":"if","locations":[{"start":{"line":23,"column":12},"end":{"line":28,"column":13}},{"start":{},"end":{}}],"line":23},"4":{"loc":{"start":{"line":23,"column":16},"end":{"line":25,"column":82}},"type":"binary-expr","locations":[{"start":{"line":23,"column":16},"end":{"line":23,"column":48}},{"start":{"line":24,"column":16},"end":{"line":25,"column":82}}],"line":23},"5":{"loc":{"start":{"line":25,"column":30},"end":{"line":25,"column":81}},"type":"binary-expr","locations":[{"start":{"line":25,"column":30},"end":{"line":25,"column":40}},{"start":{"line":25,"column":44},"end":{"line":25,"column":81}}],"line":25},"6":{"loc":{"start":{"line":33,"column":12},"end":{"line":40,"column":13}},"type":"if","locations":[{"start":{"line":33,"column":12},"end":{"line":40,"column":13}},{"start":{},"end":{}}],"line":33}},"s":{"0":7,"1":7,"2":7,"3":7,"4":7,"5":7,"6":0,"7":0,"8":0,"9":0,"10":0,"11":0,"12":0,"13":0,"14":0,"15":0,"16":0,"17":0,"18":0,"19":0,"20":0,"21":7,"22":11,"23":11,"24":7,"25":67,"26":67,"27":7,"28":2,"29":2,"30":2,"31":7,"32":1,"33":1,"34":7,"35":7},"f":{"0":7,"1":7,"2":0,"3":0,"4":0,"5":11,"6":67,"7":2,"8":1},"b":{"0":[7,0],"1":[0,0],"2":[0,0],"3":[0,0],"4":[0,0],"5":[0,0],"6":[0,0]},"_coverageSchema":"1a1c01bbd47fc00a2c39e90264f33305004495a9","hash":"b5555515cb27524b42bf1d42b60ae99682cdf4a3"}
}
