TN:
SF:cds-plugin.js
FNF:0
FNH:0
DA:1,10
DA:2,10
DA:3,10
DA:5,10
DA:7,10
LF:5
LH:5
BRF:0
BRH:0
end_of_record
TN:
SF:lib/CachingService.js
FN:13,(anonymous_0)
FN:39,(anonymous_1)
FN:47,(anonymous_2)
FN:60,(anonymous_3)
FN:65,(anonymous_4)
FN:129,(anonymous_5)
FN:131,(anonymous_6)
FN:132,(anonymous_7)
FN:133,(anonymous_8)
FN:134,(anonymous_9)
FN:135,(anonymous_10)
FN:136,(anonymous_11)
FN:137,(anonymous_12)
FN:138,(anonymous_13)
FN:139,(anonymous_14)
FN:145,(anonymous_15)
FN:147,(anonymous_16)
FN:148,(anonymous_17)
FN:149,(anonymous_18)
FN:150,(anonymous_19)
FN:163,(anonymous_20)
FN:176,(anonymous_21)
FN:189,(anonymous_22)
FN:191,(anonymous_23)
FN:202,(anonymous_24)
FN:217,(anonymous_25)
FN:226,(anonymous_26)
FN:230,(anonymous_27)
FN:238,(anonymous_28)
FN:246,(anonymous_29)
FN:256,(anonymous_30)
FN:264,(anonymous_31)
FN:273,(anonymous_32)
FN:283,(anonymous_33)
FN:292,(anonymous_34)
FN:300,(anonymous_35)
FN:308,(anonymous_36)
FN:318,(anonymous_37)
FN:326,(anonymous_38)
FN:338,(anonymous_39)
FN:340,(anonymous_40)
FN:344,(anonymous_41)
FN:348,(anonymous_42)
FN:357,(anonymous_43)
FNF:44
FNH:42
FNDA:161,(anonymous_0)
FNDA:340,(anonymous_1)
FNDA:280,(anonymous_2)
FNDA:12,(anonymous_3)
FNDA:326,(anonymous_4)
FNDA:31,(anonymous_5)
FNDA:77,(anonymous_6)
FNDA:215,(anonymous_7)
FNDA:328,(anonymous_8)
FNDA:11,(anonymous_9)
FNDA:326,(anonymous_10)
FNDA:2,(anonymous_11)
FNDA:6,(anonymous_12)
FNDA:3,(anonymous_13)
FNDA:8,(anonymous_14)
FNDA:309,(anonymous_15)
FNDA:101,(anonymous_16)
FNDA:108,(anonymous_17)
FNDA:47,(anonymous_18)
FNDA:53,(anonymous_19)
FNDA:960,(anonymous_20)
FNDA:960,(anonymous_21)
FNDA:1,(anonymous_22)
FNDA:1,(anonymous_23)
FNDA:1,(anonymous_24)
FNDA:0,(anonymous_25)
FNDA:1,(anonymous_26)
FNDA:1,(anonymous_27)
FNDA:24,(anonymous_28)
FNDA:10,(anonymous_29)
FNDA:65,(anonymous_30)
FNDA:65,(anonymous_31)
FNDA:101,(anonymous_32)
FNDA:78,(anonymous_33)
FNDA:8,(anonymous_34)
FNDA:5,(anonymous_35)
FNDA:58,(anonymous_36)
FNDA:12,(anonymous_37)
FNDA:0,(anonymous_38)
FNDA:161,(anonymous_39)
FNDA:280,(anonymous_40)
FNDA:341,(anonymous_41)
FNDA:12,(anonymous_42)
FNDA:58,(anonymous_43)
DA:1,10
DA:2,10
DA:3,10
DA:4,10
DA:5,10
DA:6,10
DA:7,10
DA:8,10
DA:9,10
DA:14,161
DA:15,161
DA:16,161
DA:23,161
DA:24,161
DA:25,161
DA:26,161
DA:29,161
DA:30,161
DA:31,161
DA:34,161
DA:39,161
DA:40,340
DA:41,340
DA:42,340
DA:44,340
DA:47,161
DA:48,280
DA:49,280
DA:50,280
DA:51,249
DA:52,249
DA:54,0
DA:57,31
DA:60,161
DA:61,12
DA:62,12
DA:65,161
DA:66,326
DA:67,326
DA:70,326
DA:71,326
DA:73,326
DA:74,326
DA:75,239
DA:77,87
DA:83,161
DA:84,161
DA:85,161
DA:86,161
DA:88,161
DA:91,161
DA:94,161
DA:95,161
DA:98,161
DA:105,161
DA:113,161
DA:122,161
DA:129,31
DA:131,77
DA:132,215
DA:133,328
DA:134,11
DA:135,326
DA:136,2
DA:137,6
DA:138,3
DA:139,8
DA:146,309
DA:147,101
DA:148,108
DA:149,47
DA:150,53
DA:164,960
DA:165,959
DA:167,1
DA:177,960
DA:178,959
DA:180,1
DA:190,1
DA:191,1
DA:192,1
DA:193,1
DA:203,1
DA:204,1
DA:217,0
DA:227,1
DA:231,1
DA:239,24
DA:247,10
DA:257,65
DA:265,65
DA:274,101
DA:275,101
DA:284,78
DA:285,78
DA:293,8
DA:301,5
DA:309,58
DA:319,12
DA:327,0
DA:340,161
DA:341,280
DA:344,161
DA:345,341
DA:348,161
DA:349,12
DA:358,58
DA:359,58
DA:360,58
DA:361,0
DA:363,58
DA:369,10
LF:112
LH:108
BRDA:16,0,0,161
BRDA:16,0,1,0
BRDA:31,1,0,161
BRDA:31,1,1,152
BRDA:41,2,0,340
BRDA:41,2,1,0
BRDA:44,3,0,340
BRDA:44,3,1,280
BRDA:50,4,0,249
BRDA:50,4,1,31
BRDA:70,5,0,326
BRDA:70,5,1,0
BRDA:164,6,0,959
BRDA:164,6,1,1
BRDA:164,7,0,960
BRDA:164,7,1,1
BRDA:164,7,2,1
BRDA:164,7,3,1
BRDA:177,8,0,959
BRDA:177,8,1,1
BRDA:177,9,0,960
BRDA:177,9,1,959
BRDA:318,10,0,0
BRDA:319,11,0,6
BRDA:319,11,1,6
BRF:25
BRH:21
end_of_record
TN:
SF:lib/util.js
FN:3,(anonymous_0)
FN:19,(anonymous_1)
FN:42,(anonymous_2)
FN:62,(anonymous_3)
FN:66,(anonymous_4)
FN:67,(anonymous_5)
FN:79,(anonymous_6)
FN:80,(anonymous_7)
FN:81,(anonymous_8)
FN:93,(anonymous_9)
FN:122,(anonymous_10)
FN:148,(anonymous_11)
FN:164,(anonymous_12)
FN:179,(anonymous_13)
FNF:14
FNH:14
FNDA:88,(anonymous_0)
FNDA:6,(anonymous_1)
FNDA:42,(anonymous_2)
FNDA:12,(anonymous_3)
FNDA:12,(anonymous_4)
FNDA:7,(anonymous_5)
FNDA:12,(anonymous_6)
FNDA:12,(anonymous_7)
FNDA:57,(anonymous_8)
FNDA:24,(anonymous_9)
FNDA:6,(anonymous_10)
FNDA:30,(anonymous_11)
FNDA:546,(anonymous_12)
FNDA:150,(anonymous_13)
DA:1,10
DA:3,10
DA:4,88
DA:5,88
DA:6,728
DA:7,0
DA:8,0
DA:12,88
DA:13,51
DA:15,37
DA:19,10
DA:20,6
DA:22,6
DA:23,30
DA:25,6
DA:26,6
DA:28,6
DA:40,6
DA:41,54
DA:42,42
DA:43,6
DA:46,18
DA:47,18
DA:49,18
DA:59,6
DA:62,10
DA:63,12
DA:64,12
DA:66,12
DA:67,12
DA:68,7
DA:69,7
DA:74,7
DA:79,10
DA:80,12
DA:81,12
DA:82,57
DA:83,57
DA:88,57
DA:93,10
DA:94,24
DA:95,24
DA:96,24
DA:99,24
DA:101,24
DA:103,8
DA:108,8
DA:109,8
DA:112,16
DA:115,16
DA:118,0
DA:122,10
DA:123,6
DA:126,6
DA:127,6
DA:129,18
DA:130,18
DA:131,12
DA:136,6
DA:137,54
DA:138,6
DA:139,6
DA:143,6
DA:144,18
DA:147,18
DA:148,30
DA:149,6
DA:150,6
DA:153,6
DA:154,6
DA:163,18
DA:164,546
DA:165,12
DA:166,12
DA:169,12
DA:170,12
DA:178,108
DA:179,150
DA:180,6
DA:181,6
DA:184,6
DA:185,6
DA:195,6
DA:196,6
DA:197,24
DA:201,10
LF:86
LH:83
BRDA:6,0,0,0
BRDA:6,0,1,728
BRDA:12,1,0,51
BRDA:12,1,1,37
BRDA:12,2,0,88
BRDA:12,2,1,88
BRDA:15,3,0,0
BRDA:15,3,1,37
BRDA:23,4,0,6
BRDA:23,4,1,24
BRDA:23,5,0,30
BRDA:23,5,1,30
BRDA:23,5,2,30
BRDA:25,6,0,6
BRDA:25,6,1,0
BRDA:30,7,0,6
BRDA:30,7,1,6
BRDA:31,8,0,6
BRDA:31,8,1,6
BRDA:32,9,0,6
BRDA:32,9,1,0
BRDA:41,10,0,24
BRDA:41,10,1,30
BRDA:42,11,0,6
BRDA:42,11,1,18
BRDA:46,12,0,18
BRDA:46,12,1,0
BRDA:51,13,0,18
BRDA:51,13,1,0
BRDA:52,14,0,18
BRDA:52,14,1,0
BRDA:53,15,0,18
BRDA:53,15,1,0
BRDA:62,16,0,6
BRDA:63,17,0,12
BRDA:63,17,1,0
BRDA:68,18,0,7
BRDA:68,18,1,0
BRDA:82,19,0,57
BRDA:82,19,1,0
BRDA:93,20,0,0
BRDA:101,21,0,8
BRDA:101,21,1,16
BRDA:130,22,0,12
BRDA:130,22,1,6
BRDA:137,23,0,6
BRDA:137,23,1,48
BRDA:137,24,0,54
BRDA:137,24,1,54
BRDA:137,24,2,48
BRDA:148,25,0,6
BRDA:148,25,1,6
BRDA:148,26,0,12
BRDA:148,26,1,6
BRDA:149,27,0,6
BRDA:149,27,1,0
BRDA:153,28,0,6
BRDA:153,28,1,6
BRDA:164,29,0,12
BRDA:164,29,1,96
BRDA:166,30,0,12
BRDA:166,30,1,0
BRDA:169,31,0,12
BRDA:169,31,1,6
BRDA:178,32,0,108
BRDA:178,32,1,96
BRDA:179,33,0,6
BRDA:179,33,1,54
BRDA:179,34,0,60
BRDA:179,34,1,6
BRDA:181,35,0,6
BRDA:181,35,1,0
BRDA:184,36,0,6
BRDA:184,36,1,6
BRF:74
BRH:59
end_of_record
TN:
SF:lib/operations/AsyncOperations.js
FN:5,(anonymous_0)
FN:20,(anonymous_1)
FN:43,(anonymous_2)
FN:67,(anonymous_3)
FN:68,(anonymous_4)
FN:119,(anonymous_5)
FN:166,(anonymous_6)
FNF:7
FNH:7
FNDA:161,(anonymous_0)
FNDA:121,(anonymous_1)
FNDA:94,(anonymous_2)
FNDA:47,(anonymous_3)
FNDA:68,(anonymous_4)
FNDA:53,(anonymous_5)
FNDA:117,(anonymous_6)
DA:6,161
DA:7,161
DA:8,161
DA:9,161
DA:22,121
DA:23,17
DA:38,104
DA:39,49
DA:43,94
DA:44,55
DA:46,55
DA:68,47
DA:70,68
DA:72,68
DA:73,68
DA:88,68
DA:89,14
DA:90,14
DA:92,14
DA:93,14
DA:95,54
DA:96,52
DA:97,52
DA:99,52
DA:104,52
DA:106,52
DA:121,53
DA:123,53
DA:125,53
DA:140,53
DA:141,12
DA:142,12
DA:143,12
DA:144,12
DA:146,41
DA:147,39
DA:148,39
DA:150,39
DA:155,39
DA:157,39
DA:167,117
DA:168,117
DA:172,10
LF:43
LH:43
BRDA:22,0,0,17
BRDA:22,0,1,104
BRDA:38,1,0,49
BRDA:38,1,1,55
BRDA:67,2,0,39
BRDA:70,3,0,68
BRDA:70,3,1,0
BRDA:81,4,0,68
BRDA:81,4,1,0
BRDA:88,5,0,14
BRDA:88,5,1,54
BRDA:93,6,0,14
BRDA:93,6,1,0
BRDA:101,7,0,52
BRDA:101,7,1,51
BRDA:104,8,0,52
BRDA:104,8,1,51
BRDA:119,9,0,19
BRDA:119,10,0,40
BRDA:121,11,0,53
BRDA:121,11,1,2
BRDA:133,12,0,53
BRDA:133,12,1,2
BRDA:140,13,0,12
BRDA:140,13,1,41
BRDA:144,14,0,12
BRDA:144,14,1,0
BRDA:152,15,0,39
BRDA:152,15,1,38
BRDA:155,16,0,39
BRDA:155,16,1,38
BRF:31
BRH:27
end_of_record
TN:
SF:lib/operations/BasicOperations.js
FN:5,(anonymous_0)
FN:19,(anonymous_1)
FN:46,(anonymous_2)
FN:69,(anonymous_3)
FN:79,(anonymous_4)
FN:100,(anonymous_5)
FN:118,(anonymous_6)
FN:140,(anonymous_7)
FN:156,(anonymous_8)
FN:169,(anonymous_9)
FN:181,(anonymous_10)
FNF:11
FNH:10
FNDA:161,(anonymous_0)
FNDA:77,(anonymous_1)
FNDA:215,(anonymous_2)
FNDA:328,(anonymous_3)
FNDA:12,(anonymous_4)
FNDA:326,(anonymous_5)
FNDA:2,(anonymous_6)
FNDA:6,(anonymous_7)
FNDA:3,(anonymous_8)
FNDA:0,(anonymous_9)
FNDA:10,(anonymous_10)
DA:6,161
DA:7,161
DA:8,161
DA:9,161
DA:20,77
DA:25,77
DA:26,77
DA:32,76
DA:38,76
DA:47,215
DA:48,215
DA:53,215
DA:58,215
DA:59,215
DA:61,215
DA:70,328
DA:71,328
DA:80,12
DA:81,12
DA:86,12
DA:91,12
DA:93,12
DA:101,326
DA:104,326
DA:109,326
DA:119,2
DA:120,2
DA:121,1
DA:126,2
DA:131,2
DA:141,6
DA:142,6
DA:145,6
DA:147,6
DA:148,6
DA:157,3
DA:158,3
DA:161,3
DA:170,0
DA:171,0
DA:174,0
DA:182,10
DA:183,18
DA:184,18
DA:185,18
DA:187,0
DA:190,0
DA:196,10
LF:48
LH:43
BRDA:19,0,0,52
BRDA:22,1,0,77
BRDA:22,1,1,0
BRDA:29,2,0,77
BRDA:29,2,1,71
BRDA:35,3,0,76
BRDA:35,3,1,70
BRDA:58,4,0,215
BRDA:58,4,1,184
BRDA:120,5,0,1
BRDA:120,5,1,1
BRDA:145,6,0,0
BRDA:145,6,1,6
BRDA:161,7,0,3
BRDA:161,7,1,0
BRDA:183,8,0,18
BRDA:183,8,1,0
BRF:17
BRH:13
end_of_record
TN:
SF:lib/operations/CapOperations.js
FN:12,(anonymous_0)
FN:30,(anonymous_1)
FN:115,(anonymous_2)
FN:234,(anonymous_3)
FN:258,(anonymous_4)
FN:260,(anonymous_5)
FN:276,(anonymous_6)
FN:290,(anonymous_7)
FN:320,(anonymous_8)
FNF:9
FNH:7
FNDA:161,(anonymous_0)
FNDA:101,(anonymous_1)
FNDA:108,(anonymous_2)
FNDA:0,(anonymous_3)
FNDA:66,(anonymous_4)
FNDA:54,(anonymous_5)
FNDA:0,(anonymous_6)
FNDA:66,(anonymous_7)
FNDA:292,(anonymous_8)
DA:1,10
DA:7,161
DA:13,161
DA:14,161
DA:15,161
DA:16,161
DA:17,161
DA:31,101
DA:36,101
DA:37,2
DA:40,99
DA:53,99
DA:54,99
DA:57,99
DA:82,99
DA:83,13
DA:85,13
DA:87,13
DA:88,13
DA:90,86
DA:91,85
DA:92,85
DA:94,85
DA:99,85
DA:101,85
DA:116,108
DA:117,108
DA:118,107
DA:122,66
DA:123,66
DA:125,66
DA:126,0
DA:129,66
DA:131,66
DA:132,66
DA:135,66
DA:136,66
DA:137,66
DA:138,66
DA:140,66
DA:142,14
DA:144,14
DA:145,14
DA:148,52
DA:149,52
DA:152,52
DA:154,52
DA:159,52
DA:160,52
DA:163,41
DA:164,41
DA:166,41
DA:167,40
DA:173,40
DA:176,40
DA:177,40
DA:178,40
DA:179,40
DA:198,40
DA:200,3
DA:202,3
DA:203,3
DA:206,37
DA:207,36
DA:210,36
DA:212,36
DA:217,36
DA:218,36
DA:221,1
DA:225,1
DA:235,0
DA:238,0
DA:239,0
DA:240,0
DA:244,0
DA:245,0
DA:246,0
DA:249,0
DA:259,66
DA:260,66
DA:262,66
DA:277,0
DA:292,66
DA:312,66
DA:321,292
DA:322,292
DA:326,10
LF:87
LH:77
BRDA:33,0,0,101
BRDA:33,0,1,1
BRDA:36,1,0,2
BRDA:36,1,1,99
BRDA:36,2,0,101
BRDA:36,2,1,100
BRDA:41,3,0,99
BRDA:41,3,1,98
BRDA:45,4,0,99
BRDA:45,4,1,77
BRDA:58,5,0,0
BRDA:58,5,1,99
BRDA:61,6,0,99
BRDA:61,6,1,99
BRDA:62,7,0,99
BRDA:62,7,1,22
BRDA:63,8,0,99
BRDA:63,8,1,99
BRDA:65,9,0,0
BRDA:65,9,1,99
BRDA:66,10,0,0
BRDA:66,10,1,99
BRDA:69,11,0,99
BRDA:69,11,1,77
BRDA:82,12,0,13
BRDA:82,12,1,86
BRDA:99,13,0,85
BRDA:99,13,1,84
BRDA:117,14,0,107
BRDA:117,14,1,1
BRDA:118,15,0,0
BRDA:118,15,1,66
BRDA:118,15,2,66
BRDA:118,15,3,41
BRDA:125,16,0,0
BRDA:125,16,1,66
BRDA:125,17,0,66
BRDA:125,17,1,66
BRDA:125,17,2,66
BRDA:129,18,0,66
BRDA:129,18,1,0
BRDA:140,19,0,14
BRDA:140,19,1,52
BRDA:159,20,0,52
BRDA:159,20,1,7
BRDA:166,21,0,40
BRDA:166,21,1,1
BRDA:170,22,0,40
BRDA:170,22,1,19
BRDA:198,23,0,3
BRDA:198,23,1,37
BRDA:217,24,0,36
BRDA:217,24,1,30
BRDA:234,25,0,0
BRDA:238,26,0,0
BRDA:238,26,1,0
BRDA:238,27,0,0
BRDA:238,27,1,0
BRDA:244,28,0,0
BRDA:244,28,1,0
BRDA:244,29,0,0
BRDA:244,29,1,0
BRDA:258,30,0,1
BRDA:259,31,0,62
BRDA:259,31,1,4
BRDA:263,32,0,66
BRDA:263,32,1,66
BRDA:264,33,0,66
BRDA:264,33,1,66
BRDA:265,34,0,66
BRDA:265,34,1,66
BRDA:266,35,0,66
BRDA:266,35,1,0
BRDA:276,36,0,0
BRDA:278,37,0,0
BRDA:278,37,1,0
BRDA:279,38,0,0
BRDA:279,38,1,0
BRDA:280,39,0,0
BRDA:280,39,1,0
BRDA:281,40,0,0
BRDA:281,40,1,0
BRDA:294,41,0,66
BRDA:294,41,1,4
BRDA:301,42,0,62
BRDA:301,42,1,4
BRDA:302,43,0,62
BRDA:302,43,1,4
BRF:88
BRH:63
end_of_record
TN:
SF:lib/support/CacheStatisticsHandler.js
FN:12,(anonymous_0)
FN:63,(anonymous_1)
FN:71,(anonymous_2)
FN:74,(anonymous_3)
FN:86,(anonymous_4)
FN:93,(anonymous_5)
FN:98,(anonymous_6)
FN:108,(anonymous_7)
FN:131,(anonymous_8)
FN:154,(anonymous_9)
FN:177,(anonymous_10)
FN:199,(anonymous_11)
FN:223,(anonymous_12)
FN:246,(anonymous_13)
FN:268,(anonymous_14)
FN:284,(anonymous_15)
FN:299,(anonymous_16)
FN:310,(anonymous_17)
FN:321,(anonymous_18)
FN:335,(anonymous_19)
FN:349,(anonymous_20)
FN:359,(anonymous_21)
FN:373,(anonymous_22)
FN:389,(anonymous_23)
FN:575,(anonymous_24)
FN:591,(anonymous_25)
FN:603,(anonymous_26)
FN:608,(anonymous_27)
FN:621,(anonymous_28)
FN:654,(anonymous_29)
FN:662,(anonymous_30)
FN:697,(anonymous_31)
FN:731,(anonymous_32)
FN:812,(anonymous_33)
FN:850,(anonymous_34)
FN:859,(anonymous_35)
FN:863,(anonymous_36)
FN:870,(anonymous_37)
FN:876,(anonymous_38)
FN:889,(anonymous_39)
FN:940,(anonymous_40)
FN:954,(anonymous_41)
FN:967,(anonymous_42)
FN:972,(anonymous_43)
FN:983,(anonymous_44)
FN:987,(anonymous_45)
FN:994,(anonymous_46)
FN:1000,(anonymous_47)
FN:1013,(anonymous_48)
FN:1064,(anonymous_49)
FN:1073,(anonymous_50)
FN:1085,(anonymous_51)
FN:1095,(anonymous_52)
FN:1101,(anonymous_53)
FN:1111,(anonymous_54)
FN:1119,(anonymous_55)
FNF:56
FNH:40
FNDA:161,(anonymous_0)
FNDA:72,(anonymous_1)
FNDA:161,(anonymous_2)
FNDA:14,(anonymous_3)
FNDA:233,(anonymous_4)
FNDA:239,(anonymous_5)
FNDA:262,(anonymous_6)
FNDA:56,(anonymous_7)
FNDA:264,(anonymous_8)
FNDA:0,(anonymous_9)
FNDA:0,(anonymous_10)
FNDA:76,(anonymous_11)
FNDA:215,(anonymous_12)
FNDA:12,(anonymous_13)
FNDA:326,(anonymous_14)
FNDA:2,(anonymous_15)
FNDA:0,(anonymous_16)
FNDA:0,(anonymous_17)
FNDA:74,(anonymous_18)
FNDA:11,(anonymous_19)
FNDA:63,(anonymous_20)
FNDA:0,(anonymous_21)
FNDA:0,(anonymous_22)
FNDA:29,(anonymous_23)
FNDA:0,(anonymous_24)
FNDA:19,(anonymous_25)
FNDA:7,(anonymous_26)
FNDA:26,(anonymous_27)
FNDA:942,(anonymous_28)
FNDA:0,(anonymous_29)
FNDA:0,(anonymous_30)
FNDA:0,(anonymous_31)
FNDA:0,(anonymous_32)
FNDA:8,(anonymous_33)
FNDA:8,(anonymous_34)
FNDA:1,(anonymous_35)
FNDA:3,(anonymous_36)
FNDA:0,(anonymous_37)
FNDA:0,(anonymous_38)
FNDA:4,(anonymous_39)
FNDA:1,(anonymous_40)
FNDA:1,(anonymous_41)
FNDA:10,(anonymous_42)
FNDA:24,(anonymous_43)
FNDA:3,(anonymous_44)
FNDA:50,(anonymous_45)
FNDA:1,(anonymous_46)
FNDA:69,(anonymous_47)
FNDA:53,(anonymous_48)
FNDA:0,(anonymous_49)
FNDA:0,(anonymous_50)
FNDA:0,(anonymous_51)
FNDA:391,(anonymous_52)
FNDA:304,(anonymous_53)
FNDA:326,(anonymous_54)
FNDA:239,(anonymous_55)
DA:1,10
DA:2,10
DA:3,10
DA:10,161
DA:13,161
DA:22,161
DA:58,161
DA:61,161
DA:63,161
DA:64,72
DA:73,161
DA:74,161
DA:76,14
DA:77,0
DA:87,233
DA:88,72
DA:89,72
DA:94,239
DA:99,262
DA:110,56
DA:111,11
DA:112,11
DA:113,11
DA:117,56
DA:118,8
DA:122,56
DA:133,264
DA:134,63
DA:135,63
DA:136,63
DA:140,264
DA:141,11
DA:145,264
DA:156,0
DA:157,0
DA:158,0
DA:159,0
DA:163,0
DA:164,0
DA:168,0
DA:179,0
DA:180,0
DA:181,0
DA:182,0
DA:186,0
DA:187,0
DA:191,0
DA:200,76
DA:203,76
DA:204,12
DA:205,12
DA:209,76
DA:210,6
DA:214,76
DA:224,215
DA:227,215
DA:228,14
DA:229,14
DA:233,215
DA:234,4
DA:238,215
DA:247,12
DA:250,12
DA:251,3
DA:252,3
DA:256,12
DA:257,0
DA:261,12
DA:270,326
DA:271,30
DA:272,30
DA:276,326
DA:286,2
DA:287,0
DA:288,0
DA:292,2
DA:301,0
DA:302,0
DA:312,0
DA:313,0
DA:323,74
DA:324,74
DA:325,74
DA:326,0
DA:337,11
DA:338,11
DA:339,11
DA:340,0
DA:351,63
DA:352,63
DA:353,63
DA:354,0
DA:361,0
DA:362,0
DA:363,0
DA:364,0
DA:375,0
DA:376,0
DA:377,0
DA:378,0
DA:390,29
DA:392,29
DA:393,0
DA:394,0
DA:397,29
DA:398,17
DA:399,17
DA:459,29
DA:460,29
DA:463,29
DA:469,19
DA:470,19
DA:471,19
DA:473,19
DA:475,19
DA:478,19
DA:479,19
DA:481,19
DA:490,10
DA:492,4
DA:493,4
DA:495,0
DA:496,0
DA:498,6
DA:499,6
DA:501,0
DA:502,0
DA:504,0
DA:505,0
DA:508,10
DA:510,10
DA:512,10
DA:514,10
DA:517,0
DA:518,0
DA:522,29
DA:523,29
DA:524,19
DA:528,29
DA:529,29
DA:530,7
DA:531,7
DA:534,29
DA:535,19
DA:538,29
DA:539,10
DA:543,29
DA:544,8
DA:548,29
DA:549,0
DA:551,29
DA:552,0
DA:554,29
DA:555,0
DA:557,29
DA:558,0
DA:560,29
DA:561,19
DA:563,29
DA:564,0
DA:566,29
DA:567,0
DA:569,29
DA:570,25
DA:573,29
DA:574,0
DA:575,0
DA:576,0
DA:577,0
DA:578,0
DA:581,0
DA:592,19
DA:594,19
DA:595,19
DA:598,19
DA:599,0
DA:603,19
DA:604,19
DA:605,19
DA:606,19
DA:608,26
DA:609,19
DA:610,19
DA:622,942
DA:645,942
DA:656,0
DA:657,0
DA:658,0
DA:661,0
DA:662,0
DA:691,0
DA:696,0
DA:697,0
DA:733,0
DA:734,0
DA:735,0
DA:738,0
DA:739,0
DA:770,0
DA:775,0
DA:776,0
DA:777,0
DA:780,0
DA:814,8
DA:815,0
DA:816,0
DA:819,8
DA:821,8
DA:824,8
DA:827,8
DA:829,8
DA:830,8
DA:832,8
DA:833,8
DA:835,8
DA:837,8
DA:838,8
DA:841,8
DA:842,8
DA:844,8
DA:846,0
DA:851,8
DA:852,8
DA:853,8
DA:854,8
DA:855,8
DA:858,8
DA:859,1
DA:862,8
DA:863,3
DA:866,8
DA:867,8
DA:869,8
DA:870,1
DA:871,1
DA:872,1
DA:875,8
DA:876,3
DA:877,3
DA:878,3
DA:882,8
DA:887,8
DA:888,8
DA:889,4
DA:893,8
DA:894,8
DA:898,8
DA:941,1
DA:943,1
DA:946,1
DA:947,1
DA:949,1
DA:951,1
DA:955,1
DA:956,1
DA:959,1
DA:960,1
DA:962,1
DA:964,1
DA:968,10
DA:969,9
DA:973,24
DA:975,20
DA:976,20
DA:977,20
DA:978,20
DA:979,20
DA:982,20
DA:983,3
DA:986,20
DA:987,50
DA:990,20
DA:991,20
DA:993,20
DA:994,2
DA:995,2
DA:996,2
DA:999,20
DA:1000,69
DA:1001,13
DA:1002,13
DA:1006,20
DA:1011,20
DA:1012,20
DA:1013,53
DA:1017,20
DA:1018,20
DA:1022,20
DA:1065,0
DA:1066,0
DA:1074,0
DA:1075,0
DA:1076,0
DA:1078,0
DA:1086,0
DA:1096,391
DA:1098,304
DA:1102,304
DA:1104,304
DA:1112,326
DA:1120,239
DA:1124,10
LF:302
LH:218
BRDA:12,0,0,0
BRDA:76,1,0,0
BRDA:76,1,1,14
BRDA:76,2,0,14
BRDA:76,2,1,14
BRDA:87,3,0,72
BRDA:87,3,1,161
BRDA:108,4,0,0
BRDA:110,5,0,11
BRDA:110,5,1,45
BRDA:117,6,0,8
BRDA:117,6,1,48
BRDA:117,7,0,56
BRDA:117,7,1,8
BRDA:131,8,0,0
BRDA:133,9,0,63
BRDA:133,9,1,201
BRDA:140,10,0,11
BRDA:140,10,1,253
BRDA:140,11,0,264
BRDA:140,11,1,11
BRDA:154,12,0,0
BRDA:156,13,0,0
BRDA:156,13,1,0
BRDA:163,14,0,0
BRDA:163,14,1,0
BRDA:163,15,0,0
BRDA:163,15,1,0
BRDA:177,16,0,0
BRDA:179,17,0,0
BRDA:179,17,1,0
BRDA:186,18,0,0
BRDA:186,18,1,0
BRDA:186,19,0,0
BRDA:186,19,1,0
BRDA:199,20,0,0
BRDA:203,21,0,12
BRDA:203,21,1,64
BRDA:209,22,0,6
BRDA:209,22,1,70
BRDA:209,23,0,76
BRDA:209,23,1,6
BRDA:223,24,0,0
BRDA:227,25,0,14
BRDA:227,25,1,201
BRDA:233,26,0,4
BRDA:233,26,1,211
BRDA:233,27,0,215
BRDA:233,27,1,4
BRDA:234,28,0,4
BRDA:234,28,1,0
BRDA:246,29,0,0
BRDA:250,30,0,3
BRDA:250,30,1,9
BRDA:256,31,0,0
BRDA:256,31,1,12
BRDA:256,32,0,12
BRDA:256,32,1,0
BRDA:268,33,0,0
BRDA:270,34,0,30
BRDA:270,34,1,296
BRDA:284,35,0,0
BRDA:286,36,0,0
BRDA:286,36,1,2
BRDA:301,37,0,0
BRDA:301,37,1,0
BRDA:312,38,0,0
BRDA:312,38,1,0
BRDA:323,39,0,74
BRDA:323,39,1,0
BRDA:325,40,0,0
BRDA:325,40,1,74
BRDA:337,41,0,11
BRDA:337,41,1,0
BRDA:339,42,0,0
BRDA:339,42,1,11
BRDA:351,43,0,63
BRDA:351,43,1,0
BRDA:353,44,0,0
BRDA:353,44,1,63
BRDA:361,45,0,0
BRDA:361,45,1,0
BRDA:363,46,0,0
BRDA:363,46,1,0
BRDA:375,47,0,0
BRDA:375,47,1,0
BRDA:377,48,0,0
BRDA:377,48,1,0
BRDA:389,49,0,0
BRDA:392,50,0,0
BRDA:392,50,1,29
BRDA:397,51,0,17
BRDA:397,51,1,12
BRDA:438,52,0,17
BRDA:438,52,1,6
BRDA:442,53,0,17
BRDA:442,53,1,0
BRDA:443,54,0,17
BRDA:443,54,1,17
BRDA:444,55,0,17
BRDA:444,55,1,17
BRDA:445,56,0,17
BRDA:445,56,1,0
BRDA:446,57,0,17
BRDA:446,57,1,0
BRDA:448,58,0,17
BRDA:448,58,1,17
BRDA:449,59,0,17
BRDA:449,59,1,17
BRDA:450,60,0,17
BRDA:450,60,1,17
BRDA:451,61,0,17
BRDA:451,61,1,17
BRDA:452,62,0,17
BRDA:452,62,1,17
BRDA:453,63,0,17
BRDA:453,63,1,6
BRDA:454,64,0,17
BRDA:454,64,1,17
BRDA:455,65,0,17
BRDA:455,65,1,0
BRDA:463,66,0,8
BRDA:463,66,1,19
BRDA:463,66,2,19
BRDA:463,66,3,19
BRDA:463,66,4,4
BRDA:463,66,5,4
BRDA:463,66,6,10
BRDA:463,66,7,10
BRDA:463,66,8,0
BRDA:471,67,0,19
BRDA:471,67,1,0
BRDA:478,68,0,19
BRDA:478,68,1,0
BRDA:490,69,0,4
BRDA:490,69,1,0
BRDA:490,69,2,6
BRDA:490,69,3,0
BRDA:490,69,4,0
BRDA:523,70,0,19
BRDA:523,70,1,10
BRDA:529,71,0,7
BRDA:529,71,1,22
BRDA:534,72,0,19
BRDA:534,72,1,10
BRDA:538,73,0,10
BRDA:538,73,1,19
BRDA:543,74,0,8
BRDA:543,74,1,21
BRDA:543,75,0,29
BRDA:543,75,1,8
BRDA:548,76,0,0
BRDA:548,76,1,29
BRDA:551,77,0,0
BRDA:551,77,1,29
BRDA:554,78,0,0
BRDA:554,78,1,29
BRDA:557,79,0,0
BRDA:557,79,1,29
BRDA:560,80,0,19
BRDA:560,80,1,10
BRDA:563,81,0,0
BRDA:563,81,1,29
BRDA:566,82,0,0
BRDA:566,82,1,29
BRDA:569,83,0,25
BRDA:569,83,1,4
BRDA:573,84,0,0
BRDA:573,84,1,29
BRDA:594,85,0,19
BRDA:594,85,1,0
BRDA:598,86,0,0
BRDA:598,86,1,19
BRDA:656,87,0,0
BRDA:656,87,1,0
BRDA:661,88,0,0
BRDA:661,88,1,0
BRDA:661,89,0,0
BRDA:661,89,1,0
BRDA:709,90,0,0
BRDA:709,90,1,0
BRDA:711,91,0,0
BRDA:711,91,1,0
BRDA:733,92,0,0
BRDA:733,92,1,0
BRDA:738,93,0,0
BRDA:738,93,1,0
BRDA:776,94,0,0
BRDA:776,94,1,0
BRDA:792,95,0,0
BRDA:792,95,1,0
BRDA:794,96,0,0
BRDA:794,96,1,0
BRDA:814,97,0,0
BRDA:814,97,1,8
BRDA:814,98,0,8
BRDA:814,98,1,2
BRDA:858,99,0,1
BRDA:858,99,1,7
BRDA:862,100,0,3
BRDA:862,100,1,5
BRDA:869,101,0,1
BRDA:869,101,1,7
BRDA:875,102,0,3
BRDA:875,102,1,5
BRDA:882,103,0,1
BRDA:882,103,1,7
BRDA:882,104,0,8
BRDA:882,104,1,1
BRDA:882,104,2,1
BRDA:888,105,0,3
BRDA:888,105,1,5
BRDA:893,106,0,5
BRDA:893,106,1,3
BRDA:894,107,0,3
BRDA:894,107,1,5
BRDA:915,108,0,3
BRDA:915,108,1,5
BRDA:916,109,0,5
BRDA:916,109,1,3
BRDA:917,110,0,3
BRDA:917,110,1,5
BRDA:935,111,0,8
BRDA:935,111,1,8
BRDA:940,112,0,0
BRDA:941,113,0,0
BRDA:941,113,1,1
BRDA:946,114,0,1
BRDA:946,114,1,0
BRDA:947,115,0,1
BRDA:947,115,1,0
BRDA:955,116,0,0
BRDA:955,116,1,1
BRDA:959,117,0,1
BRDA:959,117,1,0
BRDA:960,118,0,1
BRDA:960,118,1,0
BRDA:968,119,0,1
BRDA:968,119,1,9
BRDA:973,120,0,4
BRDA:973,120,1,20
BRDA:982,121,0,2
BRDA:982,121,1,18
BRDA:986,122,0,13
BRDA:986,122,1,7
BRDA:993,123,0,2
BRDA:993,123,1,18
BRDA:999,124,0,13
BRDA:999,124,1,7
BRDA:1006,125,0,2
BRDA:1006,125,1,18
BRDA:1006,126,0,20
BRDA:1006,126,1,2
BRDA:1006,126,2,2
BRDA:1012,127,0,13
BRDA:1012,127,1,7
BRDA:1017,128,0,11
BRDA:1017,128,1,9
BRDA:1018,129,0,6
BRDA:1018,129,1,14
BRDA:1039,130,0,13
BRDA:1039,130,1,7
BRDA:1040,131,0,11
BRDA:1040,131,1,9
BRDA:1041,132,0,13
BRDA:1041,132,1,7
BRDA:1059,133,0,20
BRDA:1059,133,1,20
BRDA:1065,134,0,0
BRDA:1065,134,1,0
BRDA:1075,135,0,0
BRDA:1075,135,1,0
BRDA:1075,136,0,0
BRDA:1075,136,1,0
BRF:274
BRH:174
end_of_record
TN:
SF:lib/support/CacheStoreManager.js
FN:11,(anonymous_0)
FN:21,(anonymous_1)
FN:27,(anonymous_2)
FN:41,(anonymous_3)
FN:63,(anonymous_4)
FN:75,(anonymous_5)
FN:90,(anonymous_6)
FN:91,(anonymous_7)
FNF:8
FNH:7
FNDA:161,(anonymous_0)
FNDA:161,(anonymous_1)
FNDA:0,(anonymous_2)
FNDA:322,(anonymous_3)
FNDA:161,(anonymous_4)
FNDA:161,(anonymous_5)
FNDA:161,(anonymous_6)
FNDA:72,(anonymous_7)
DA:1,10
DA:2,10
DA:3,10
DA:4,10
DA:5,10
DA:12,161
DA:22,161
DA:23,161
DA:24,161
DA:27,161
DA:28,0
DA:32,161
DA:34,161
DA:42,322
DA:44,4
DA:50,12
DA:55,306
DA:64,161
DA:76,161
DA:78,0
DA:80,0
DA:82,161
DA:91,161
DA:92,72
DA:93,8
DA:94,8
DA:96,0
DA:103,10
LF:28
LH:24
BRDA:11,0,0,161
BRDA:42,1,0,4
BRDA:42,1,1,12
BRDA:42,1,2,306
BRDA:46,2,0,4
BRDA:46,2,1,4
BRDA:47,3,0,4
BRDA:47,3,1,4
BRDA:52,4,0,0
BRDA:52,4,1,12
BRDA:65,5,0,161
BRDA:65,5,1,152
BRDA:76,6,0,0
BRDA:76,6,1,0
BRDA:76,6,2,161
BRDA:92,7,0,8
BRDA:92,7,1,64
BRF:17
BRH:14
end_of_record
TN:
SF:lib/support/KeyManager.js
FN:7,(anonymous_0)
FN:8,(anonymous_1)
FN:19,(anonymous_2)
FN:49,(anonymous_3)
FN:57,(anonymous_4)
FN:71,(anonymous_5)
FN:113,(anonymous_6)
FN:119,(anonymous_7)
FNF:8
FNH:8
FNDA:161,(anonymous_0)
FNDA:499,(anonymous_1)
FNDA:1034,(anonymous_2)
FNDA:121,(anonymous_3)
FNDA:1072,(anonymous_4)
FNDA:483,(anonymous_5)
FNDA:157,(anonymous_6)
FNDA:36,(anonymous_7)
DA:1,10
DA:8,499
DA:9,161
DA:21,1034
DA:24,1034
DA:25,1034
DA:27,685
DA:28,349
DA:29,346
DA:31,346
DA:32,2
DA:35,3
DA:39,1032
DA:48,1032
DA:49,74
DA:50,121
DA:55,1032
DA:58,1072
DA:59,123
DA:61,949
DA:72,483
DA:73,0
DA:76,483
DA:77,483
DA:82,261
DA:92,104
DA:94,102
DA:95,102
DA:98,2
DA:101,118
DA:105,0
DA:114,157
DA:115,153
DA:116,151
DA:117,62
DA:118,37
DA:119,36
DA:120,15
DA:122,15
DA:123,15
DA:125,0
DA:128,0
DA:132,10
LF:43
LH:39
BRDA:19,0,0,631
BRDA:19,1,0,790
BRDA:21,2,0,1034
BRDA:21,2,1,791
BRDA:25,3,0,685
BRDA:25,3,1,349
BRDA:28,4,0,346
BRDA:28,4,1,3
BRDA:28,5,0,349
BRDA:28,5,1,347
BRDA:31,6,0,2
BRDA:31,6,1,344
BRDA:40,7,0,1032
BRDA:40,7,1,1027
BRDA:40,7,2,1014
BRDA:41,8,0,1032
BRDA:41,8,1,1028
BRDA:41,8,2,857
BRDA:41,8,3,857
BRDA:42,9,0,1032
BRDA:42,9,1,1031
BRDA:42,9,2,1022
BRDA:44,10,0,1032
BRDA:44,10,1,960
BRDA:48,11,0,74
BRDA:48,11,1,958
BRDA:48,12,0,1032
BRDA:48,12,1,74
BRDA:58,13,0,123
BRDA:58,13,1,949
BRDA:59,14,0,123
BRDA:59,14,1,2
BRDA:61,15,0,949
BRDA:61,15,1,1
BRDA:72,16,0,0
BRDA:72,16,1,483
BRDA:76,17,0,483
BRDA:76,17,1,0
BRDA:76,18,0,483
BRDA:76,18,1,483
BRDA:77,19,0,143
BRDA:77,19,1,143
BRDA:77,19,2,261
BRDA:77,19,3,104
BRDA:77,19,4,118
BRDA:84,20,0,261
BRDA:84,20,1,151
BRDA:92,21,0,102
BRDA:92,21,1,2
BRDA:114,22,0,4
BRDA:114,22,1,153
BRDA:115,23,0,2
BRDA:115,23,1,151
BRDA:116,24,0,89
BRDA:116,24,1,62
BRDA:117,25,0,25
BRDA:117,25,1,37
BRDA:118,26,0,8
BRDA:118,26,1,29
BRDA:119,27,0,14
BRDA:119,27,1,15
BRDA:120,28,0,15
BRDA:120,28,1,0
BRF:63
BRH:60
end_of_record
TN:
SF:lib/support/RuntimeConfigurationManager.js
FN:7,(anonymous_0)
FN:17,(anonymous_1)
FN:64,(anonymous_2)
FN:76,(anonymous_3)
FN:90,(anonymous_4)
FN:126,(anonymous_5)
FNF:6
FNH:6
FNDA:161,(anonymous_0)
FNDA:58,(anonymous_1)
FNDA:101,(anonymous_2)
FNDA:78,(anonymous_3)
FNDA:166,(anonymous_4)
FNDA:791,(anonymous_5)
DA:1,10
DA:8,161
DA:9,161
DA:10,161
DA:18,58
DA:19,58
DA:21,58
DA:25,58
DA:26,58
DA:32,58
DA:33,58
DA:39,0
DA:40,0
DA:47,0
DA:48,0
DA:65,101
DA:69,101
DA:77,78
DA:81,78
DA:91,166
DA:92,166
DA:96,77
DA:97,77
DA:103,77
DA:109,89
DA:110,89
DA:128,791
DA:129,791
DA:135,791
DA:137,791
DA:138,791
DA:139,791
DA:140,791
DA:142,791
DA:146,10
LF:35
LH:31
BRDA:7,0,0,0
BRDA:9,1,0,161
BRDA:9,1,1,0
BRDA:25,2,0,58
BRDA:25,2,1,0
BRDA:32,3,0,58
BRDA:32,3,1,0
BRDA:34,4,0,58
BRDA:34,4,1,58
BRDA:35,5,0,58
BRDA:35,5,1,58
BRDA:69,6,0,33
BRDA:69,6,1,68
BRDA:81,7,0,13
BRDA:81,7,1,65
BRDA:96,8,0,77
BRDA:96,8,1,76
BRDA:104,9,0,77
BRDA:104,9,1,77
BRDA:104,9,2,75
BRDA:105,10,0,77
BRDA:105,10,1,77
BRDA:105,10,2,76
BRDA:128,11,0,791
BRDA:128,11,1,753
BRDA:137,12,0,3
BRDA:137,12,1,788
BRDA:138,13,0,4
BRDA:138,13,1,787
BRDA:139,14,0,2
BRDA:139,14,1,789
BRF:31
BRH:27
end_of_record
TN:
SF:lib/support/StatisticsPersistenceManager.js
FN:4,mergeMin
FN:15,(anonymous_1)
FN:27,(anonymous_2)
FN:49,(anonymous_3)
FN:66,(anonymous_4)
FN:75,(anonymous_5)
FN:85,(anonymous_6)
FN:137,(anonymous_7)
FN:150,(anonymous_8)
FN:238,(anonymous_9)
FN:255,(anonymous_10)
FN:323,(anonymous_11)
FNF:12
FNH:8
FNDA:0,mergeMin
FNDA:161,(anonymous_1)
FNDA:8,(anonymous_2)
FNDA:8,(anonymous_3)
FNDA:391,(anonymous_4)
FNDA:304,(anonymous_5)
FNDA:6,(anonymous_6)
FNDA:0,(anonymous_7)
FNDA:0,(anonymous_8)
FNDA:3,(anonymous_9)
FNDA:3,(anonymous_10)
FNDA:0,(anonymous_11)
DA:1,10
DA:5,0
DA:6,0
DA:7,0
DA:8,0
DA:16,161
DA:17,161
DA:28,8
DA:30,6
DA:31,6
DA:34,6
DA:35,6
DA:37,0
DA:40,0
DA:50,8
DA:52,3
DA:54,3
DA:55,3
DA:56,3
DA:58,0
DA:67,391
DA:69,304
DA:76,304
DA:78,304
DA:86,6
DA:130,6
DA:138,0
DA:140,0
DA:143,0
DA:151,0
DA:174,0
DA:177,0
DA:178,0
DA:179,0
DA:180,0
DA:182,0
DA:186,0
DA:187,0
DA:188,0
DA:189,0
DA:191,0
DA:195,0
DA:196,0
DA:197,0
DA:198,0
DA:199,0
DA:203,0
DA:207,0
DA:208,0
DA:209,0
DA:210,0
DA:214,0
DA:215,0
DA:219,0
DA:220,0
DA:221,0
DA:222,0
DA:226,0
DA:227,0
DA:228,0
DA:229,0
DA:231,0
DA:239,3
DA:241,3
DA:244,3
DA:245,3
DA:247,0
DA:257,3
DA:324,0
DA:325,0
DA:327,0
DA:361,0
DA:362,0
DA:363,0
DA:364,0
DA:365,0
DA:366,0
DA:367,0
DA:368,0
DA:369,0
DA:375,10
LF:81
LH:25
BRDA:5,0,0,0
BRDA:5,0,1,0
BRDA:5,1,0,0
BRDA:5,1,1,0
BRDA:5,1,2,0
BRDA:5,1,3,0
BRDA:6,2,0,0
BRDA:6,2,1,0
BRDA:6,3,0,0
BRDA:6,3,1,0
BRDA:7,4,0,0
BRDA:7,4,1,0
BRDA:7,5,0,0
BRDA:7,5,1,0
BRDA:17,6,0,161
BRDA:17,6,1,0
BRDA:28,7,0,2
BRDA:28,7,1,6
BRDA:34,8,0,6
BRDA:34,8,1,0
BRDA:50,9,0,5
BRDA:50,9,1,3
BRDA:50,10,0,8
BRDA:50,10,1,3
BRDA:177,11,0,0
BRDA:177,11,1,0
BRDA:186,12,0,0
BRDA:186,12,1,0
BRDA:195,13,0,0
BRDA:195,13,1,0
BRDA:195,14,0,0
BRDA:195,14,1,0
BRDA:196,15,0,0
BRDA:196,15,1,0
BRDA:196,16,0,0
BRDA:196,16,1,0
BRDA:198,17,0,0
BRDA:198,17,1,0
BRDA:200,18,0,0
BRDA:200,18,1,0
BRDA:201,19,0,0
BRDA:201,19,1,0
BRDA:207,20,0,0
BRDA:207,20,1,0
BRDA:214,21,0,0
BRDA:214,21,1,0
BRDA:214,22,0,0
BRDA:214,22,1,0
BRDA:220,23,0,0
BRDA:220,23,1,0
BRDA:226,24,0,0
BRDA:226,24,1,0
BRDA:226,25,0,0
BRDA:226,25,1,0
BRDA:227,26,0,0
BRDA:227,26,1,0
BRDA:227,27,0,0
BRDA:227,27,1,0
BRDA:244,28,0,3
BRDA:244,28,1,0
BRDA:275,29,0,3
BRDA:275,29,1,2
BRDA:276,30,0,2
BRDA:276,30,1,1
BRDA:277,31,0,3
BRDA:277,31,1,2
BRDA:278,32,0,3
BRDA:278,32,1,2
BRDA:279,33,0,2
BRDA:279,33,1,1
BRDA:280,34,0,3
BRDA:280,34,1,2
BRDA:281,35,0,3
BRDA:281,35,1,3
BRDA:284,36,0,3
BRDA:284,36,1,3
BRDA:285,37,0,3
BRDA:285,37,1,3
BRDA:288,38,0,3
BRDA:288,38,1,2
BRDA:289,39,0,3
BRDA:289,39,1,3
BRDA:290,40,0,3
BRDA:290,40,1,1
BRDA:291,41,0,3
BRDA:291,41,1,3
BRDA:292,42,0,3
BRDA:292,42,1,3
BRDA:293,43,0,3
BRDA:293,43,1,3
BRDA:294,44,0,3
BRDA:294,44,1,3
BRDA:295,45,0,3
BRDA:295,45,1,1
BRDA:298,46,0,3
BRDA:298,46,1,2
BRDA:299,47,0,3
BRDA:299,47,1,3
BRDA:330,48,0,0
BRDA:330,48,1,0
BRDA:330,49,0,0
BRDA:330,49,1,0
BRDA:335,50,0,0
BRDA:335,50,1,0
BRDA:335,51,0,0
BRDA:335,51,1,0
BRDA:336,52,0,0
BRDA:336,52,1,0
BRDA:336,53,0,0
BRDA:336,53,1,0
BRDA:337,54,0,0
BRDA:337,54,1,0
BRDA:337,55,0,0
BRDA:337,55,1,0
BRDA:338,56,0,0
BRDA:338,56,1,0
BRDA:338,57,0,0
BRDA:338,57,1,0
BRDA:339,58,0,0
BRDA:339,58,1,0
BRDA:339,59,0,0
BRDA:339,59,1,0
BRDA:340,60,0,0
BRDA:340,60,1,0
BRDA:340,61,0,0
BRDA:340,61,1,0
BRDA:341,62,0,0
BRDA:341,62,1,0
BRDA:341,63,0,0
BRDA:341,63,1,0
BRDA:342,64,0,0
BRDA:342,64,1,0
BRDA:342,65,0,0
BRDA:342,65,1,0
BRDA:345,66,0,0
BRDA:345,66,1,0
BRDA:349,67,0,0
BRDA:349,67,1,0
BRDA:355,68,0,0
BRDA:355,68,1,0
BRDA:355,69,0,0
BRDA:355,69,1,0
BRDA:357,70,0,0
BRDA:357,70,1,0
BRDA:357,71,0,0
BRDA:357,71,1,0
BRDA:361,72,0,0
BRDA:361,72,1,0
BRDA:362,73,0,0
BRDA:362,73,1,0
BRDA:363,74,0,0
BRDA:363,74,1,0
BRDA:364,75,0,0
BRDA:364,75,1,0
BRDA:365,76,0,0
BRDA:365,76,1,0
BRDA:366,77,0,0
BRDA:366,77,1,0
BRDA:367,78,0,0
BRDA:367,78,1,0
BRDA:368,79,0,0
BRDA:368,79,1,0
BRF:162
BRH:47
end_of_record
TN:
SF:lib/support/TagResolver.js
FN:7,(anonymous_0)
FN:8,(anonymous_1)
FN:18,(anonymous_2)
FN:28,(anonymous_3)
FN:65,(anonymous_4)
FN:79,(anonymous_5)
FN:84,(anonymous_6)
FN:103,(anonymous_7)
FNF:8
FNH:8
FNDA:350,(anonymous_0)
FNDA:39,(anonymous_1)
FNDA:278,(anonymous_2)
FNDA:173,(anonymous_3)
FNDA:44,(anonymous_4)
FNDA:82,(anonymous_5)
FNDA:91,(anonymous_6)
FNDA:7,(anonymous_7)
DA:1,11
DA:8,350
DA:20,278
DA:23,81
DA:28,81
DA:30,173
DA:31,27
DA:35,146
DA:36,0
DA:40,146
DA:41,45
DA:46,45
DA:50,101
DA:51,39
DA:56,39
DA:63,39
DA:65,44
DA:68,39
DA:74,39
DA:78,62
DA:79,51
DA:80,82
DA:82,81
DA:83,81
DA:84,91
DA:87,81
DA:89,78
DA:90,78
DA:95,78
DA:100,11
DA:101,6
DA:102,6
DA:103,7
DA:106,6
DA:108,5
DA:109,5
DA:114,5
DA:117,5
DA:121,81
DA:125,11
LF:40
LH:39
BRDA:18,0,0,163
BRDA:18,1,0,94
BRDA:20,2,0,197
BRDA:20,2,1,81
BRDA:23,3,0,12
BRDA:23,3,1,69
BRDA:24,4,0,48
BRDA:24,4,1,21
BRDA:25,5,0,9
BRDA:25,5,1,12
BRDA:30,6,0,27
BRDA:30,6,1,146
BRDA:35,7,0,0
BRDA:35,7,1,146
BRDA:35,8,0,146
BRDA:35,8,1,146
BRDA:40,9,0,45
BRDA:40,9,1,101
BRDA:50,10,0,39
BRDA:50,10,1,62
BRDA:52,11,0,34
BRDA:52,11,1,5
BRDA:53,12,0,39
BRDA:53,12,1,0
BRDA:57,13,0,39
BRDA:57,13,1,36
BRDA:58,14,0,39
BRDA:58,14,1,36
BRDA:59,15,0,39
BRDA:59,15,1,36
BRDA:78,16,0,51
BRDA:78,16,1,11
BRDA:78,17,0,62
BRDA:78,17,1,54
BRDA:80,18,0,1
BRDA:80,18,1,81
BRDA:82,19,0,10
BRDA:82,19,1,71
BRDA:87,20,0,3
BRDA:87,20,1,78
BRDA:89,21,0,78
BRDA:89,21,1,68
BRDA:100,22,0,6
BRDA:100,22,1,5
BRDA:101,23,0,1
BRDA:101,23,1,5
BRDA:106,24,0,1
BRDA:106,24,1,5
BRDA:108,25,0,5
BRDA:108,25,1,4
BRF:50
BRH:48
end_of_record
TN:
SF:srv/caching-api-service.js
FN:6,(anonymous_0)
FN:9,(anonymous_1)
FN:24,(anonymous_2)
FN:39,(anonymous_3)
FN:60,(anonymous_4)
FN:71,(anonymous_5)
FN:81,(anonymous_6)
FN:91,(anonymous_7)
FN:100,(anonymous_8)
FN:109,(anonymous_9)
FNF:10
FNH:10
FNDA:7,(anonymous_0)
FNDA:3,(anonymous_1)
FNDA:2,(anonymous_2)
FNDA:6,(anonymous_3)
FNDA:5,(anonymous_4)
FNDA:13,(anonymous_5)
FNDA:6,(anonymous_6)
FNDA:2,(anonymous_7)
FNDA:1,(anonymous_8)
FNDA:1,(anonymous_9)
DA:1,7
DA:4,7
DA:9,7
DA:10,3
DA:11,3
DA:12,3
DA:13,3
DA:14,3
DA:15,3
DA:16,3
DA:18,0
DA:19,0
DA:24,7
DA:25,2
DA:26,2
DA:27,2
DA:28,2
DA:29,2
DA:30,2
DA:31,2
DA:33,0
DA:34,0
DA:39,7
DA:40,6
DA:41,6
DA:42,6
DA:43,6
DA:44,6
DA:45,10
DA:52,6
DA:54,0
DA:55,0
DA:60,7
DA:61,5
DA:62,5
DA:63,5
DA:64,5
DA:65,5
DA:71,7
DA:72,13
DA:73,13
DA:74,13
DA:75,13
DA:76,13
DA:77,13
DA:81,7
DA:82,6
DA:83,6
DA:84,6
DA:85,6
DA:86,6
DA:87,6
DA:91,7
DA:92,2
DA:93,2
DA:94,2
DA:95,2
DA:96,2
DA:100,7
DA:101,1
DA:102,1
DA:103,1
DA:104,1
DA:105,1
DA:109,7
DA:110,1
DA:111,1
DA:112,1
DA:113,1
DA:114,1
DA:117,7
DA:124,7
LF:72
LH:66
BRDA:15,0,0,2
BRDA:15,0,1,1
BRDA:30,1,0,1
BRDA:30,1,1,1
BRF:4
BRH:4
end_of_record
TN:
SF:test/app/srv/app-service.js
FN:4,(anonymous_0)
FN:8,(anonymous_1)
FN:13,(anonymous_2)
FN:25,(anonymous_3)
FN:25,(anonymous_4)
FN:45,(anonymous_5)
FN:50,(anonymous_6)
FN:54,(anonymous_7)
FN:59,(anonymous_8)
FNF:9
FNH:6
FNDA:7,(anonymous_0)
FNDA:7,(anonymous_1)
FNDA:0,(anonymous_2)
FNDA:0,(anonymous_3)
FNDA:0,(anonymous_4)
FNDA:11,(anonymous_5)
FNDA:67,(anonymous_6)
FNDA:2,(anonymous_7)
FNDA:1,(anonymous_8)
DA:1,7
DA:5,7
DA:8,7
DA:9,7
DA:11,7
DA:12,0
DA:13,0
DA:16,0
DA:17,0
DA:20,0
DA:23,0
DA:25,0
DA:27,0
DA:30,0
DA:33,0
DA:34,0
DA:35,0
DA:42,0
DA:45,7
DA:47,11
DA:48,11
DA:50,7
DA:51,67
DA:52,67
DA:54,7
DA:55,2
DA:56,2
DA:57,2
DA:59,7
DA:60,1
DA:61,1
DA:63,7
DA:67,7
LF:33
LH:20
BRDA:11,0,0,7
BRDA:11,0,1,0
BRDA:13,1,0,0
BRDA:13,1,1,0
BRDA:16,2,0,0
BRDA:16,2,1,0
BRDA:23,3,0,0
BRDA:23,3,1,0
BRDA:23,4,0,0
BRDA:23,4,1,0
BRDA:25,5,0,0
BRDA:25,5,1,0
BRDA:33,6,0,0
BRDA:33,6,1,0
BRF:14
BRH:1
end_of_record
